1	13558415	1089	28	50294607	24	71603
2	35616023	3837	28	25779007	0	37895
3	11833671	994	28	40254007	97	59268
4	36031279	3782	28	21736431	0	88026
5	20207999	1607	28	50925999	100	54332
6	48212111	5253	28	24695855	0	86167
7	16706855	1553	28	39471351	69	57187
8	39894247	4108	28	25158415	0	58535
9	17429471	1660	28	39628919	100	65174
10	37428831	3820	28	17651935	1	60921
11	20307999	1628	28	52418831	5	73610
12	47865415	5211	28	65247719	100	76659
13	20470615	1704	28	20219183	0	57290
14	48007735	5156	28	37774615	48	62515
15	16655839	1548	28	22543423	5	70332
16	38443239	3959	28	53156311	100	60604
17	17915319	1592	28	84778679	100	61981
18	46715911	4891	28	51289895	100	73148
19	16470743	1565	28	24862959	5	72158
20	42973783	4393	28	39400983	100	57351
21	18813319	1641	28	27722311	0	74498
22	47376751	4989	28	49643263	100	56682
23	15944215	1509	28	27821935	5	76679
24	44137095	4506	28	75292927	100	70233
25	16742119	1595	28	54754143	100	79363
26	42245847	4315	28	25968151	0	70776
27	17590567	1596	28	49862487	97	69045
28	42953479	4463	28	26099583	0	61564
29	18454503	1599	28	39812807	100	87109
30	46926863	4954	28	13060479	0	67911
31	15847047	1503	28	27842479	33	88277
32	43040263	4395	28	27577687	0	74703
33	12555783	1250	28	62368015	98	82558
34	32381255	3227	27	83106983	100	71443
35	16829271	1554	28	58294151	97	85545
36	40586015	4184	28	23726695	4	86894
37	18345055	1594	28	41757159	100	60873
38	46943311	4950	28	27579383	0	89784
39	15980679	1497	28	47616719	93	84977
40	43992743	4513	28	15656071	0	75239
41	18856111	1618	28	36991823	0	54477
42	47352319	5018	28	12461919	1	72279
43	13232351	1317	28	28707447	5	62173
44	32379447	3221	28	23512943	0	78785
45	17019455	1635	28	41025447	0	76268
46	38712055	3934	28	26283359	0	85766
47	14432135	1437	28	35074319	97	59342
48	38412759	3849	28	13033759	0	57276
49	18526559	1576	28	27814735	48	86898
50	46453671	4937	28	23820559	0	57631
51	17155775	1462	28	60377783	97	84541
52	45772119	4841	28	84317999	100	73602
53	17236063	1572	28	83492239	100	67743
54	43395719	4493	28	50790279	100	86230
55	15378095	1460	28	25084639	5	75357
56	43933023	4482	28	62944895	100	40834
57	17451943	1644	28	51020671	100	69209
58	42023303	4310	27	20515343	0	66869
59	18497015	1585	28	48473071	5	51706
60	46599551	4934	28	28088559	0	83273
61	15344935	1440	28	48990767	100	72659
62	43319767	4441	28	16536591	0	84807
63	16712983	1553	28	36486951	5	69524
64	40105679	4124	28	21153423	0	73645
65	23703927	2200	28	50794199	88	88240
66	72896247	6854	28	24663975	0	59739
67	61979839	6845	28	57478391	97	42649
68	22746279	2268	28	77673007	100	86881
69	63513503	6116	28	76838399	100	88275
70	59820959	6235	28	79094655	100	74518
71	23768343	2251	28	60418695	97	56132
72	72914271	7154	28	26750239	0	85852
73	61677143	6470	28	65048351	100	73673
74	24832503	2250	28	60834415	97	62863
75	79615079	7800	28	22204663	5	60155
76	82655863	8564	28	49874071	0	59716
77	79314151	7961	28	21684255	0	71842
78	53664823	5526	28	50351959	100	62912
79	23887903	2337	28	16722663	5	74821
80	69805799	6968	28	34284231	0	64558
81	56900823	5793	28	27218935	0	51264
82	19117647	1911	28	72201711	100	55669
83	52639591	5271	28	57601343	97	89056
84	23697287	2226	28	27221647	0	73429
85	69406199	6999	28	68253383	100	59760
86	53519279	5457	28	58685519	100	69049
87	17629047	1760	28	25548623	5	72086
88	43532495	4346	28	48317967	100	58258
89	22427503	2136	28	27241599	0	55778
90	66367615	6374	28	48568087	100	71459
91	81258599	8346	28	15771359	5	86726
92	55861367	5780	28	38366295	76	59508
93	21774951	2105	28	26262999	0	82941
94	52554855	5346	28	47670311	100	78172
95	23048831	2311	28	17116327	5	78471
96	44262135	4414	28	37268263	100	74781
97	22357183	2140	28	25518423	0	70230
98	66463031	6589	28	63059135	0	85514
99	55873071	5755	28	59622647	97	76332
100	16311543	1610	28	13597175	0	85889
101	44955271	4519	28	31557991	48	72768
102	21887303	2148	28	26922607	0	71901
103	41441423	4177	28	73410479	97	85894
104	23844023	2309	28	58455503	100	44072
105	53052351	5388	28	27421367	0	74495
106	23399367	2214	28	70862079	97	75403
107	73312847	7336	28	59162271	97	88377
108	74529367	7439	28	23144487	0	85419
109	60180551	6203	28	58156319	0	75713
110	16216055	1619	28	59272431	100	84478
111	61423847	6022	28	23958631	5	85266
112	76197199	7693	28	64071919	100	93943
113	58729551	5965	28	62116447	100	54671
114	22826135	2124	28	13432591	0	73841
115	52261807	5400	28	51955687	97	78019
116	14627647	1451	28	56817663	100	73491
117	32366719	3217	28	23349735	0	93367
118	16369087	1628	28	37286663	0	62788
119	44120191	4404	28	26944551	5	71970
120	23285431	2163	28	72686215	100	86654
121	50917791	5260	28	59019711	100	55776
122	22783351	2171	28	13139999	0	95200
123	48598583	4975	28	27999727	5	76008
124	14474183	1268	27	25741871	0	70542
125	25984295	2780	28	39350879	100	70574
126	11288127	969	27	28020911	0	62677
127	30751719	3228	28	72501735	97	42791
128	13171431	1142	27	58395175	100	71669
129	31135743	3297	28	24416151	0	43121
130	15214879	1406	28	42466343	100	82962
131	33817375	3508	28	23411159	5	85396
132	11792119	1015	28	73366695	100	80730
133	33514999	3525	28	51074847	100	87355
134	14700167	1242	27	20962671	0	86186
135	31339863	3370	28	49126959	53	56334
136	15606895	1353	27	24042511	0	75165
137	30921631	3301	28	50881167	100	59046
138	15038535	1301	28	17281623	1	58169
139	28056087	3010	27	40705511	5	73009
140	14192607	1256	27	20346431	0	77668
141	32431551	3415	28	50289319	100	56440
142	14246239	1313	27	12546311	0	83875
143	29394175	3052	28	29597647	5	60760
144	13049303	1107	28	25248351	0	84247
145	31818215	3388	28	40297319	100	81011
146	13753519	1200	27	24912903	0	74008
147	30394359	3225	28	42671911	97	67351
148	17229679	1574	28	25146887	0	72588
149	27419151	2894	28	38042303	100	70433
150	14062511	1180	28	28471207	0	76965
151	31250783	3360	28	65455791	97	58640
152	14079511	1282	28	78752655	100	52226
153	28876143	3008	28	72255671	100	83124
154	13987775	1236	28	86774239	100	73521
155	28384135	3002	28	84693055	97	70521
156	12438567	1070	28	77403599	100	42542
157	25617263	2731	28	58899231	100	67138
158	15998575	1473	28	23378567	0	52999
159	32916295	3425	28	37448847	97	77288
160	12691031	1155	28	28127767	0	82372
161	27827159	2890	28	46200919	98	74370
162	14013151	1349	28	27745015	0	38241
163	35520303	3614	27	67878207	97	57287
164	14266823	1255	28	61324191	100	72284
165	26495207	2817	28	27556687	0	75275
166	14186343	1285	28	74299495	100	94315
167	30011415	3128	28	74615327	97	83608
168	10186847	935	28	72933207	100	52869
169	24628439	2528	28	87672167	100	77298
170	13723919	1186	27	80598559	97	70751
171	27412559	2924	28	56580471	97	71564
172	14776423	1330	28	27405375	0	59547
173	31036231	3252	28	72855511	100	49167
174	13524135	1234	28	55731391	100	72292
175	34406583	3563	27	28575039	5	73432
176	13587271	1171	28	60160391	100	53807
177	35648071	3759	28	84385231	100	71954
178	16440335	1507	28	81626079	100	56463
179	29926055	3135	28	75190359	97	40308
180	13950407	1225	28	81248639	100	82166
181	34300479	3612	28	80663455	100	74515
182	15121607	1339	28	79342095	100	78435
183	33218031	3509	28	58697727	97	72151
184	13979431	1220	27	21730391	0	72478
185	37528711	3943	28	48379639	0	69267
186	16802471	1483	28	20886719	0	58829
187	34724327	3671	28	66034959	97	63998
188	17816695	1621	27	82617095	100	57510
189	33972831	3558	28	80801447	100	57006
190	12521679	1065	28	84872047	100	87533
191	38322735	4028	27	54249535	97	78302
192	16700647	1503	28	21606911	0	86936
193	33365087	3502	28	69392383	56	70117
194	13383919	1170	28	57534367	100	84748
195	39732567	4153	27	14691847	5	64870
196	14647671	1265	27	44540087	76	81986
197	39142735	4130	28	77321591	100	72525
198	13996695	1218	28	80484383	100	50808
199	39149031	4103	28	85590823	97	87049
200	13608855	1189	28	51598711	100	86398
