1	33834279	3359	26	33847695	5	32235
2	12855639	1268	26	12867647	0	39500
3	54234343	5409	24	54246351	2	24663
4	69123399	6756	27	69136535	0	30938
5	18191967	1984	26	19468359	97	48889
6	32537079	3216	28	34013095	4	41061
7	9763063	952	27	11036575	24	31649
8	34593575	3415	28	37016887	0	13013
9	10334015	1038	28	13052551	97	11887
10	41279983	4122	28	57286031	0	46587
11	10734047	1056	28	20264383	68	32848
12	54031615	5396	28	54045031	1	26331
13	9917327	964	27	9929335	5	19172
14	59100543	5905	28	59112551	0	35788
15	11522447	1136	28	11535583	100	22549
16	42127895	4176	28	42139903	0	23448
17	10525047	1036	28	10535935	21	19013
18	58133959	5787	28	73210055	0	35691
19	14786807	1528	28	16746711	100	24482
20	46332199	4610	28	46344207	0	27341
21	82939679	8268	28	82951687	97	10352
22	80308815	8056	28	80319703	100	28992
23	15452807	1617	27	15465943	100	24335
24	55004295	5487	26	55016303	0	21594
25	61432103	6022	27	61444111	29	21477
26	22964799	2426	28	22977935	100	29142
27	48995127	4913	28	49008543	0	18514
28	77861319	7741	28	77873327	8	22455
29	19255991	1967	28	19267999	97	8478
30	58466215	5852	28	58479351	0	19514
31	11216775	1107	27	29578831	100	3136
32	22365815	2186	28	24794975	0	36169
33	71970887	7209	27	71982895	13	44934
34	17133927	1700	28	17147063	96	31732
35	58176503	5812	28	58185527	0	25979
36	9381199	915	28	9393207	56	30045
37	41907303	4176	28	47678135	5	38433
38	77246919	7711	27	79525127	100	8167
39	19876943	2030	28	19888951	100	3529
40	65084567	6525	28	65096575	0	27001
41	68168935	6823	27	68182071	97	25970
42	78604175	7827	27	78617591	100	14759
43	19566199	2019	28	19578207	100	18246
44	38890967	3877	27	38902975	1	26285
45	11084255	1078	27	11097391	53	17836
46	39306999	3922	28	39319007	0	17747
47	70034839	6918	28	73398655	48	20804
48	18237495	1910	28	41811599	100	5871
49	40962927	4063	27	41642727	21	11706
50	7446183	738	27	7458191	24	5794
51	28143375	2738	27	28155383	0	21337
52	13766135	1412	28	17361447	100	12273
53	42095055	4213	28	51819951	5	15941
54	77590791	7690	27	88673279	100	23622
55	17515679	1848	27	31260023	100	11027
56	43525151	4354	28	53308295	0	19768
57	78556807	7845	27	85156159	97	13987
58	20581495	2094	24	21804191	100	21898
59	43483007	4349	25	68838895	0	16046
60	8945815	879	26	19082471	0	17752
61	53294711	5323	28	53306719	5	11643
62	8640631	842	25	8652639	0	13004
63	62747127	6284	27	62761671	0	7708
64	10258015	1009	27	14397063	56	9437
65	22336623	2177	27	28279791	5	23166
66	69789175	6969	28	78047799	0	5468
67	15179655	1516	27	18988223	100	20695
68	55096679	5480	25	59560367	0	9420
69	10991223	1093	24	17886255	97	19239
70	56066863	5622	25	76269663	0	21518
71	15231623	1508	22	26996383	100	10526
72	59292479	5936	22	59304487	0	9721
73	14560063	1439	24	30204919	97	28622
74	61138039	6114	24	72630023	96	28727
75	73331767	7311	24	82533351	100	18592
76	18738239	1926	27	26092695	97	20326
77	55657767	5535	28	75816887	5	14999
78	20023567	2059	27	35173047	100	14288
79	25840399	2520	26	25852407	0	15854
80	7508791	732	27	7520799	0	14847
81	33075727	3217	26	33087735	5	27388
82	11263695	1112	24	16669103	100	11602
83	30563311	3022	24	35441751	0	28853
84	10387583	1014	25	33746775	0	15267
85	33757983	3357	24	49574495	97	23575
86	8953671	872	26	8971199	28	23383
87	52734783	5277	28	52749775	0	15440
88	71182175	7063	26	74846487	16	22477
89	19018719	1956	27	22205559	97	23321
90	55375679	5522	28	59937487	0	29491
91	81937063	8196	27	86033471	100	13397
92	17995247	1861	27	25579015	100	29263
93	25633175	2504	28	30063087	5	15910
94	7878479	770	28	17854591	0	38557
95	25637527	2528	28	34161855	0	21531
96	10393239	1019	28	42702807	0	22333
97	42223823	4213	28	64477167	97	3312
98	74284759	7385	28	74863951	100	6191
99	20487983	2113	27	34890599	100	8619
100	37250327	3704	27	50067383	100	18114
101	14192039	1403	28	16972295	61	17943
102	48229607	4798	28	51726735	0	7723
103	66047615	6388	28	68596607	100	27173
104	24255791	2648	28	29163031	100	12664
105	55398855	5565	28	79605951	5	11012
106	15270463	1527	27	21625015	64	11929
107	13687007	1302	27	13699015	0	19734
108	3522455	333	27	3535591	29	14053
109	52712023	5266	27	57302943	5	14713
110	72319647	7222	27	77704431	64	17046
111	13439247	1340	28	21904527	100	5833
112	50098615	5005	27	59834279	100	30989
113	9500543	925	27	14060263	5	32156
114	30641375	3023	28	39728855	0	18722
115	71915279	7192	28	85924663	16	4373
116	17207455	1730	27	20588143	100	11279
117	55622759	5559	27	61447335	5	15538
118	10741191	1049	28	15036759	0	22881
119	42108511	4207	27	71574887	0	11457
120	9040543	888	26	24153471	0	12426
121	27968063	2714	28	27980071	5	23911
122	6429687	626	28	6441695	0	11921
123	43344343	4324	28	43357479	0	16434
124	73830055	7391	27	73840943	0	19907
125	16810535	1671	27	18932175	81	28878
126	29280511	2886	28	37755991	0	14146
127	7584719	740	26	13716863	0	25818
128	25256463	2484	26	31007455	0	15454
129	10102167	981	25	30735735	53	46809
130	53830431	5373	26	63327279	0	13733
131	71983439	7190	28	71995447	30	13415
132	15446711	1530	28	15529039	100	40929
133	54947887	5491	28	59060031	5	38082
134	10166119	996	28	22131967	48	6024
135	27118639	2681	28	39950487	0	13142
136	9314031	906	28	14334591	36	31099
137	49641551	4977	28	52195567	5	16853
138	14934071	1471	27	21200399	88	5805
139	58790847	5815	28	82045551	0	65148
140	14433695	1531	27	19618087	97	38951
141	53568975	5342	26	59702415	5	30328
142	9374079	910	27	16005951	0	22961
143	59977631	6008	27	68200999	0	29789
144	11397599	1126	27	18705751	32	29385
145	29502359	2884	28	40928031	5	6888
146	7989775	782	28	27402831	44	25013
147	28888919	2859	28	28900927	0	24654
148	14515551	1434	28	33545207	60	15444
149	38271743	3545	28	101365287	97	33771
150	18416767	2149	28	46393247	100	14417
151	37042927	3673	28	103458551	100	53108
152	66059463	6613	28	80553079	100	12647
153	20095847	2061	28	20108983	97	33007
154	58209679	5823	28	58221687	0	34545
155	68836239	6858	28	68849655	0	36294
156	20702399	2084	27	20714407	100	43428
157	61144527	6121	27	61157663	5	17473
158	11498535	1120	27	11507559	16	30844
159	28109263	2753	27	28121271	0	22516
160	65643271	6514	26	65655287	0	24408
161	19519215	2006	27	19531223	97	53665
162	64207663	6430	28	64219671	0	25421
163	11242183	1108	27	11254191	0	40249
164	62997183	6309	27	63480999	0	21010
165	11727887	1148	27	11744287	5	9629
166	36665495	3645	28	36677503	0	4597
167	73850399	7349	27	73862407	88	8639
168	72164807	7096	28	72177943	100	27118
169	87178583	8947	28	90003775	97	24552
170	15619495	1544	28	20335991	48	6331
171	53207311	5325	28	62819271	0	9228
172	9009751	880	27	28296383	9	12642
173	44762679	4447	28	44771703	5	20670
174	71282055	7075	28	71294063	0	5031
175	22388983	2310	28	22403527	100	4746
176	21856503	2114	27	21865527	0	4754
177	6187335	596	28	6199343	29	20358
178	32861039	3240	28	35903679	0	22053
179	10666855	1049	28	16910831	0	15750
180	52165567	5201	28	56161351	0	16399
181	10719927	1061	28	13607591	97	16265
182	27986975	2735	28	46246983	4	21254
183	10205519	1046	28	19794047	100	32354
184	55459279	5530	28	55471287	0	14076
185	14484119	1478	27	14496127	97	27089
186	59421631	5934	28	59436175	0	12948
187	72828647	7237	28	72971151	28	10615
188	20117999	2077	28	24660103	100	24728
189	53203487	5325	28	57456559	5	16196
190	75837311	7609	27	80576135	100	7488
191	19681151	1964	28	28921511	0	16256
192	43491311	4337	28	62230543	100	19111
193	9815215	973	28	9827223	5	28308
194	23519647	2305	28	23532335	0	32669
195	73034495	7223	27	73046503	0	16712
196	18231271	1900	28	18244687	100	11938
197	58923463	5895	28	61738583	5	26763
198	9708831	947	28	14573751	16	35828
199	33280063	3278	28	36032223	100	14264
200	11965263	1194	28	15611255	100	11183
