1	79031847	7943	28	93978519	100	75573
2	78168743	7841	28	84286135	8	62721
3	80360143	8071	28	82886439	5	85134
4	80611231	8093	28	82023111	100	73046
5	901311	89	28	84489695	98	62645
6	65076647	6529	28	85257263	100	65314
7	78286351	7849	28	20386911	77	64217
8	76916327	7721	28	79360615	4	74254
9	925151	89	28	82769399	36	75993
10	53117399	5291	28	80767839	28	83091
11	77426863	7776	28	5804743	77	71513
12	79969623	8024	28	73175327	0	64672
13	1233511	128	28	90813255	100	80179
14	71311199	7152	28	89713087	57	66321
15	78901455	7925	28	10644615	97	87564
16	79037903	7932	28	82527647	0	85500
17	1635759	157	28	80862391	99	70979
18	74744567	7452	28	80577487	28	63916
19	767127	75	28	6707135	13	64051
20	55075311	5507	28	79164839	0	70726
21	830639	82	28	8799367	100	71397
22	75726207	7554	28	82169943	100	86593
23	798495	79	28	11583991	29	64636
24	73601671	7339	28	79899383	0	82384
25	78046503	7836	28	23242911	56	69221
26	799903	79	28	73623423	0	84049
27	74984135	7508	28	79919447	5	83748
28	80108007	8024	28	6633847	56	84839
29	957607	96	28	81210247	0	70775
30	58411519	5852	28	87439855	0	72192
31	80366319	8066	28	17641847	5	87129
32	80721383	8026	28	84140015	56	92919
33	82851495	8386	28	86220615	20	92886
34	733247	71	28	85411423	16	91627
35	63382287	6326	28	87161495	97	91554
36	76739775	7698	28	9327423	0	88331
37	80979103	8130	28	82274151	100	72927
38	1366631	134	28	80947615	100	73726
39	64706271	6485	28	86375207	57	74692
40	837215	83	28	7792311	48	85675
41	68313303	6811	28	88090399	100	70580
42	749687	78	28	12087815	12	87250
43	40353903	4026	28	73829991	5	64493
44	77325855	7744	28	13457047	0	80083
45	81539335	8183	28	56558783	4	89022
46	80127815	8039	28	83148751	100	94671
47	888511	89	28	87362487	5	92864
48	66343735	6621	28	85164471	56	85008
49	78548847	7872	28	6927943	100	92098
50	2198871	105	28	72276335	0	90379
51	67725191	6914	28	87583191	61	63578
52	78319663	7868	28	19878855	100	90629
53	963951	92	28	90714183	100	81427
54	71467743	7127	28	82465135	0	86075
55	964295	94	28	4293351	33	87480
56	59959663	6018	28	76176007	0	86283
57	79099319	7936	28	14852279	100	92686
58	76707551	7696	28	72774407	0	63909
59	80448007	8069	28	85015583	97	74892
60	1493039	145	28	83002671	100	88517
61	61235359	6145	28	85501847	48	78256
62	77912447	7820	28	7013511	84	80053
63	78604471	7886	28	88562807	5	82299
64	76544983	7665	28	87093183	20	84600
65	77452111	7782	28	84422351	8	76424
66	936991	91	28	83096255	60	95135
67	74949655	7489	28	98113023	5	74190
68	78605679	7917	28	10444127	72	69372
69	78361319	7858	28	91268367	0	89660
70	1077879	113	28	90835311	100	88235
71	65916671	6615	28	91860287	5	73221
72	78992455	7928	28	20008663	100	92835
73	75990775	7622	28	88266583	100	82743
74	76796431	7707	28	87014791	56	75219
75	80622735	8095	28	82417679	21	64115
76	82561023	8288	28	76816447	72	87323
77	78783175	7889	28	80644767	88	84170
78	78141663	7839	28	86622191	89	81857
79	1200879	115	28	83472423	29	84888
80	52890215	5290	28	88363607	24	89846
81	726415	71	28	24418695	48	92829
82	67367159	6706	28	84262703	100	70909
83	78396535	7867	28	5752887	9	62377
84	76762127	7702	28	75764247	0	81821
85	77037199	7706	28	85309927	28	76101
86	77032255	7709	28	82655439	0	71961
87	971287	94	28	86030191	5	87216
88	48415519	4836	28	80357711	56	81707
89	81288663	8172	28	8797183	100	87953
90	81707815	8198	28	76265767	0	72810
91	967999	92	28	87709543	97	83537
92	78775327	7902	28	90766687	24	72995
93	77266879	7761	28	9736871	76	65354
94	1023423	99	28	90575935	0	73672
95	70055127	6984	28	91969167	5	77669
96	821247	81	28	5401623	88	89860
97	76789407	7688	28	75282303	0	89635
98	79899735	8020	28	6750879	72	62376
99	77746303	7810	28	87691607	5	84701
100	811679	79	28	89264935	0	78845
101	56789327	5694	28	90583663	0	87159
102	79714031	7983	28	24187223	36	84582
103	77365351	7765	28	85322455	5	73584
104	80848335	8119	28	87268295	48	79015
105	79958239	8033	28	77381935	0	85303
106	947455	92	28	80867647	100	61098
107	78680015	7898	28	93097575	5	88179
108	78371639	7869	28	12340935	24	81227
109	1146007	106	28	88540719	0	92205
110	74082023	7436	28	89909351	9	92030
111	1006823	99	28	11816839	53	93035
112	76452607	7683	28	94509143	0	68627
113	75964231	7597	28	25720511	100	70372
114	81576951	8183	28	101999727	24	79516
115	1265863	122	28	79037639	21	76176
116	77338191	7744	28	81596295	72	93253
117	79824639	8006	28	5071831	48	79217
118	1291727	133	28	89296447	0	86767
119	75671023	7583	28	91400175	97	69898
120	808055	79	28	9262175	100	74365
121	56964303	5688	28	89518295	0	84095
122	78371743	7868	28	19043247	36	65276
123	812863	79	28	75049967	5	80046
124	71643207	7146	28	85001463	12	84233
125	77343127	7765	28	4416535	56	85854
126	81692847	8190	28	76337591	0	92529
127	77168335	7744	28	96179503	5	63935
128	77148831	7725	28	82096895	48	73747
129	764991	75	28	86737863	56	67404
130	74142311	7435	28	87464719	100	80166
131	78793039	7888	28	10445807	33	64322
132	77304991	7739	28	86799271	0	62628
133	79658519	7993	28	82756927	74	68942
134	78145311	7842	28	82536111	0	60050
135	79883279	8009	28	83833303	5	76487
136	1154991	113	28	82568175	4	58477
137	74777135	7468	28	91727671	0	71233
138	799103	79	28	23050207	100	77708
139	75439847	7546	28	79879223	25	71035
140	80523079	8088	28	21501559	100	74874
141	77282311	7753	28	84103311	0	83944
142	77744383	7794	28	83737231	1	59663
143	83127743	8353	28	83320343	29	65741
144	1240647	120	28	84445863	76	81584
145	73665911	7391	28	88945679	16	74334
146	77794415	7752	28	17277703	100	82444
147	79318799	7992	28	93360591	5	86721
148	81739495	8204	28	82882927	56	88519
149	1081839	103	28	85235415	100	92503
150	58795535	5891	28	86718079	36	84891
151	82918887	8320	28	14882567	25	94011
152	81724775	8199	27	85125111	100	71321
153	76827583	7716	28	90639383	24	58619
154	76591215	7686	28	88888751	72	81951
155	1674631	93	28	86556727	5	83224
156	73305655	7433	28	82968079	100	82009
157	79220591	7950	28	16623823	16	87410
158	920743	89	28	97016127	100	85971
159	72354535	7261	28	85519999	13	70519
160	77565159	7779	28	17698047	72	83268
161	80469039	8048	28	93005919	100	73757
162	78507391	7880	28	88147623	8	85945
163	799359	79	28	85152679	33	70298
164	66861351	6676	28	85393879	0	89242
165	1313999	135	28	7203047	56	80861
166	46687711	4679	28	78682951	0	66456
167	77365887	7744	28	18586447	97	92084
168	798671	79	28	64819447	0	88966
169	73481879	7332	28	82529159	28	93060
170	865583	87	28	5012855	0	67568
171	51610815	5144	28	77375079	5	70070
172	875135	86	28	8156775	100	63414
173	70421223	7034	28	76499935	0	91455
174	81656015	8190	28	17905031	37	85270
175	78810207	7918	28	79385751	5	80909
176	76651375	7690	28	89530999	0	74397
177	78944239	7917	28	87685463	28	88002
178	78472215	7876	28	78453351	28	78776
179	77020735	7735	28	83095919	77	82345
180	2013967	122	28	83255911	48	83744
181	72754879	7376	28	84863927	24	79284
182	856999	83	28	20957991	100	78621
183	76578023	7690	28	89390191	97	74610
184	75408895	7548	28	5257095	28	88072
185	5171599	148	28	88389551	0	80461
186	72198671	7611	28	83815279	0	83155
187	1047863	109	28	28538519	5	69497
188	60814863	6086	28	88241591	100	83900
189	1082167	106	28	6188775	100	73510
190	73636927	7349	28	80849103	0	75089
191	80153135	8044	28	12634375	5	67279
192	983263	94	28	78351079	0	87650
193	65885663	6585	28	84328383	0	92633
194	801759	79	28	4884279	40	92429
195	74294775	7422	28	80060287	5	75963
196	76859407	7684	28	16501319	0	92679
197	77769735	7830	28	80811367	0	62935
198	874591	84	28	80121607	0	81958
199	67809535	6772	28	83905503	21	63786
200	912607	89	28	13324055	56	70302
