1	9358639	917	27	23821287	5	16817
2	48073423	4800	28	48085431	0	18105
3	9850239	961	27	9864783	100	29715
4	50388255	5022	27	50400263	0	23006
5	9149359	889	27	9161367	29	24944
6	55029327	5490	28	55040887	0	25942
7	73713247	7355	27	74552511	28	25355
8	74288439	7419	26	78569095	100	15294
9	18762119	1925	27	21293399	97	42305
10	54587455	5461	28	65474927	0	38115
11	12457711	1242	28	33504559	100	41023
12	31416919	3107	28	31428927	0	28188
13	72191615	7208	27	72205031	5	34328
14	18855551	1901	28	18868687	100	6861
15	56419975	5639	28	56431983	0	26336
16	10884151	1064	27	10895199	0	40111
17	63238295	6343	26	64503207	5	33391
18	11630559	1145	27	19678279	36	50256
19	39707095	3932	27	46688607	100	16260
20	71334815	7112	27	80169975	25	27141
21	17440863	1790	27	30604679	97	7743
22	27552391	2718	26	41433647	100	48342
23	5175447	501	26	5186975	48	49396
24	30593047	3033	26	30600279	0	16226
25	69920647	6954	26	69930935	41	11133
26	18731095	1912	27	21174615	100	14570
27	61020687	6131	27	67143271	0	12611
28	16051463	1602	26	23141831	84	32074
29	49611735	4922	27	55142815	5	35066
30	12708511	1310	26	15231767	100	7699
31	50670519	5070	27	56860959	0	33458
32	9721303	955	27	23529895	72	14947
33	54173743	5402	26	70574479	5	10467
34	17722095	1803	27	17730775	100	5039
35	28392759	2760	26	28402271	0	29338
36	11281343	1156	26	11290735	100	21633
37	33184319	3297	26	33194207	5	20745
38	10004135	980	26	10007607	4	13243
39	46825727	4685	26	50853823	0	12396
40	19775343	1984	27	23611751	100	15178
41	29663807	2966	27	48036223	5	15028
42	13949775	1399	27	23244799	100	26298
43	50868783	5089	25	50875775	0	42255
44	9498959	925	27	9507231	0	38372
45	65384375	6552	27	65391679	5	19085
46	73353527	7366	27	73360831	100	14178
47	18302991	1826	26	18680111	100	34224
48	22074311	2112	26	26769983	0	35364
49	15898807	1650	25	18749263	97	7871
50	51702319	5176	26	55348711	0	6432
51	11182103	1092	28	16723015	0	10554
52	45341703	4541	27	68620319	1	11213
53	10233623	1002	27	10778191	25	32075
54	51400039	5141	27	51409391	0	23028
55	64643351	6454	27	64653895	56	8442
56	20214543	2036	27	20224183	100	11178
57	60385231	6059	27	60394871	5	14385
58	12723783	1251	27	14437895	0	19100
59	61296183	6145	26	64293375	0	12575
60	8911431	880	24	20238303	0	20698
61	43253599	4333	27	59838159	5	42461
62	9694407	950	27	10930983	64	20703
63	31994439	3146	27	32004879	0	40538
64	71908799	7138	27	71918663	0	18363
65	18061823	1868	27	18072359	97	14576
66	45753535	4540	27	45764783	0	12529
67	11189119	1105	27	12130079	24	5992
68	25647583	2526	26	27434119	0	11844
69	9811863	958	27	11103207	41	6216
70	53897359	5354	26	55698063	0	27071
71	16959727	1741	26	19321959	100	32799
72	35154247	3507	28	50297479	0	35063
73	11504559	1136	28	23033399	97	13357
74	37628159	3761	27	37640167	0	13055
75	73942911	7407	27	73953799	36	31411
76	14840023	1474	27	14850815	8	17753
77	50959703	5068	27	50972839	5	32935
78	74596639	7442	26	74614167	100	15080
79	16389415	1698	26	16401423	100	22791
80	49207631	4932	27	59710991	0	12098
81	7630551	767	27	14176295	65	15522
82	29231431	2863	27	29243439	0	11156
83	13058447	1318	26	13070007	100	11061
84	48660071	4839	26	48673487	1	16863
85	77656095	7779	26	77668111	97	23254
86	19240559	1976	26	19252567	100	26725
87	52579959	5257	27	52591967	0	14453
88	9478023	931	27	9490711	8	24663
89	48837255	4885	26	48849263	5	15210
90	73832055	7345	24	73845471	8	12270
91	17258791	1773	23	17270799	100	32606
92	57835759	5788	23	57848895	0	27281
93	14754975	1464	26	29552519	53	25694
94	38125735	3784	25	44225103	24	16186
95	68635647	6822	26	68649063	0	40005
96	20159831	2080	25	20172967	100	6961
97	54960615	5501	25	54972047	5	16993
98	8562023	831	25	8577503	0	8311
99	59639151	5973	25	59652287	0	23408
100	12423599	1234	26	20416375	28	16185
101	55177367	5513	25	55188127	5	9867
102	10009375	974	25	10019015	0	23386
103	34998167	3472	26	35009671	0	17232
104	68598823	6700	25	68610255	0	16109
105	21590047	2327	26	21600999	97	7186
106	60780207	6090	26	60789047	0	20107
107	11735199	1157	27	11744175	2	35505
108	60307487	6038	27	60316871	0	26604
109	10358023	1009	26	17059431	17	32592
110	43448071	4341	27	62147159	4	5073
111	76896735	7693	26	79126487	100	12740
112	18840759	1928	25	18850399	100	24967
113	56696279	5674	26	56705535	5	11848
114	11237911	1099	26	14637783	48	27216
115	39806103	3974	28	51791247	0	21507
116	13114079	1299	27	22525943	1	48649
117	28132279	2790	27	41667055	5	34028
118	10354831	1022	27	17122871	100	22516
119	55974295	5619	27	65852855	0	44069
120	12426271	1235	27	27126343	56	48514
121	53851215	5219	28	67092895	5	26911
122	20112655	2212	28	28846767	100	30662
123	56236103	5627	27	56248111	0	14686
124	10904831	1068	28	10916391	0	10336
125	62087687	6228	27	62100823	5	19347
126	12674391	1248	27	14920463	60	30515
127	53423663	5339	27	61179823	0	22943
128	9591839	935	27	16699783	4	34738
129	60292863	6038	27	64328591	5	37965
130	72813431	7259	27	77433399	100	31884
131	19400431	1981	27	25881671	100	43378
132	61414207	6104	27	73612535	0	40425
133	17347927	1807	28	37430711	97	25884
134	56479103	5647	27	57350343	36	21272
135	9461279	922	26	15716207	0	33225
136	52175399	5238	25	71249839	0	27547
137	11929631	1178	26	19948391	77	33999
138	50098623	5018	26	58692031	100	33650
139	10208719	999	27	33735103	24	17574
140	33102047	3294	27	46656343	0	34648
141	13718191	1358	26	13730071	5	52098
142	52254183	5202	27	52266191	0	28010
143	18188927	1846	28	18200935	100	58549
144	50717199	5078	27	53810623	0	34836
145	9291967	911	27	16214479	5	41153
146	51890663	5186	28	71503063	0	26337
147	15592823	1583	27	33309687	100	35586
148	55191663	5514	25	57786287	1	26083
149	10584999	1033	27	10625935	41	30526
150	54426551	5444	27	57196135	0	27658
151	11353447	1108	27	14059871	72	9680
152	60482239	6066	25	65390255	0	10530
153	70537903	7021	25	79333063	5	19613
154	17357551	1786	26	29781071	100	3890
155	58737719	5849	25	68171031	0	25109
156	12162119	1262	25	20989367	100	38737
157	53931871	5413	27	70996215	5	25241
158	16268775	1641	27	37747911	100	50963
159	27703007	2709	27	41631959	24	45403
160	74073711	7427	26	74085271	100	43019
161	19030071	1926	25	27113911	97	13480
162	57981887	5712	26	74613151	0	13469
163	16056415	1711	27	21607615	100	21289
164	36206511	3602	28	40152599	8	31436
165	13000303	1287	26	15546455	21	5014
166	56554007	5573	27	59117943	0	38044
167	16955687	1796	27	38769359	100	20448
168	57635951	5788	27	68581111	0	32466
169	80274047	7989	27	80286055	77	32213
170	74325487	7458	27	74338175	100	10120
171	18912031	1941	27	23555623	100	45999
172	55349751	5538	27	60712871	0	19460
173	9279439	910	26	16139655	13	8309
174	49363311	4858	27	56295471	8	33442
175	8976239	959	27	16013527	100	11239
176	59885687	6008	27	66851519	0	25432
177	13678479	1356	27	27173703	97	22600
178	24474095	2414	27	33010759	0	17051
179	10236431	1007	27	15153183	0	43754
180	49564559	4949	27	53502295	1	17598
181	9668151	948	27	32706159	5	41417
182	40093231	4013	27	62165519	100	40745
183	61297183	6103	27	61309191	36	43907
184	66956391	6695	27	66968399	24	36206
185	80589743	8018	27	80602431	97	30007
186	73301495	7378	27	73313503	100	28999
187	21441423	2186	26	22117111	100	10983
188	36571471	3630	23	45654575	0	14662
189	5381231	518	20	10906503	33	50566
190	29651647	2923	22	35229135	0	26745
191	8465271	835	23	28890695	0	59679
192	28357167	2802	24	39752823	100	8538
193	76036447	7615	27	76049583	97	14654
194	16555463	1655	26	16566799	100	22964
195	53165271	5314	27	56346783	0	18414
196	10452351	1030	26	20873591	64	26192
197	35233279	3402	28	47855255	5	28120
198	11803639	1284	26	17635927	100	49955
199	38294879	3812	28	42565671	0	35761
200	71494455	6964	26	76742527	92	14615
