1	77142767	7742	28	89293119	100	88246
2	1400775	142	28	83900799	8	89641
3	70522687	7083	28	91571303	5	68866
4	723327	71	28	19489631	100	72814
5	75372383	7549	28	95565919	0	87989
6	78272919	7826	28	15397839	1	83251
7	907791	87	28	84869271	5	77943
8	64626039	6444	28	85680703	24	68339
9	78435255	7875	28	10505623	0	60992
10	76925151	7716	28	71491367	0	83893
11	1267375	124	28	89377711	5	67846
12	77367159	7762	28	91823991	56	81234
13	904919	90	28	14200431	100	66800
14	75075119	7524	28	94815615	0	87236
15	78156903	7841	28	16146175	97	72579
16	1074815	103	28	87958711	0	79187
17	64972159	6504	28	88275111	8	80389
18	77272311	7756	28	8718367	20	62273
19	1002935	98	28	78594815	5	85801
20	76608983	7686	28	88273679	48	74542
21	79486935	7977	28	23433599	76	87610
22	78992231	7925	28	91513287	0	89094
23	77475775	7781	28	85266135	61	86888
24	82324375	8266	28	86879015	72	68356
25	78192311	7857	28	90530663	100	89549
26	885055	87	28	87946567	32	73212
27	58961879	5880	28	92032423	5	67994
28	801895	79	28	21323671	100	85437
29	50451607	5057	28	77376647	0	86283
30	76510831	7677	28	14058079	100	69997
31	78265359	7864	28	86576631	5	82572
32	724255	71	28	85822311	0	63904
33	74238215	7450	28	81217919	96	88437
34	78373255	7874	28	23273231	0	75264
35	869919	84	28	94400215	5	68424
36	62234543	6240	28	79866975	28	74220
37	77802679	7790	28	8040511	0	49795
38	78584367	7891	28	85227575	97	86935
39	78730479	7899	28	83609783	5	90683
40	82706479	8296	28	84981511	0	93098
41	817591	81	28	84008271	36	82775
42	74245055	7407	28	88508735	56	84073
43	76935287	7735	28	5513287	21	87789
44	2386559	123	28	84098175	0	80518
45	77687223	7921	28	89180087	100	79882
46	1078111	107	28	16271695	100	82858
47	53975183	5412	28	100744391	97	65927
48	77965327	7807	28	7861775	0	89841
49	77102183	7728	28	86927767	0	92265
50	848767	84	28	87111911	12	77524
51	60680695	6059	28	83980295	5	70030
52	715087	71	28	15006503	36	80974
53	70926799	7118	28	84971911	100	51814
54	79371471	7968	28	24091991	0	85654
55	882383	87	28	93011871	5	86126
56	65426631	6553	28	89070623	0	84751
57	79316175	7919	28	12299759	56	91140
58	77771343	7833	28	88175591	100	82556
59	1185263	126	28	82709471	53	86477
60	76140215	7609	28	82477919	100	76133
61	79237343	7961	28	22697295	88	70527
62	953087	93	28	87982239	60	84684
63	72020679	7188	28	84452255	97	87668
64	76512575	7661	28	7592535	0	87603
65	734223	71	28	77844103	0	83914
66	49163415	4888	28	83618015	0	78656
67	76123255	7609	28	21212479	5	77854
68	80016927	8013	28	63982191	0	71759
69	76371831	7639	28	77886463	0	79610
70	81001207	8130	28	82148903	57	66695
71	801271	79	28	79793399	5	74334
72	71815687	7170	28	88431343	48	71207
73	812183	79	28	29193807	0	82379
74	74889759	7524	28	80212095	100	83248
75	76612895	7664	28	6372615	53	70679
76	919447	89	28	98508623	0	80104
77	76609055	7670	28	81956879	36	86684
78	720063	71	28	8758087	0	66925
79	46536351	4635	28	86138215	97	79615
80	79220175	7924	28	8954847	0	63740
81	76907495	7719	28	73734095	0	73767
82	826431	79	28	86737079	20	85305
83	68110295	6794	28	80029471	41	65367
84	77273911	7755	28	13953495	56	86017
85	77366415	7693	28	81022095	0	81973
86	75974063	7640	28	77295559	56	67429
87	1501831	148	28	81420935	5	74453
88	75033023	7494	28	79689519	100	84226
89	78646599	7897	28	5721119	84	81762
90	820031	79	28	79676423	0	79698
91	74425791	7426	28	91760151	5	77060
92	846895	83	28	23511935	100	67445
93	71712703	7164	28	77535591	2	86464
94	807543	79	28	4982031	56	87914
95	75318007	7511	28	82467303	5	88002
96	77175751	7759	28	30831735	60	70540
97	77317319	7736	28	79849511	52	79347
98	810439	79	28	80081407	100	85294
99	76680287	7669	28	80738815	13	68085
100	77003607	7703	28	27203055	100	80630
101	78280103	7837	28	89699423	16	83764
102	76822367	7711	28	84221575	1	89475
103	938623	91	28	85208687	41	66199
104	59640831	5959	28	84503375	100	81842
105	80789727	8117	28	6188055	36	72567
106	79612775	7984	28	83011303	0	86671
107	78089103	7832	28	80813487	33	85075
108	925775	90	28	83086223	56	82266
109	67599719	6743	28	82218879	28	91250
110	736343	71	28	10469863	100	78906
111	65199487	6541	28	80502919	5	66926
112	76610919	7672	28	24594119	0	65040
113	821311	79	28	90764327	100	85380
114	73566551	7344	28	82416839	28	68573
115	76291471	7653	28	23769943	93	86821
116	80432495	8071	28	79259975	0	82040
117	76478959	7659	28	76312839	72	86117
118	79601319	7989	28	82018751	56	90559
119	80214679	8053	28	85776983	5	79376
120	961887	94	28	88736279	0	72320
121	61221471	6128	28	88071399	88	56060
122	77762687	7793	28	13192863	36	89755
123	77482151	7764	28	86834559	5	83866
124	852135	91	28	83373351	0	80645
125	70327503	7050	28	81882815	0	70523
126	908759	88	28	10980439	8	75997
127	72423711	7189	28	94405679	5	71654
128	77421399	7804	28	6033599	36	89823
129	1288991	127	28	75379503	0	72267
130	52981407	5290	28	82423791	100	73615
131	965895	97	28	11475399	97	79886
132	68276983	6815	28	77250287	0	88848
133	78472007	7868	28	14318303	100	73546
134	1080327	114	28	71789447	1	74293
135	55235887	5500	28	83887319	33	84961
136	81569095	8189	28	16966519	100	90320
137	1137007	109	28	63289975	100	93418
138	58436455	5842	28	88209127	0	67725
139	802463	79	28	5770759	97	74138
140	76567487	7660	28	79423399	0	73677
141	730567	71	28	2520919	12	85616
142	73511431	7379	28	78845751	0	83806
143	787671	78	28	12015511	5	80333
144	62597263	6245	28	88487087	0	70265
145	78171935	7826	28	26989175	96	87720
146	943535	93	28	71091447	0	72042
147	64622359	6435	28	81004007	5	67940
148	76423047	7674	28	4958959	100	82785
149	80150967	8041	27	73730655	0	69144
150	76366623	7660	28	95151991	16	89133
151	79979903	8025	28	82113039	93	82438
152	956735	92	28	79174639	36	67459
153	77498503	7772	28	82461519	28	72459
154	80382295	8070	28	7778343	40	84695
155	1369031	91	28	87751503	5	67870
156	62540071	6266	28	91736519	0	89043
157	80654623	8104	28	24966767	100	71142
158	79705167	8007	28	75823519	100	83436
159	1301183	125	28	86042423	97	84030
160	57977255	5793	28	85257975	28	86573
161	732727	73	28	17263111	56	67296
162	72158415	7240	28	83673703	100	83712
163	82240615	8249	28	8150703	5	75021
164	81502951	8178	28	95028423	0	88319
165	80084055	8036	28	82262143	28	79603
166	76669631	7699	28	81909079	1	70224
167	1034679	96	28	86199967	77	84334
168	58008351	5789	28	92425607	0	66801
169	78518207	7879	28	14757447	0	79727
170	1016775	99	28	78990183	0	85333
171	61189567	6134	28	92608183	5	64393
172	902991	87	28	12644703	100	88064
173	79010063	7933	28	90911151	64	93730
174	78637719	7895	28	13897911	16	77354
175	77268287	7758	28	95009135	5	80630
176	77966807	7818	28	88781951	100	66805
177	76864031	7710	28	78727743	36	86989
178	1134447	107	28	82253191	0	88478
179	67042071	6684	28	82257127	57	88013
180	873951	93	28	8221423	8	89901
181	67939919	6805	28	77134807	0	70728
182	79352159	7967	28	22982151	0	80988
183	960335	94	28	90548359	5	80406
184	73121991	7345	28	85265303	24	79858
185	715647	71	28	5425807	72	90805
186	63553935	6378	27	88528687	0	87117
187	78115639	7816	28	20081463	100	92894
188	79595999	7984	28	75196111	100	81852
189	938735	91	28	83783207	36	68159
190	52203391	5206	28	85261983	0	84683
191	80801111	8123	28	20609815	5	74087
192	81297359	8163	28	82793639	0	76639
193	82383471	8269	28	83660271	100	61808
194	76166735	7627	28	84127215	72	82269
195	80818903	8118	28	85399999	13	81047
196	798823	79	28	78912559	88	62579
197	64990983	6515	28	83922991	100	77300
198	78499607	7882	28	26573623	57	71752
199	77985727	7830	28	79563959	5	78063
200	81111191	8144	28	92207655	0	81293
