1	8937471	1020	24	52620327	100	26806
2	128935	11	23	57199223	48	27883
3	1465703	142	24	48002719	98	23914
4	1905263	63	23	58126447	32	27135
5	14164415	1545	23	37536079	100	25471
6	177607	16	22	36554279	24	27971
7	2445239	240	22	40201567	97	26406
8	1239599	97	23	35779287	48	21006
9	13773191	1411	24	41724711	100	25502
10	1080623	55	23	35163919	24	24091
11	11262095	1180	23	42484287	98	28833
12	1391231	73	23	34820879	24	16263
13	13670775	1436	22	40384463	99	24519
14	1065911	91	23	36256687	0	20269
15	8428831	853	24	40725183	98	14651
16	1291063	27	23	34788575	24	31613
17	13319359	1441	24	44916527	100	5251
18	1013023	99	25	34725303	24	28024
19	13058591	1315	24	47115879	73	15522
20	928847	92	23	34425943	24	26589
21	10671447	1073	24	38878647	100	33798
22	271759	26	23	34942319	25	26600
23	4657719	465	22	42089911	97	31398
24	361639	35	23	36904095	24	32926
25	13109367	1318	22	39036879	100	17364
26	987359	53	21	36478303	24	33870
27	13430871	1396	23	38575855	97	15990
28	1001271	38	24	35199023	32	33979
29	12569655	1326	22	41284151	100	25613
30	540639	28	23	36022671	24	31991
31	7377271	756	23	40499535	98	32312
32	1681183	79	25	35954791	24	14533
33	17793519	1871	22	41757391	100	34661
34	2155455	116	23	34319815	28	26133
35	16862567	1790	24	42594999	97	33477
36	2260847	87	24	33881519	24	19145
37	14799407	1622	22	44567567	98	5018
38	1592959	71	22	34457119	24	14706
39	12895567	1380	22	40910551	29	27654
40	1161839	41	23	35155927	8	31109
41	10211047	1098	23	38431359	100	9216
42	1368135	71	24	36914255	24	29271
43	8302375	900	23	36444255	97	27863
44	364935	35	23	35255943	28	25953
45	5871967	587	21	37063999	98	29149
46	1096991	109	20	34814415	28	20278
47	14926559	1501	20	40280863	99	24160
48	1303639	27	21	34028663	24	22688
49	10199567	1125	20	41132855	100	23065
50	2171967	77	20	33799247	24	4500
51	13389247	1481	22	44397335	69	21969
52	187015	17	21	37093871	32	25296
53	3129775	303	21	36538775	100	22382
54	625415	56	22	34954687	33	24574
55	8669535	875	22	40497831	97	18981
56	2903031	99	20	34204919	36	4219
57	15964423	1798	22	42243151	100	23589
58	296871	27	19	35491911	24	23380
59	6193647	620	21	42386863	97	19980
60	1739599	33	22	35445199	32	25302
61	9984783	1144	21	38569871	100	22686
62	1963711	85	25	33894567	32	22113
63	16610279	1776	22	35149135	29	22238
64	2087407	117	23	35581951	20	22270
65	18587247	1955	24	31727031	76	16283
66	90303	7	19	10157007	8	23897
67	1049943	105	24	12140183	13	22680
68	1430991	21	24	11132183	8	22340
69	14852551	1610	23	22770719	97	15367
70	1566535	46	25	10973223	8	23416
71	17283967	1843	24	20252047	97	6513
72	2367647	38	24	11287751	8	22532
73	19094567	2117	26	22601527	100	17309
74	1786183	39	23	11026839	8	18379
75	17850223	1934	24	17570983	97	21032
76	11394087	1144	23	22234463	83	20197
77	13815423	1389	23	21978391	99	16584
78	632295	50	21	10844519	0	17156
79	11659943	1181	24	19661935	97	18855
80	1114735	110	22	10260719	8	15031
81	17378951	1748	24	13953439	13	20728
82	1285999	103	24	10165831	12	23078
83	15837151	1617	23	22023231	8	19106
84	1824231	95	26	10911327	9	20316
85	16771271	1774	21	22313279	99	17577
86	16053463	1614	24	21457591	99	9090
87	1437703	138	26	10561039	0	21406
88	15081095	1520	23	16627959	97	23155
89	1590167	8	24	11585063	8	19913
90	17796239	1940	26	26671671	100	20652
91	699711	69	24	12102863	8	20003
92	14349367	1440	22	25748095	97	18995
93	1595559	90	24	12099447	8	19805
94	14718103	1549	23	23768079	100	20373
95	703575	69	22	11494879	8	24687
96	8769879	876	24	21920303	97	19062
97	18501063	2001	25	19046151	100	21469
98	393015	38	23	11184623	12	19378
99	5691551	566	25	17249271	98	20830
100	1228975	12	23	10354631	0	20513
101	17557951	1876	25	15104719	0	18254
102	330831	25	22	10960399	8	25610
103	15790671	1590	23	23880487	13	19263
104	1678583	105	23	11125879	8	19748
105	16039719	1675	22	19090511	100	21143
106	1506607	12	22	12009311	8	18277
107	15352071	1682	25	22318751	97	21413
108	1622127	3	26	10127543	8	17642
109	17143143	1883	22	12695695	8	23754
110	402343	39	23	10527831	8	17219
111	15902127	1599	22	17847911	5	13626
112	709511	70	25	12604087	8	20692
113	16281671	1636	24	24879775	97	23565
114	1215983	13	23	10163615	1	28532
115	17931079	1911	25	15495511	100	24705
116	1308815	106	23	11651527	8	23405
117	14738495	1503	22	18844919	100	25403
118	692695	62	24	11936655	8	26697
119	11053255	1112	23	25382167	13	22971
120	381767	37	25	27417143	8	2133
121	14230439	1429	23	65111343	100	24282
122	1168927	26	25	81111631	76	25166
123	17061631	1806	22	82816199	97	23716
124	1055327	32	22	97711295	100	41
125	17118599	1794	22	61735959	100	4723
126	1148607	114	24	98147447	56	25995
127	14319279	1439	24	64620175	97	25589
128	1102151	35	24	91961071	56	3283
129	16597423	1743	24	63361159	100	20286
130	14224399	1429	23	62166671	97	25074
131	224503	21	24	100648903	100	17292
132	3955159	393	24	70663303	100	29393
133	1020431	31	23	100378439	100	27627
134	17758439	1856	23	63377983	97	31734
135	1173815	48	23	98793559	100	4952
136	16718295	1750	23	68434663	97	28376
137	1202815	9	25	96458879	100	28496
138	17853375	1906	22	63770279	99	16771
139	760055	75	23	95770311	100	22444
140	14565559	1463	24	65764607	99	9680
141	1150759	61	25	95009991	100	31813
142	16106391	1673	23	62955607	99	29007
143	204687	19	24	95710407	48	29096
144	4171327	415	24	65020695	98	27810
145	1831591	44	25	94988311	97	26847
146	17161991	1865	24	63329319	99	5594
147	54983	5	26	91709191	48	31327
148	3630535	361	22	63976479	100	22820
149	1133943	104	24	95376479	100	28139
150	15949935	1612	23	70696727	97	34684
151	1981103	10	24	99213847	100	32046
152	18653663	2064	25	62925975	100	35291
153	452703	43	24	93118663	64	19113
154	14241327	1433	22	82413735	97	35197
155	587247	51	23	99777055	100	26713
156	16400487	1654	23	63786055	100	27661
157	605343	59	24	86420535	72	34224
158	8959175	896	25	83802079	97	30723
159	876775	4	25	99495695	100	35914
160	17192087	1812	25	60927191	100	26273
161	1083031	32	23	97627599	56	24458
162	16552287	1740	22	65659231	95	20351
163	634111	62	24	91232279	64	20507
164	8314319	830	22	66254359	98	23176
165	17516975	1883	28	60082695	97	23466
166	683695	62	25	89108783	56	17111
167	15767567	1589	22	61546583	98	20477
168	1790919	53	25	87908647	88	22405
169	15364055	1671	25	61684183	97	20752
170	999583	47	23	88268279	88	25450
171	15131031	1573	23	60124999	100	23817
172	1913567	31	23	87720863	72	21979
173	16467799	1816	24	64471031	97	5047
174	911295	35	25	86260015	0	20885
175	16993103	1764	26	63802847	100	2144
176	896863	85	23	86208775	57	22164
177	13810359	1390	21	74955063	97	23572
178	1572423	54	25	80835919	56	23627
179	15182343	1629	21	60406039	100	3100
180	11915855	1231	23	62508607	98	24522
181	1346751	41	25	69829055	48	22113
182	14596519	1561	23	62789975	100	21914
183	1258791	23	24	63970719	48	22151
184	12891839	1398	25	66375791	97	22524
185	1227023	122	23	67270591	48	18140
186	15055591	1514	24	65220783	99	15110
187	433495	42	23	65854423	48	22966
188	12619839	1267	23	63144031	97	5684
189	1909343	70	22	59859287	48	17697
190	14542095	1581	23	62544311	98	18199
191	1629439	49	22	68264463	48	19028
192	13278383	1444	22	65148455	98	15412
193	2038591	99	23	70001623	48	20588
194	16750799	1783	23	61830983	100	12451
195	2159551	69	24	68207343	48	11358
196	16604055	1812	23	65478879	98	20548
197	2034607	97	22	65585575	0	17015
198	15478479	1657	25	64491375	99	20149
199	2000367	67	23	68302951	48	17951
200	16434687	1780	23	63449543	97	19264
