1	19859607	2135	22	63714311	100	27016
2	943303	93	24	100711815	100	20274
3	15408191	1547	23	70676503	100	29893
4	2130071	35	21	99304671	100	2595
5	19852247	2174	25	78074655	97	25427
6	887767	73	24	101162783	100	12890
7	13213631	1337	22	72419903	100	22591
8	1691903	35	24	98733391	56	20129
9	19429519	2086	23	72576375	97	19580
10	530687	52	23	93995751	56	21085
11	16919295	1701	23	74484247	100	17057
12	1230535	88	24	91687359	56	20546
13	16723911	1711	24	71424191	97	21515
14	2369711	64	23	88524471	56	18788
15	18699263	2052	21	72213295	98	20398
16	1386847	138	24	87880039	64	19103
17	15657135	1569	22	73382927	97	18770
18	1758383	36	24	85599975	56	20258
19	17981903	1946	24	76389495	100	19311
20	1071759	106	24	86845887	72	5058
21	15507591	1557	21	73023831	97	21260
22	2905303	55	23	81308479	64	21362
23	19198383	2166	24	82914167	100	23968
24	1286663	95	22	84609023	97	25275
25	16368735	1678	23	83378943	97	18295
26	1041647	79	23	78304983	100	18235
27	15868023	1618	22	71329663	100	14943
28	1490799	98	24	66851023	48	16526
29	21760455	2237	23	70879559	97	20564
30	659943	65	24	61321471	60	17260
31	15209951	1526	23	69297311	100	21042
32	1986879	90	24	66800039	48	18690
33	23360423	2457	24	72841735	97	16772
34	17713871	1780	23	68266287	100	21154
35	2151439	95	24	66940551	48	18634
36	24336127	2566	23	69954767	97	19814
37	1268679	63	24	69265703	48	17103
38	22525391	2328	24	68574823	100	17172
39	1142679	112	24	64723823	48	12311
40	17792847	1788	24	73396015	97	15284
41	3699295	119	23	64798879	48	16701
42	24321935	2697	23	71947911	100	16524
43	1290575	108	24	60158847	48	14077
44	18521095	1881	24	68436959	41	19146
45	1215231	90	23	66299799	48	18331
46	21820775	2224	24	68856455	100	20842
47	731543	52	24	65965959	48	18974
48	16276239	1655	23	69152199	97	17789
49	1619111	153	24	65052823	48	13444
50	21491967	2168	23	69729319	100	19386
51	789559	78	24	64957615	36	17639
52	17095631	1717	24	68568679	99	20103
53	2817039	101	24	66423511	36	16876
54	23762495	2570	24	69667695	99	17695
55	1516495	123	23	66579143	49	20942
56	20206815	2059	23	69234975	97	19399
57	1177695	105	24	65958199	48	19661
58	17938103	1814	24	69955543	99	19981
59	2841911	104	23	66145543	48	19642
60	23422519	2535	23	69900759	97	16099
61	668087	58	24	62699103	48	17352
62	17224951	1738	24	68579583	100	18313
63	1965055	172	24	65430527	48	20456
64	22747335	2311	24	71219735	99	17732
65	1478079	132	24	60663151	0	18626
66	20147415	2041	24	68899031	100	18934
67	702591	62	24	65878935	48	15106
68	13493407	1361	24	69647775	97	17985
69	2626791	118	24	63146143	48	15136
70	22780727	2423	23	67947967	100	15039
71	2815103	98	24	63506903	48	16811
72	23489159	2537	24	69431479	97	14737
73	2762831	135	23	61455519	48	16238
74	23209423	2466	23	69144111	100	16586
75	452919	43	24	62172455	36	18930
76	5558567	541	23	66567919	97	17995
77	1813503	98	25	61430375	48	15526
78	21730767	2268	25	66669615	100	16409
79	1414415	75	24	60866031	56	15747
80	20204695	2097	23	65002439	99	14103
81	403599	39	23	62085167	48	14819
82	5606599	556	24	66340143	100	14070
83	1038519	56	25	60476207	48	15161
84	20987711	2157	23	62786351	97	16142
85	580695	57	24	60248207	48	16047
86	13540399	1358	23	56661079	99	16146
87	2377927	191	24	35736415	25	16482
88	29176679	2980	24	55264535	100	14239
89	1028735	102	24	34992791	0	14975
90	14950743	1501	24	48769151	64	17680
91	2195767	169	23	36353719	16	13231
92	29541799	3020	24	56767127	99	15479
93	1119951	111	24	34341191	24	11436
94	18442479	1853	24	51233503	24	14072
95	893175	87	23	36469039	29	15964
96	18688103	1877	24	57755839	100	17943
97	1378567	137	24	35367143	24	12598
98	23779159	2390	24	55831119	100	24868
99	122735	12	23	35478895	24	27974
100	26079839	2622	24	51288775	99	15972
101	3494119	216	24	37891111	28	2859
102	30263823	3177	23	57697079	99	23152
103	13394311	1342	23	52051023	99	25819
104	1485623	115	24	35497839	0	13629
105	25395103	2585	24	55276383	98	10539
106	1406199	140	23	34999607	28	29920
107	22343223	2246	22	49770015	80	26644
108	491967	48	24	35898575	28	28188
109	11568767	1159	24	54918871	100	21767
110	2389463	146	24	34947495	24	12620
111	28786655	2986	24	50464151	29	22604
112	700231	69	24	37131127	28	20015
113	22485551	2259	24	57182527	95	18404
114	2732463	145	23	35779263	24	23363
115	27847415	2927	24	53571791	99	20006
116	878287	87	24	35454391	24	25377
117	13695535	1373	25	51334799	100	24965
118	26342271	2647	23	56887663	99	20470
119	1691895	141	24	35025943	28	26414
120	24157223	2455	24	50602711	100	25454
121	1779535	169	24	36173471	28	26156
122	22830439	2302	23	56107247	100	27178
123	2089295	157	25	35686351	28	17577
124	25575391	2623	24	53538487	98	22358
125	1206623	104	25	34986639	24	19494
126	23808015	2409	25	46831887	98	21537
127	2430207	151	25	36831655	0	17921
128	30308439	3139	24	55963047	100	21628
129	949815	94	23	37075951	0	17976
130	17074247	1714	23	56739863	97	18662
131	403119	39	24	36947175	28	21319
132	3593663	358	24	56421823	100	19481
133	2720695	237	24	34653695	0	19976
134	31398759	3192	24	39450751	33	20660
135	411399	40	24	36092775	28	16808
136	17938791	1802	24	55134495	99	17498
137	2036399	124	23	35828191	24	21735
138	30748599	3171	24	53550079	99	20935
139	900343	89	24	34674415	24	18269
140	17688191	1776	24	39562199	74	18327
141	2614663	154	24	35273519	28	7113
142	28544359	2976	24	54331471	99	19446
143	949239	89	24	34850671	28	19641
144	16639407	1675	23	33477855	94	19125
145	1126255	85	23	12684471	8	18009
146	17697903	1805	24	38878631	98	17861
147	19560791	1965	24	24767199	8	14428
148	1051359	83	23	12461527	9	18530
149	15124047	1537	21	39268503	98	8795
150	2320559	16	23	11418687	8	18251
151	22692511	2497	21	28188727	8	17479
152	1255207	103	25	11243359	8	6069
153	18315663	1862	23	28496023	100	5339
154	1366551	26	22	11695103	0	11616
155	23265831	2449	23	33479087	67	15545
156	2333639	149	23	10520615	8	12765
157	21204319	2217	24	35776647	13	12666
158	1082671	107	23	13843735	8	16678
159	16333799	1640	22	39964919	100	17527
160	1185607	9	24	10333679	8	12840
161	15485679	1661	23	23175903	14	10635
162	383783	37	23	11828271	8	12260
163	10653671	1062	24	35142663	100	16355
164	2103375	17	24	11759807	8	17373
165	22605775	2466	23	32073359	97	18585
166	1673519	131	25	10799863	8	19271
167	16719807	1717	23	21308711	8	15153
168	1672943	139	23	12733599	8	7177
169	19772439	2016	23	38522887	98	19386
170	1704703	170	24	11026711	8	17011
171	17239431	1733	24	32152103	0	12332
172	1125295	111	24	12953671	8	22319
173	14706807	1474	23	37579047	98	18535
174	21960759	2308	22	23462143	8	16709
175	1929423	55	25	10412223	8	17602
176	22925383	2441	22	36106015	5	19509
177	2189935	10	25	12037751	8	20247
178	22487007	2470	25	33909527	98	19186
179	1137615	113	24	12111399	9	17207
180	15723767	1577	23	32604903	98	8634
181	1390567	24	21	12395599	8	15002
182	21046111	2231	24	35284503	100	18537
183	1269687	21	23	11531151	8	17990
184	20575903	2174	24	33543431	100	18471
185	63615	6	23	12774159	8	15941
186	9878823	987	25	40015207	100	13208
187	1876327	21	23	11306863	8	14644
188	21597151	2337	23	26853871	16	15484
189	1007567	99	23	10774743	8	15582
190	12770159	1278	24	13629623	0	13333
191	2225391	20	26	13053983	8	14532
192	21571327	2371	24	41140647	98	13110
193	730991	72	23	10809327	0	15066
194	16144359	1619	24	27722335	0	18886
195	1422479	141	24	12429103	8	15912
196	17898743	1794	23	40475055	100	15163
197	1370895	113	24	11208935	8	15162
198	17941559	1825	24	27415927	8	13422
199	1223631	94	24	12950927	8	10625
200	19109191	1947	23	38288671	100	16537
