1	1888223	69	18	84731943	64	18401
2	17877111	1910	19	68798271	99	19014
3	2871919	113	18	70380871	48	18761
4	24392815	2617	20	63186887	97	19901
5	1770727	108	19	65330527	24	19198
6	18458207	1913	19	69477927	100	19220
7	2146175	109	20	68948879	16	18055
8	19573631	2067	21	70506839	97	18654
9	3009383	142	19	67945407	48	19882
10	22630567	2429	19	71856903	100	20190
11	2344495	103	20	66296663	48	20338
12	21897503	2320	18	72086991	97	19255
13	2989095	136	19	64728951	48	15613
14	23703567	2538	22	70106039	100	12630
15	2848015	131	22	67673175	48	16237
16	23491487	2510	23	67411551	99	16008
17	3520495	146	24	67722079	48	15372
18	23630103	2576	23	65329687	100	14536
19	3255919	107	23	63262103	48	10250
20	22001599	2423	22	66614231	98	12761
21	2635551	260	23	68530815	99	17007
22	1898743	116	23	67396999	48	9957
23	18050159	1886	22	69103335	97	17922
24	1714183	60	24	59698239	48	14591
25	20956895	2209	22	60533135	36	19519
26	1844263	133	22	68907631	0	6939
27	20162791	2078	23	65171895	97	16003
28	1288559	121	22	66551463	48	18686
29	18642999	1880	21	70293055	100	19369
30	496599	46	20	64403399	37	10571
31	8790119	879	20	70143167	97	13521
32	2519135	139	22	64022439	48	18526
33	21915079	2316	19	68475559	100	19750
34	1409359	131	18	69505151	24	22425
35	19900167	2009	18	66574455	97	13758
36	2627831	157	23	68121951	8	16244
37	20572487	2174	18	68223407	99	17259
38	368919	23	21	66355847	48	15269
39	12556215	1274	18	70955439	100	13124
40	1756311	119	19	64079471	48	22695
41	19978111	2064	22	70113351	99	18685
42	1050327	85	22	65987655	48	14112
43	15690407	1594	20	70090527	97	16849
44	859415	76	20	64186879	48	17081
45	12489767	1260	19	63700511	100	18571
46	2404703	133	21	60080639	48	16192
47	21094575	2228	19	63368527	97	21903
48	2271623	77	20	60094159	48	17706
49	15618847	1716	24	65756967	36	14293
50	163591	12	19	62472191	36	13859
51	4231095	417	19	68317071	97	15686
52	1814911	160	19	61730143	48	20317
53	20164695	2048	19	66975743	98	19433
54	2523399	189	20	60754663	36	3827
55	21848495	2260	22	64792343	97	17068
56	1053063	82	22	61381327	48	20421
57	18353679	1866	19	64772159	100	19387
58	2317879	128	20	61593815	48	7879
59	22282031	2343	19	65412575	97	10136
60	21760791	2304	23	61015167	100	17499
61	1079023	107	19	37176287	25	17850
62	16463351	1652	21	57573823	97	17757
63	1197175	28	20	35989879	28	17569
64	26643903	2769	19	51750007	100	21025
65	2183503	71	24	36341575	28	17587
66	18500575	2003	23	52822263	97	20398
67	1754191	118	22	37278135	24	13103
68	23678991	2428	22	55831071	100	19534
69	225871	10	23	36519959	0	18750
70	11307535	1144	22	55221167	97	7794
71	2054279	205	20	37294743	24	27123
72	23265623	2337	19	56820111	100	24619
73	25735135	2587	23	56826447	97	17038
74	312583	30	22	37772959	28	7627
75	14413711	1445	21	56930935	100	25395
76	876919	38	23	37418111	24	29589
77	26884047	2751	21	55285663	97	22469
78	1269799	113	18	34248815	24	3626
79	17241127	1745	19	36674063	28	17180
80	1626207	147	22	36216479	28	12834
81	21168823	2142	21	51734695	99	30107
82	1063383	95	19	35937103	28	24243
83	14831783	1499	19	54361695	100	24273
84	1805039	173	19	36122023	28	14996
85	22321335	2250	21	53532743	99	21522
86	730207	72	24	35548511	24	28588
87	15071831	1512	23	52150207	100	15394
88	1564727	156	23	34778167	24	32024
89	20565799	2065	23	42423511	87	24236
90	2436935	206	21	36801639	36	27089
91	24968959	2548	22	55342823	99	31638
92	1203239	114	24	35765463	25	14316
93	22227687	2239	22	53370823	100	27732
94	2315959	170	24	36877055	28	6733
95	27645855	2841	22	54081527	98	28004
96	910727	88	24	34550543	28	32053
97	15938863	1603	24	45992823	97	24003
98	2372567	149	22	36074623	28	5178
99	26920967	2795	23	53377199	100	17292
100	188103	7	24	35362407	24	22194
101	27343615	2760	23	49197743	97	4778
102	1890311	172	23	35134199	24	19991
103	22180831	2247	23	46091503	100	21851
104	424655	41	21	36449471	28	20435
105	3662103	364	23	54461215	99	16221
106	979207	97	24	36552719	24	17843
107	20548895	2063	23	49094735	99	20825
108	1624591	162	24	34527303	24	19457
109	28257407	2840	23	38173567	97	20642
110	801079	79	23	36041239	24	13524
111	12263767	1230	22	53470863	100	9348
112	1883535	167	24	36737559	28	16226
113	24825207	2516	22	55268439	99	19764
114	21509615	2161	22	51781183	99	20674
115	2739983	147	24	36603655	28	19123
116	26380671	2771	23	55686311	99	21782
117	110591	10	23	35348127	24	21655
118	16982559	1703	21	42635175	99	21559
119	1028135	3	23	11421447	8	20606
120	21807175	2293	24	26152903	5	21855
121	1723039	63	23	11505351	0	17488
122	19913639	2110	22	36366983	100	20664
123	870375	85	24	12481231	9	19120
124	11019383	1100	22	28087303	98	19586
125	1887247	47	23	12084239	8	14289
126	22758471	2428	22	33306839	100	22784
127	1224871	11	24	10580167	8	22945
128	21355831	2258	24	21134623	99	19062
129	655071	45	23	12389023	8	14923
130	16994887	1725	23	32951279	8	16063
131	493935	48	22	10378183	8	18037
132	15606815	1567	24	35420959	97	16292
133	1169879	116	23	10714207	8	17753
134	16953839	1697	23	24133271	8	17919
135	2242455	45	23	11199263	8	18151
136	24968215	2684	23	36660047	100	18198
137	1857535	69	24	11578159	0	18381
138	22661911	2387	23	26969143	100	17910
139	2478463	149	23	11957527	8	11935
140	21073031	2209	24	30941023	100	19338
141	3045263	20	23	11425911	8	24970
142	24370631	2733	24	24654983	100	12143
143	2317527	14	22	12115575	0	15429
144	24757927	2701	23	32100263	100	17810
145	1933447	138	24	11047183	8	20649
146	22858087	2347	23	24827399	20	4077
147	2230743	13	23	11937983	8	20838
148	22029199	2420	22	30270023	80	18470
149	2790799	187	24	12781799	8	20016
150	21842983	2281	22	34737047	100	15544
151	2187455	12	23	11535711	0	3490
152	21157895	2330	24	32022911	98	17333
153	2139103	128	23	12659391	8	17702
154	18303735	1914	23	37401119	100	18540
155	984783	33	23	11273639	9	17720
156	23185175	2391	23	25645855	100	17088
157	2344991	15	22	12682087	8	3135
158	23527639	2580	23	36650215	100	21833
159	2555623	150	22	10519567	8	16752
160	23119919	2424	23	37026903	100	20191
161	3215031	140	23	12179719	8	18693
162	21548455	2343	23	31963583	97	19629
163	2408359	96	23	10794463	8	20698
164	21985127	2351	23	13637975	5	18459
165	2402247	11	23	11286783	8	20135
166	23735871	2612	24	30413295	69	21008
167	2624807	172	24	11929375	8	21215
168	21750951	2268	23	38027135	23	21997
169	1303823	103	22	11148839	0	20746
170	19634311	1994	23	22099831	8	23601
171	2050079	86	23	12162663	8	19285
172	22096415	2334	22	34558783	99	18914
173	2400471	30	23	10367447	8	23106
174	23448919	2561	22	31230415	8	10296
175	2272495	26	25	13000159	0	16209
176	22109807	2418	22	35991415	97	23668
177	2409151	66	23	24487743	8	15089
178	22810639	2463	23	71126639	98	19926
179	1999935	42	24	102161495	100	21096
180	20243295	2189	24	70736887	97	19201
181	4521071	450	24	70816327	100	17243
182	706895	45	23	93597751	100	17835
183	15891879	1618	23	83367783	99	18970
184	1887647	34	22	101291519	100	18043
185	19273575	2087	23	73845991	100	19002
186	2210559	77	24	101373319	97	16700
187	20493455	2198	22	73173303	97	18917
188	2839327	166	23	101938495	100	33796
189	17229503	1841	23	72255447	100	28529
190	2049863	150	24	102156127	100	31444
191	17126671	1769	24	74686623	97	32757
192	20985287	2173	23	77152415	100	29533
193	1174095	105	23	101309367	100	21143
194	19265439	1943	22	74851847	97	25833
195	983631	18	23	100029407	100	21237
196	19091655	1998	24	74767911	100	24013
197	1228991	113	24	99538175	76	21234
198	19330951	1953	23	77503319	97	20012
199	1015799	54	24	99779791	100	25657
200	19168903	1974	23	73382791	100	3368
