1	17647623	1536	28	57147559	100	43977
2	39730623	4216	28	55556375	100	50689
3	16647039	1222	28	24666671	5	43321
4	44734319	4936	27	41810607	100	44381
5	13719799	1316	28	28240911	0	50955
6	32235655	3261	28	47866831	97	51004
7	17887423	1499	28	27146103	5	51447
8	41068359	4410	28	49995447	100	53745
9	18467199	1560	28	21920239	0	54004
10	40748423	4372	28	43180023	100	51985
11	15106711	1369	28	25492687	5	52373
12	36959655	3824	28	45387087	100	47600
13	17967991	1507	27	13148479	0	45472
14	40179071	4320	28	28577735	100	50660
15	16954295	1505	28	27167911	5	53751
16	37563647	3947	28	44654087	100	54281
17	19525591	1689	28	16051895	0	54752
18	47404151	5020	28	36092719	0	52539
19	21251559	1735	28	24429607	5	54494
20	47252567	5140	28	38801903	0	54547
21	14867983	1489	28	25850735	0	48264
22	37629967	3763	28	44618607	100	53184
23	15189679	1487	28	24746423	5	53159
24	38055591	3840	28	41043135	100	54399
25	18290407	1719	28	28765375	0	53430
26	39215903	4028	28	48282679	100	53910
27	19527479	1700	28	27392455	5	49830
28	46203559	4887	27	46923111	8	54082
29	18072271	1692	28	27656551	0	54437
30	38670023	3983	28	44897319	100	52786
31	12638159	1257	28	15869911	5	55791
32	32361031	3223	28	37825607	100	55529
33	20985271	1740	28	23052279	0	53262
34	48363927	5210	28	71262023	100	50390
35	20908527	1673	28	57082055	97	54214
36	47135431	5149	28	24186135	0	55625
37	18226239	1714	28	38275111	52	57840
38	41016975	4206	28	28225247	1	39704
39	20653719	1697	28	42364927	97	53950
40	48897767	5281	27	22319567	0	53990
41	21592775	1744	28	34895655	72	59939
42	47217703	5155	28	24881783	0	57417
43	18063271	1729	28	40080015	97	57094
44	39574511	4029	28	28063055	0	55093
45	14611847	1451	28	47229255	100	45682
46	32747935	3261	28	24787487	0	47045
47	19077607	1694	28	32745703	5	58304
48	48047887	5038	28	28541367	0	52685
49	20761791	1697	28	43907343	100	58177
50	48239743	5218	28	24693463	0	57464
51	18952727	1678	28	43544143	97	59408
52	46916231	4919	28	25868247	0	55645
53	19231191	1725	28	45157455	100	55238
54	46255655	4832	28	26568087	0	58027
55	18321591	1643	28	44588727	97	56816
56	45904999	4799	28	27723007	0	56027
57	14294143	1418	28	64969391	100	56040
58	33052151	3299	28	56870703	100	54557
59	18312951	1629	28	27170391	5	53367
60	46509687	4870	28	45290463	100	53086
61	18999623	1719	28	24009983	2	76909
62	44023103	4594	28	36196183	96	62725
63	18530119	1662	28	29315335	5	83063
64	44788471	4677	28	45778367	100	50761
65	18712007	1740	28	14122511	0	71368
66	44115095	4557	28	27069903	16	80159
67	19130567	1775	28	28383159	5	59532
68	44202623	4566	28	47170815	100	81042
69	19395895	1705	28	27821647	0	62261
70	45675295	4819	28	70430007	97	83251
71	16654311	1567	28	55375383	97	66743
72	43410391	4454	28	17000079	0	76769
73	16951791	1626	28	60201159	100	65374
74	40160079	4101	28	52889703	100	84697
75	12078431	1197	28	23934487	5	82419
76	49784719	4831	28	59030327	28	74385
77	54254831	5574	28	56374799	100	83580
78	24778431	2411	28	27655167	0	47201
79	51608767	5243	28	45139311	97	61294
80	24205911	2325	28	16258599	0	73533
81	71523175	6842	28	36444951	0	37055
82	61599655	6599	28	15900983	0	69530
83	25351879	2479	28	31405007	5	74055
84	79628967	7916	27	19594735	0	70184
85	56389439	5788	28	46232479	100	56186
86	17950983	1791	28	13070415	0	61448
87	65845975	6455	28	26953119	5	58795
88	79614879	7942	28	28542703	0	82243
89	77922919	7824	28	69882199	100	73959
90	57102551	5880	28	56707503	100	70588
91	23827911	2308	28	27105663	5	80786
92	44592111	4523	28	70156639	64	81986
93	21416263	2121	28	75863479	100	71255
94	47058687	4743	28	56041439	100	79088
95	22191831	2141	28	17957567	5	72026
96	42797823	4349	28	36753647	0	62958
97	21927399	2146	28	24808287	0	57685
98	71794719	6987	28	57703951	28	58959
99	79623599	8039	28	58495871	97	58474
100	76270975	7632	28	27088767	0	60473
101	57623183	5995	28	45887191	100	63747
102	23573959	2263	28	25101239	1	62572
103	68406967	6684	28	49807415	97	59785
104	79488127	7993	28	19257431	0	63912
105	78885663	7734	28	48157287	96	49072
106	60909303	6508	28	29627951	0	62906
107	24095463	2322	28	42672319	81	63141
108	47283231	4816	28	26179383	0	63367
109	21744247	2152	28	62655711	100	64183
110	53680271	5411	28	77392879	100	61362
111	24330735	2390	28	53326671	97	60972
112	47543391	4795	28	24956791	0	57199
113	23833719	2318	28	35546343	96	53129
114	64157279	6239	28	17119431	0	63451
115	60025159	6257	28	37165991	97	60320
116	24940063	2303	28	24563927	0	63359
117	74970391	7497	28	35940023	100	62307
118	60390631	6270	28	13431023	0	63061
119	21721255	1991	28	25030567	5	59381
120	70126679	6992	28	11813495	0	63765
121	59340799	6165	28	24922455	8	55996
122	23100895	2233	28	25232063	0	63502
123	65915535	6399	28	61636623	13	61932
124	59379319	6221	28	55341207	100	55469
125	25647071	2461	28	23774543	0	62589
126	73677695	7328	28	36992751	100	49942
127	56032287	5767	28	25423271	5	52490
128	18729207	1857	28	64049263	100	52909
129	46476551	4652	28	81521951	100	53062
130	18663887	1860	28	52721103	100	47423
131	46604399	4662	28	24040415	5	52849
132	22593039	2215	28	37854767	100	49165
133	74778871	7455	28	17551775	0	51527
134	73701879	7094	28	36323791	97	51413
135	81458447	8543	28	21546383	5	53204
136	54125879	5439	28	49941215	100	53911
137	17553119	1492	27	25447271	0	52720
138	43486663	4638	28	39829271	100	58709
139	19881935	1800	28	20707343	5	53236
140	37557095	3952	28	48324447	100	47357
141	15368967	1379	28	28982743	0	54653
142	34768623	3620	28	48043599	100	54977
143	17476911	1561	28	27193079	5	54883
144	42857255	4494	28	45062415	100	49491
145	21256127	2000	28	20965967	0	52126
146	37242215	3857	28	45456359	100	46015
147	17916335	1635	28	24230239	5	48179
148	41542679	4332	28	60083639	100	53479
149	17674399	1592	28	75007359	100	52719
150	42131111	4403	28	62816583	100	53362
151	18111687	1650	28	28408167	5	47328
152	41451343	4324	28	48098383	100	54422
153	16599999	1356	28	28827807	0	52689
154	44507911	4780	28	47838775	100	54339
155	17616807	1530	28	24233399	5	46324
156	41675639	4419	28	33351215	100	53967
157	14977695	1489	28	24135367	0	56739
158	34781255	3464	28	36078679	40	46479
159	20716703	1931	28	28121903	5	56651
160	37461103	3890	28	45525031	100	56888
161	17454055	1614	28	27745487	0	57730
162	35862647	3715	28	44033447	100	56564
163	16761743	1357	28	23335271	5	54754
164	44096023	4751	28	61625959	0	57360
165	16800855	1562	28	69316095	100	61443
166	35816175	3692	28	64067215	97	61561
167	17671943	1608	28	15498191	5	57669
168	41736383	4355	28	51045215	28	57033
169	15715967	1386	27	87995199	100	57562
170	40503535	4255	28	53769231	100	56770
171	17868111	1631	28	25536311	5	54567
172	41678311	4341	28	40347567	8	57499
173	17481263	1560	28	25944991	0	56871
174	41647735	4374	28	58038439	0	59853
175	18809823	1650	28	54256431	97	44090
176	40736351	4327	28	27601055	0	59112
177	20085559	1870	28	45180887	76	49258
178	38328575	3978	28	21523559	0	60043
179	17198351	1552	28	48065519	97	60758
180	41097687	4295	28	23476519	0	49412
181	18517887	1778	28	37280199	88	55322
182	37874903	3867	28	19666583	0	57448
183	17135079	1387	28	47405055	61	59680
184	43790295	4729	28	16903103	0	47971
185	14169127	1402	28	34401159	100	54897
186	34778127	3470	28	25402847	0	39241
187	18231791	1615	28	38251039	97	77923
188	40971903	4328	28	28068063	0	83277
189	15781311	1247	28	44943055	98	74465
190	44464271	4804	28	16390847	0	84868
191	17091607	1667	28	37305647	13	82195
192	35698783	3610	28	19923207	4	64881
193	13823135	1346	28	45842975	100	85412
194	33866759	3404	28	14052255	0	81521
195	18741703	1552	28	54161079	81	67075
196	42788175	4628	28	78347047	100	75916
197	14658047	1173	28	48832863	100	81849
198	43349519	4654	28	29114175	1	81889
199	14897431	1183	28	70412655	97	77272
200	44439359	4775	28	50317047	100	78036
