1	24248719	2618	23	32627983	100	24495
2	2154855	129	24	11989703	8	24598
3	24526095	2541	23	36453855	98	25515
4	2408295	70	24	11904295	0	23861
5	24868735	2667	23	33672303	8	6519
6	2496175	16	23	11469183	8	1694
7	24647599	2708	23	35038223	98	17047
8	2082807	73	23	12518551	8	20440
9	19264999	2063	23	34720327	100	23151
10	1927079	63	24	11800583	8	13282
11	20026903	2135	23	38062567	98	22117
12	2031231	14	24	12544207	8	22292
13	20411463	2237	23	38161391	100	16115
14	487071	46	23	10893463	0	4613
15	4113071	401	22	24423615	100	14845
16	1091551	108	24	10965111	8	20039
17	13965175	1396	23	35327263	89	16533
18	3070095	26	23	12379263	8	16881
19	22666735	2556	24	37490311	98	15647
20	2679071	57	25	12148495	8	21914
21	23396879	2560	23	36276407	100	16106
22	2482919	20	21	11066431	0	8117
23	23751143	2613	24	29908703	30	19073
24	2354799	30	24	12612199	8	20455
25	23549463	2568	25	39285423	57	21387
26	2141959	13	24	10651215	9	17307
27	21516503	2361	23	14465975	13	6207
28	2021127	23	23	12437231	8	20525
29	22275695	2413	24	37716543	100	21735
30	2340503	93	23	11803575	8	20568
31	24227671	2570	23	27410951	13	20383
32	2458671	44	22	29615719	0	18749
33	22851527	2494	24	72559983	100	19940
34	2367359	140	24	98489207	100	20322
35	21502055	2250	23	74523695	97	19116
36	2057159	95	23	99600751	100	18192
37	22838623	2399	22	74312791	100	15493
38	2640447	65	24	99015007	100	17257
39	23214087	2527	23	73976927	97	18252
40	1233295	57	23	99518271	28	13368
41	23257079	2395	24	75523767	100	15030
42	2465927	48	24	100239975	100	19562
43	23458663	2553	24	74182223	97	17165
44	2350087	50	24	99626799	100	30048
45	20388471	2232	24	73478903	100	31907
46	2039815	65	23	100635367	100	21615
47	16491599	1795	24	74437231	97	27336
48	15523167	1555	23	82017167	100	21703
49	761415	75	24	100249423	100	31959
50	17540663	1762	23	75625439	97	8681
51	1900431	48	23	99543567	100	24284
52	19194087	2072	24	73140591	100	24943
53	583631	57	24	100100615	100	32450
54	12267975	1226	24	73351447	97	8926
55	850583	66	23	95807887	64	30746
56	16838895	1709	23	73865375	100	21004
57	1957223	47	23	100219263	97	25019
58	19413207	2101	23	74568983	97	17427
59	1170295	116	23	101556751	100	22668
60	17819175	1789	22	73362367	100	28780
61	719407	61	23	100294823	100	30418
62	16151511	1631	22	74198831	97	23812
63	1582759	142	23	101561415	96	26069
64	17894919	1814	23	73621343	100	27796
65	2926023	29	23	100509391	100	26341
66	21667359	2443	23	73749655	97	9475
67	1119455	106	23	99800119	100	27325
68	16572215	1668	22	74086103	100	5820
69	1073351	41	23	100482999	100	22705
70	18466351	1921	23	71173399	97	20276
71	793279	78	24	99036735	64	22973
72	15745383	1581	21	70351383	100	18907
73	1228591	72	23	81559007	64	18153
74	18286791	1888	23	84368943	97	501
75	1158071	115	23	93328287	76	10053
76	16726935	1680	23	77690455	100	17720
77	1725559	56	23	93468799	64	17413
78	15632919	1688	24	71250831	97	12839
79	2022871	41	24	92389615	64	13705
80	15059551	1671	23	71892303	100	17811
81	1746383	59	24	91959703	64	17021
82	16751311	1794	23	73032423	97	20325
83	2554095	45	23	91234783	76	20008
84	16498359	1864	23	71735647	100	17752
85	425503	41	23	88073399	48	14590
86	10347343	1039	23	75055031	97	17835
87	17610007	1784	23	71509007	100	18910
88	1700911	51	24	90535831	97	19227
89	16863303	1808	24	73286855	97	14147
90	1702919	45	23	84715391	16	15031
91	18681719	1997	23	70962215	100	19757
92	681263	66	24	67149935	48	19454
93	13802479	1382	24	71239415	97	18696
94	1513047	115	23	68696103	48	18399
95	19864591	2032	23	70788719	100	17940
96	696735	65	23	68187567	48	17476
97	15822335	1593	24	72234199	97	17116
98	20778895	2158	24	71952191	100	18940
99	1995431	75	24	67798575	56	15984
100	22216039	2351	23	72663399	97	15564
101	2362839	152	23	65366711	36	11986
102	20174783	2103	23	72108223	100	12720
103	2602671	124	23	65333767	48	9291
104	21542015	2294	23	67876911	97	16633
105	666887	65	24	59879391	48	14143
106	7762599	775	22	71526959	48	11318
107	2339015	79	23	63873911	0	16490
108	22174719	2384	24	69162631	99	17172
109	1086223	82	24	68201727	48	13528
110	17872119	1821	23	67637319	100	18263
111	1812799	69	24	60630535	48	4541
112	21354831	2259	24	68670055	99	18438
113	2019183	93	22	63905383	36	8408
114	19264711	2045	23	68416447	98	17762
115	2214807	76	24	67634111	48	19646
116	19883319	2144	23	68352695	97	19220
117	1334879	86	24	66391831	36	16201
118	18290879	1885	23	67350743	100	18114
119	601343	56	24	60775679	49	19389
120	12732855	1280	24	71581727	99	14859
121	993327	84	24	66404767	48	16638
122	15008151	1522	23	68090103	99	19412
123	1853183	59	24	67429895	48	14217
124	18525391	1982	23	71798223	100	18046
125	2553871	152	23	65972599	48	19676
126	18605167	1968	24	66421287	100	19606
127	12336967	1231	23	67738159	98	22992
128	907287	83	24	64838671	24	21946
129	10848855	1092	24	66507959	100	23445
130	515503	50	24	66611551	48	15487
131	5659343	563	24	67148135	98	22785
132	981455	85	23	63250199	8	24054
133	14009535	1419	23	69188487	98	18574
134	1649999	113	23	63376023	48	18778
135	18365263	1898	23	61526023	97	21444
136	1431127	116	24	63329311	48	20211
137	17019719	1738	23	63647631	100	21678
138	1967111	98	23	61175919	48	22177
139	18289791	1937	24	66770495	97	20147
140	833015	57	23	61860887	36	6076
141	18914503	1915	24	64953279	98	1361
142	1828527	61	24	59873031	48	4849
143	20613727	2194	24	60081999	53	18588
144	21437151	2318	24	63123063	99	21101
145	2249727	106	23	61029351	48	22342
146	19726887	2102	23	67366991	97	24179
147	1503855	89	23	60968439	48	22980
148	21802943	2253	24	58743551	100	21143
149	1339719	122	23	34923391	29	24215
150	24105327	2435	23	47081887	29	21235
151	464959	45	24	35757927	24	21751
152	15313031	1536	23	53160647	100	22755
153	27599023	2891	23	49185143	98	12422
154	868039	81	24	35028303	24	2738
155	18866911	1900	23	54150759	98	19062
156	1319623	117	23	35792455	24	21653
157	22347447	2259	23	55449935	97	18324
158	1226047	122	24	36473383	24	14038
159	22553311	2267	23	53266031	100	33881
160	1493575	140	23	36771967	24	27655
161	27129487	2736	24	54933775	97	35439
162	1229759	122	24	34742023	28	27252
163	20706471	2080	23	41397623	69	32085
164	1288983	100	24	36485319	28	31929
165	26602399	2702	24	55497767	98	28927
166	1708807	155	23	35264575	28	30023
167	24160431	2443	24	51213151	99	30822
168	580719	58	24	36020415	28	29336
169	21548199	2166	23	54794975	99	31173
170	2233095	188	24	36266695	24	33385
171	28834567	2934	23	52526823	99	30656
172	1057399	94	24	35895431	24	29157
173	16704775	1687	24	52768943	100	21801
174	447447	43	24	35285951	24	28750
175	4317335	430	24	51136351	97	19553
176	2643079	250	24	34414975	28	34470
177	28989591	2929	23	45832111	98	31313
178	888495	88	23	34860287	0	30575
179	19017279	1909	24	47832303	99	26031
180	1805663	137	24	35655359	25	12431
181	26663559	2723	23	51332639	97	15655
182	1109647	105	24	36285047	24	25338
183	16665503	1678	24	51506535	100	22138
184	284751	1	24	33901095	24	30396
185	30798815	3123	25	45351671	33	26213
186	17916943	1801	23	44040687	100	22161
187	1212287	106	24	34333599	32	21728
188	19130615	1936	23	39118623	77	19887
189	21475903	2180	23	46985023	99	14805
190	16067951	1614	23	51184471	100	22096
191	2159583	63	23	35127743	28	20259
192	29121271	3081	23	50096895	100	16275
193	1091287	95	23	36140343	24	21926
194	16241007	1643	23	51549991	96	26201
195	1936959	156	24	35101399	28	24791
196	26254591	2675	24	52182783	100	24447
197	1405663	122	24	36019919	24	23021
198	24002911	2430	24	53939999	98	743
199	23034927	2315	24	54414543	98	23815
200	1706895	131	24	36503151	28	24804
