1	10634231	1063	27	20620743	85	49118
2	32907911	3296	26	41931207	8	56437
3	9462631	944	26	18789159	100	68830
4	21731183	2167	25	30591671	8	70883
5	8741127	874	28	18315415	13	55898
6	26966439	2682	27	36866967	12	62365
7	11421535	1150	27	21111143	100	54926
8	9157791	889	27	19399431	12	47517
9	3447615	352	28	13155751	65	53026
10	37239247	3673	28	46510279	4	63124
11	14369935	1503	28	24037519	100	69447
12	14913071	1479	27	24714599	24	78882
13	6453687	643	28	16438439	17	52773
14	25270167	2527	27	34890431	12	60324
15	6458799	645	27	16191327	8	77034
16	21178287	2119	28	30905319	13	70515
17	8145159	809	27	17709015	17	54874
18	20184231	1992	26	29971527	0	59136
19	9203887	931	28	18769591	100	63403
20	42527679	4269	28	51767487	12	61028
21	10463703	1041	26	19909151	17	64877
22	30763951	3088	24	39628167	12	66395
23	4609551	461	26	13632415	96	51628
24	17648959	1758	26	26798655	24	46344
25	7485463	746	27	15998263	97	63095
26	20093007	1970	26	29588919	12	61181
27	6603055	694	28	16637279	100	62216
28	24027455	2401	27	32686567	0	39712
29	6446175	641	27	16352695	17	57634
30	23207903	2317	26	32809847	12	67235
31	12543215	1255	28	22344583	12	47171
32	28761895	2621	27	38231399	12	74065
33	13052543	1578	28	21917367	97	57214
34	25687263	2556	27	35135271	20	53587
35	6411383	644	28	16450871	100	54639
36	26858167	2683	26	36679271	12	58451
37	9107815	912	28	19148551	97	71851
38	35108543	3468	27	44707847	12	73692
39	13948311	1451	27	23715135	98	64203
40	15721591	1567	26	25755535	12	55230
41	8533991	849	28	18732495	17	70118
42	28256407	2820	27	43346687	12	57007
43	6418335	635	27	66918391	100	65285
44	27895471	2564	27	81378759	100	60712
45	16205623	1860	27	81161839	97	49817
46	23254967	2328	28	80838791	100	77722
47	6503231	644	27	66694919	100	73578
48	26275591	2634	28	81383231	97	74620
49	8202559	814	27	80571959	97	58679
50	16107335	1616	26	71998895	100	67853
51	21988887	2115	27	73776671	100	55008
52	11381631	1230	27	70138447	97	74621
53	20885079	2046	26	64881759	100	71852
54	5734495	618	27	48714223	100	65332
55	15824919	1442	28	52808407	100	60233
56	12311695	1381	28	59601319	97	57790
57	14516191	1427	27	50861031	56	84937
58	3268239	348	28	48683479	100	71778
59	23451391	2351	28	70317383	100	65608
60	710215	71	26	73972271	97	64510
61	28309047	2825	27	81888655	100	55683
62	9687239	975	27	73529431	100	54290
63	23604535	2353	27	71044807	100	73437
64	10182927	1027	27	63421815	97	69081
65	29177751	2425	27	64521583	100	23427
66	14473695	1960	27	69764743	100	48391
67	19045175	1815	27	63709919	100	61827
68	7554735	853	28	51270679	97	58720
69	18107623	1662	26	58664111	100	53486
70	9099751	1068	27	64773959	100	36545
71	18130591	1817	28	65020447	100	56226
72	7085543	704	27	70318887	97	54268
73	17731783	1740	27	64397071	100	74263
74	11475895	1185	28	77318447	100	75239
75	26122895	2621	27	78073879	100	68012
76	11515031	1150	27	81851703	97	70615
77	23974343	2401	27	84755359	100	62495
78	6747167	669	27	75250407	100	64864
79	21218927	2116	27	70363783	97	54523
80	9788599	986	27	72936599	97	74674
81	24966431	2508	27	80061215	100	75711
82	13573319	1358	27	73474535	100	55193
83	21900487	2098	27	68528911	100	51532
84	12198279	1322	26	74843655	97	39403
85	21041735	2104	27	68016839	100	62941
86	10180463	1022	28	71706735	100	24882
87	25148311	2401	28	82652871	100	53506
88	16396167	1770	27	73526519	97	75931
89	24204319	2423	27	79773799	100	74430
90	7304023	724	27	75961447	100	61201
91	26501631	2628	28	81474271	100	65683
92	10757151	1102	27	76094487	97	49982
93	28175023	2757	27	77251167	100	51094
94	17874407	1865	27	70905559	100	75909
95	18620855	1866	25	71081351	100	77986
96	26240895	2629	26	85069575	100	49738
97	6602023	656	27	73647287	100	67541
98	27139175	2703	28	85424247	100	66316
99	7089919	715	27	74186207	97	72591
100	24877343	2477	26	74118175	100	71065
101	6805255	685	27	69935791	100	63511
102	30727351	3076	27	82900191	72	43691
103	8789455	876	28	69479439	97	56347
104	28555447	2856	27	78214223	100	70014
105	5167751	515	27	65887791	100	56582
106	29071263	2907	27	81597351	100	61155
107	6786887	673	27	63986799	97	71779
108	30022911	2956	24	82782143	100	65041
109	13071367	1366	28	77374671	100	41610
110	23210687	2252	28	67340623	97	65739
111	12373191	1317	27	62922839	97	67403
112	26107575	2611	27	83629775	48	54651
113	7014895	696	27	63407871	100	52204
114	35436215	3531	26	94492511	40	61094
115	13681735	1392	24	68857767	97	59129
116	26434247	2647	22	82461295	100	54195
117	5479967	547	24	62134239	100	64833
118	27839455	2796	27	84879343	48	64504
119	12808527	1280	27	69195823	97	76288
120	32745735	3281	23	89011911	48	43998
121	7015815	699	27	65099079	100	73485
122	17795071	1771	27	76007983	52	56219
123	5755159	574	28	63176055	97	71573
124	26075255	2583	26	83380111	44	59226
125	5122071	535	28	67484615	100	78567
126	22037375	2206	25	77577183	100	66723
127	7352847	739	28	64331431	97	74635
128	21191247	2108	27	74203143	100	77744
129	7232679	737	27	64490519	100	65962
130	21316695	2127	28	76969839	100	47140
131	7224951	725	28	65273863	97	51842
132	29570079	2900	28	87287695	36	51895
133	9952239	1061	28	72966495	100	68265
134	22182711	2222	28	72791463	100	54437
135	6388119	634	27	61291655	97	78857
136	27645567	2735	25	84599391	72	62331
137	6311287	656	25	64228407	100	64239
138	26939327	2695	25	85381727	44	60095
139	8971879	890	27	65437871	97	71485
140	34368151	3442	27	93296799	48	75305
141	14286223	1431	27	70311735	100	75306
142	28849343	2862	27	90934247	49	62337
143	12517559	1289	27	63610623	97	54314
144	23155503	2074	28	77748079	52	71908
145	13288759	1583	27	63352111	100	73353
146	19212327	1908	28	72915479	48	63261
147	7638391	781	28	61466207	97	54774
148	25016895	2194	27	79813167	48	73469
149	16535799	1977	28	67454815	100	77659
150	27618215	2536	28	84150135	64	71438
151	16493807	1892	28	69201599	97	71176
152	28547863	2756	27	84897055	12	65478
153	15486671	1661	27	66915831	100	74120
154	24916743	2491	27	78253487	48	82839
155	9357959	930	28	67562455	97	79266
156	27880567	2457	28	81188071	44	65436
157	15526335	1899	28	67459311	100	72998
158	26530319	2659	28	80349319	56	32790
159	13832039	1381	27	66749735	97	65075
160	26635887	2672	28	79269871	44	69122
161	10087039	1000	28	44192599	100	73420
162	31276695	2999	28	64865735	32	76645
163	14593087	1604	28	48918263	97	69663
164	31322935	3038	27	65016687	0	69251
165	12522431	1357	28	46697591	98	62350
166	29759439	2985	28	63779303	24	55004
167	9075199	904	28	43559655	73	67981
168	28692255	2878	28	61580407	24	74749
169	8867391	880	27	42631823	100	65788
170	29892935	2998	28	63128799	24	69061
171	9533591	946	27	43396679	97	65950
172	29047247	2913	27	62320223	28	69666
173	10130639	1010	27	43987943	32	70899
174	33352287	3245	27	66526087	29	67248
175	14566623	1566	28	48193063	97	70673
176	29972831	2729	27	63466247	32	59045
177	15233343	1808	28	48935039	100	67194
178	30987167	3084	27	65884855	32	78962
179	11426255	1173	27	43531967	97	50064
180	23573847	2354	26	57481999	28	75400
181	5009999	500	28	38504879	100	57436
182	25003191	2485	27	58606543	44	81813
183	6302255	646	28	40133727	97	71823
184	26622647	2672	26	61220039	48	80506
185	10629375	1065	28	42866599	100	83979
186	19013943	1900	28	52402639	24	81301
187	5468135	546	28	39232935	29	63818
188	21542279	2159	26	55114471	28	40124
189	5156503	515	25	38855431	100	66054
190	12129679	1213	27	45827447	24	69685
191	7741591	771	28	41710655	93	55015
192	17849031	1784	27	51028311	16	75046
193	4417055	441	27	38297871	32	42688
194	8357199	831	27	42077415	32	75724
195	5116759	508	27	39110935	97	52839
196	20503383	2052	27	54117303	24	63527
197	11890319	1188	28	45518047	100	50518
198	15195055	1508	27	48768847	32	80293
199	9549807	948	27	43521535	33	56566
200	31419487	3150	24	64595135	24	54265
