1	62112463	6229	27	66581535	0	10307
2	76375495	7642	27	79004111	100	5672
3	17694215	1753	28	36184519	97	8620
4	62521279	6271	28	73903863	97	6979
5	13134471	1294	26	13186231	0	21756
6	24410007	2363	28	24456703	0	4399
7	7105527	688	28	7156095	24	10368
8	62679495	6279	28	62727311	5	12995
9	11926319	1164	28	11951391	100	44042
10	30648783	3022	28	35843039	0	45080
11	11141711	1082	27	19639567	28	3519
12	52964791	5301	28	57078527	25	11740
13	71082503	6962	28	74767071	36	3786
14	18330767	1971	28	36453607	100	12501
15	48074751	4770	28	60311703	0	21777
16	77936215	7874	27	77949351	97	13575
17	21555247	2147	28	21566135	48	48410
18	55849335	5585	28	55861343	0	3867
19	12913783	1261	28	17815679	64	9571
20	19660127	1884	28	25565927	5	44638
21	5390255	513	28	12158183	16	18945
22	61070951	6121	28	65901319	0	11038
23	67160951	6677	28	71377087	48	23059
24	22241199	2261	28	28306967	97	8448
25	49001087	4904	28	70449575	0	7056
26	8925447	873	27	15144143	0	6278
27	29006711	2837	28	29018727	0	4828
28	9984247	977	27	9996255	53	32092
29	50407223	5007	28	50419231	0	24445
30	77913007	7805	28	77927999	100	5452
31	21109791	2170	28	23577007	100	7325
32	58011567	5808	28	61541143	5	41606
33	10950503	1066	26	17224487	24	21100
34	52983903	5305	27	76283047	0	7411
35	14805703	1475	27	15243111	97	5139
36	57593911	5763	28	57605919	5	21032
37	9261271	899	27	9274687	24	5695
38	28481271	2793	28	28493279	0	33416
39	10174895	992	27	10188031	24	12279
40	57237975	5725	28	59670927	5	8220
41	11342807	1109	27	15797727	84	34895
42	46515407	4652	28	49263439	0	6238
43	13921479	1375	26	18451111	56	51238
44	40922271	4037	27	52416375	5	38078
45	65502095	6498	26	80816351	100	6882
46	20983399	2216	27	20996535	100	58283
47	58133047	5809	27	58143935	0	8409
48	70536095	7037	27	70548103	53	10151
49	16305943	1644	27	16317951	100	36261
50	55367727	5531	28	55561535	0	6100
51	9414111	921	28	11995967	0	36390
52	32185767	3175	27	35043815	5	27593
53	13346207	1321	27	29977575	76	11780
54	34616471	3455	27	46171015	0	3765
55	14205015	1404	27	14217023	48	43511
56	37657543	3739	28	37669551	5	22903
57	10435647	1018	27	10448783	24	3573
58	48941175	4899	27	48955719	0	18758
59	14179495	1398	27	14191503	48	42226
60	56665239	5670	28	58516927	5	12789
61	52860767	5281	28	56150263	16	18445
62	9389343	916	27	10555807	24	18263
63	20075687	1936	28	22942983	5	32646
64	3879951	380	27	26602167	56	4381
65	40856319	4062	26	42903703	0	24942
66	70963343	7068	27	70976479	1	18509
67	20535799	2093	27	20550343	97	14965
68	33563311	3270	28	33575319	0	28386
69	7964639	794	27	7998943	8	8565
70	26654287	2594	28	26666295	0	5411
71	9636063	954	27	9649199	97	18077
72	27711143	2754	28	44760151	0	16270
73	10275791	1009	28	10287799	64	42829
74	44466543	4439	28	44478551	0	13421
75	66715607	6492	28	66728743	97	59950
76	25340023	2723	28	25352031	100	21963
77	27882023	2727	28	27892911	0	18283
78	65551519	6346	28	65564655	28	12278
79	86445559	8889	28	86457567	97	20636
80	78297607	7849	27	78309615	100	13680
81	19847159	1976	27	19859167	88	12518
82	24727471	2414	27	24739487	0	14481
83	6761679	661	28	6773687	13	35640
84	62941015	6310	28	66249471	0	5998
85	70728655	7058	28	88182679	0	10133
86	72723591	7156	27	72736727	100	9515
87	24455319	2621	28	24468735	97	3865
88	49922151	4959	28	49934159	0	5260
89	75121423	7508	28	75134559	98	56587
90	21047359	2177	28	21059367	100	38886
91	53397255	5316	27	61456359	5	16907
92	17881407	1828	27	17893415	100	34364
93	54901655	5453	28	54917327	0	40677
94	82807447	8345	27	82819455	100	40399
95	15906423	1591	27	15918431	97	20207
96	57327919	5741	28	57339927	0	11133
97	10721199	1046	28	10734335	28	9727
98	27654575	2693	28	27667991	1	4277
99	66984559	6624	28	66996567	5	11695
100	20234351	2101	28	21041239	100	13465
101	44155143	4313	28	58588479	0	17808
102	19628511	2064	28	32048447	100	7757
103	34540759	3431	28	34554175	5	19236
104	12870831	1277	28	12883967	0	18610
105	44752103	4446	28	44764111	0	4301
106	70850735	6791	28	78155319	48	5623
107	20615255	2357	28	29314623	97	22586
108	58779007	5907	27	77051079	0	21402
109	69571615	6765	28	74863591	0	12301
110	24303239	2647	28	33786919	100	8182
111	60636271	6066	28	66829487	5	33791
112	11549399	1123	28	16865103	16	15406
113	47627991	4770	28	73667655	0	21927
114	10016159	981	28	14617063	8	9786
115	32682103	3200	28	32695239	5	14024
116	8762775	863	27	8774783	56	7338
117	20930039	2052	28	20942047	0	10396
118	9574655	933	27	16345271	56	20993
119	43638895	4343	28	49821615	5	15435
120	13406279	1341	28	20012543	100	14354
121	58218983	5792	28	62268167	0	59051
122	83948343	8446	28	87669591	100	10256
123	18046735	1829	27	26337255	97	15785
124	47835599	4757	28	67361719	0	10325
125	77324479	7748	27	87534951	100	31430
126	18918999	1942	26	18932135	100	7487
127	49813359	4984	27	64944295	5	17287
128	11499183	1126	27	25925279	100	14347
129	53524447	5336	27	61724839	0	18385
130	72815343	7248	27	80784207	97	8790
131	16172703	1691	26	38459919	97	13874
132	55342807	5535	26	66328487	0	7379
133	11090263	1086	26	11103679	72	21064
134	11492127	1118	27	11502279	0	22516
135	8233287	811	28	8245295	5	18057
136	26271343	2610	28	32796559	0	46128
137	14423271	1417	27	21292335	88	21252
138	41481439	4162	28	62214823	0	23464
139	20224975	2026	28	35641471	97	32121
140	56572263	5658	28	56584271	0	41964
141	71310207	7138	28	71326327	40	17371
142	14699943	1449	28	17387983	8	11199
143	20567671	1980	28	24963911	5	10717
144	66920711	6676	28	72556839	48	12297
145	15022327	1507	28	19244175	100	5914
146	33552815	3278	28	42652783	0	27988
147	9138687	887	28	15381239	61	6556
148	24974919	2451	28	33839303	8	10804
149	8912447	870	28	30464023	0	28226
150	39746583	3965	28	75366079	0	11990
151	78569847	7706	27	80895247	97	31135
152	81668223	8144	28	85657223	100	20251
153	81149055	8198	28	95779783	100	27404
154	23521303	2579	28	32464695	100	15341
155	51249127	5127	28	54299303	5	3443
156	79008119	7872	28	83090311	100	52122
157	21134431	2173	28	24931159	100	14943
158	54012471	5406	28	67559911	0	16107
159	10728127	1047	28	30175975	13	15713
160	26569807	2577	28	27319231	16	37640
161	4745655	462	28	4757663	24	5986
162	59277799	5952	28	59289807	1	11766
163	72821511	7198	28	77399375	5	9594
164	19553575	2069	28	26144983	100	15389
165	44533327	4417	28	53068263	0	14161
166	19720831	2007	28	28203455	100	11563
167	26646111	2617	28	33713511	97	6639
168	67647103	6700	27	78962335	0	4312
169	20078143	2068	27	30295383	100	12980
170	53307631	5325	28	58125463	0	32584
171	9413159	922	27	14285423	69	9822
172	62397647	6101	28	66786839	0	7705
173	19548423	2108	27	51176591	100	10080
174	56198303	5621	28	67381703	0	4405
175	72848327	7272	28	72861463	5	7612
176	73115015	7282	28	73127023	100	16449
177	20600543	2097	28	20609567	100	9384
178	54182119	5416	28	54194127	0	58001
179	73481479	7320	27	78489839	93	4134
180	18379247	1866	28	25220063	100	34739
181	41536415	4079	28	48565647	0	42007
182	20320343	2090	28	26385039	100	4444
183	28506159	2824	28	53024255	41	17819
184	67164295	6700	28	70161311	32	14364
185	75324791	7394	28	75338207	100	47747
186	80897423	8166	28	81092479	100	2929
187	20881487	2206	28	27680599	97	11711
188	38773359	3857	28	52138479	0	12908
189	12990279	1269	28	21554639	0	34656
190	50091591	4998	28	55275735	88	47499
191	77024063	7684	28	80820695	97	10446
192	22144615	2290	28	27785135	100	40500
193	48934503	4908	27	71779911	28	7233
194	9985495	984	27	14961367	9	22638
195	33184607	3278	28	39553591	5	3123
196	11724543	1156	28	18938895	0	15848
197	39358175	3879	28	49036439	0	17201
198	79151295	7978	27	84033335	100	9842
199	17051863	1706	28	37116807	97	34474
200	31275311	3075	28	42161567	0	23229
