1	24722639	2448	28	24965999	0	56538
2	23986279	2285	28	41714103	100	34970
3	22149655	2158	28	45501807	0	38650
4	64252255	6394	28	84149023	97	60336
5	53243695	5408	27	72010663	100	82877
6	18001767	1671	28	86142167	100	78068
7	37156543	3850	28	54258295	100	65561
8	19082583	1786	27	27488223	5	54069
9	37555679	3886	28	44740831	100	77719
10	21225831	1890	28	26814871	0	85546
11	36722991	3914	28	48203271	8	54462
12	15477559	1501	28	26938119	5	77583
13	37369247	3782	28	69198791	84	75506
14	19379103	1753	28	70645535	100	83297
15	37194887	3914	28	82867815	100	53820
16	14799271	1447	28	51318783	97	90859
17	35774839	3612	28	26100983	0	76459
18	19586215	1724	28	41600343	100	84719
19	39595311	4210	27	16395351	1	37987
20	19902943	1837	28	37107207	65	73879
21	37035815	3865	27	17036527	0	72143
22	19983183	1853	28	64622183	0	63221
23	37618015	3921	28	77398751	100	77842
24	20325303	1753	28	57594383	97	79211
25	39603951	4261	27	21006591	0	71138
26	19735375	1707	28	47250167	100	68936
27	39829807	4268	28	13068295	0	67168
28	16976375	1391	28	24996807	53	64816
29	43849751	4720	27	26011143	0	74947
30	18281071	1709	28	41097631	100	79027
31	37912719	3917	28	28659863	0	70656
32	20720247	1815	27	48885791	97	88707
33	38158127	4090	28	13811295	0	67876
34	14438543	1337	28	28611959	0	57778
35	36123727	3712	28	27752631	0	84925
36	14976279	1341	28	48024639	97	57732
37	34659575	3618	28	26209775	0	70590
38	20160775	1805	28	53464839	100	63286
39	37462079	3968	28	25469775	0	83098
40	19310303	1791	28	40544487	97	64015
41	39674575	4124	28	26431295	0	58202
42	17312367	1539	28	39214791	98	66492
43	42030591	4418	28	15811583	0	64197
44	19760079	1745	28	33913111	5	57238
45	38738991	4127	27	25839367	4	93002
46	19185007	1819	27	66582159	100	72557
47	37632079	3864	28	50049223	100	87340
48	20427119	1916	28	21392567	5	45935
49	36144415	3746	28	71490655	100	73618
50	11358847	991	28	77575527	100	70945
51	33356279	3463	27	56849623	97	80254
52	18800903	1627	28	16727591	5	63590
53	40791415	4353	28	64224647	0	87092
54	20141759	1773	28	50803007	100	74932
55	37079591	3964	28	24427695	0	86614
56	19374015	1729	28	40732175	5	84001
57	37457903	3959	28	28630007	0	41965
58	13549639	1282	28	66165663	100	73925
59	34943111	3541	28	59647455	100	71041
60	17761463	1649	28	22647927	5	83208
61	37764799	3912	28	35066743	100	73961
62	19439823	1738	28	17035775	0	65874
63	38838991	4108	27	36957343	28	59105
64	18461223	1663	27	21457127	5	62472
65	38976591	4099	28	63154767	100	60558
66	15615031	1220	28	57304191	100	85169
67	43749895	4742	28	24444111	0	66802
68	18657527	1667	28	35236327	77	89776
69	38094255	4019	28	26903623	0	93960
70	14658479	1303	28	40301863	100	53529
71	43187327	4500	27	25824167	0	85021
72	13248167	1316	28	69468487	65	84413
73	34157439	3401	28	59284703	100	72379
74	18658887	1716	28	24910383	0	77781
75	38082031	3967	28	41203999	100	38442
76	16831295	1506	27	27170359	5	65584
77	40450935	4240	28	49547903	100	70620
78	18277807	1638	28	25620031	0	79341
79	38420703	4046	28	49856511	100	64793
80	14933335	1333	28	28390815	5	72490
81	42862447	4464	28	60178743	100	75328
82	18017551	1639	28	66861567	100	87587
83	38640839	4036	28	25183623	1	57644
84	16140591	1512	28	40823679	97	57550
85	35100423	3607	28	28073303	0	74850
86	18728055	1687	28	47948959	8	61863
87	37589007	3955	28	23992071	0	60610
88	17738519	1601	28	71221335	97	71730
89	39070767	4088	28	72457719	100	82750
90	16846719	1543	28	60356287	100	87032
91	40590615	4221	27	27778263	0	75367
92	15495999	1329	28	76294447	5	62229
93	42372375	4477	27	51895351	100	76906
94	18103703	1663	28	20673071	0	82607
95	38319071	3989	28	49744887	56	64586
96	18576959	1782	28	23519775	5	58297
97	38444719	3941	27	34431335	100	84439
98	14352359	1202	28	27573247	0	71873
99	39391439	4190	28	48529095	100	62819
100	14285151	1299	27	21133863	5	70704
101	34412967	3564	28	67731495	100	82917
102	15795583	1426	28	59673119	100	57984
103	35643215	3710	28	28494951	0	77690
104	19082087	1740	28	48612727	97	75202
105	36555151	3830	28	15603391	0	80927
106	17872543	1699	28	37030927	100	61058
107	37305871	3825	27	16723183	0	63940
108	17089927	1516	28	36020271	61	72496
109	39252695	4136	28	25941519	0	68151
110	17275039	1511	27	43247671	100	86269
111	39072527	4140	28	25298679	0	76491
112	17617095	1525	28	41348007	97	78497
113	40514991	4303	28	15018039	0	72189
114	17290551	1468	27	29644407	88	84049
115	38622951	4132	28	27324135	1	85865
116	16889559	1403	27	48633263	97	76007
117	39999759	4300	28	26580423	0	85063
118	13584407	1271	28	58639343	100	84807
119	33968159	3481	28	60555775	100	88626
120	13267351	1306	28	10990351	5	77951
121	34588143	3475	28	29491247	0	73534
122	16784175	1464	28	17035719	0	76522
123	38012447	4013	28	34967783	0	70067
124	13955903	1247	28	25680599	5	62151
125	33959279	3529	28	45221047	100	76374
126	17106103	1619	27	24266399	0	86481
127	36790919	3769	28	35601767	100	53728
128	19127399	1643	28	27845175	5	49292
129	47703063	5054	27	56872943	28	43792
130	17894839	1680	28	83201031	100	57765
131	41105447	4227	27	80597111	100	62576
132	12154831	1212	28	58746951	97	74062
133	29602599	2939	28	16264727	0	63237
134	17974007	1620	28	33814535	88	87970
135	43070479	4493	28	25319511	0	91451
136	16289535	1529	28	72963239	97	80699
137	42499967	4359	28	53945391	84	58849
138	18344911	1648	28	26170239	0	80608
139	43488407	4551	28	63706023	100	61302
140	20391479	1611	28	58852879	97	87061
141	47834791	5230	28	26955127	0	85693
142	16112311	1614	28	62521863	100	82709
143	43351183	4341	28	60532959	100	59864
144	15848623	1514	28	28046895	5	60363
145	42283999	4308	28	73525231	100	87237
146	19008959	1718	28	59486223	100	89395
147	45609503	4762	28	24719167	1	86965
148	20676167	1651	28	37296207	45	57427
149	47490767	5190	28	16370167	0	69610
150	15128151	1511	28	38504039	100	63948
151	35000551	3496	28	25375119	0	35696
152	19110263	1655	28	41927687	97	84356
153	46348727	4905	28	23706015	0	72523
154	16412063	1642	28	38201759	100	60722
155	41215031	4129	28	26551231	0	69098
156	19304327	1636	28	44784799	97	74820
157	47920975	5107	28	26683687	0	52700
158	16635183	1635	28	46982375	100	58752
159	31563239	3155	28	20311119	0	76298
160	19252999	1647	27	74318055	81	75565
161	49105567	5201	28	50942967	100	84465
162	17912335	1620	28	27085151	0	76041
163	46225271	4813	28	68300663	100	61708
164	19482711	1706	28	55717455	97	69212
165	48431839	5102	28	12119239	0	58317
166	17611863	1571	28	26209071	0	70739
167	47398335	4950	28	17074407	0	63115
168	20680119	1695	28	37584519	37	87373
169	49502519	5344	28	26848679	0	88152
170	16920951	1605	28	46670711	98	87044
171	38012711	3884	28	16325183	0	38224
172	17249303	1611	28	36302871	53	61073
173	39231703	4035	28	27787719	4	88526
174	18786519	1627	28	48184255	100	84101
175	48471007	5115	28	27916655	0	56233
176	14437599	1401	28	47748335	97	60200
177	39080183	3951	28	13650823	0	74418
178	17892503	1622	28	34898271	100	87391
179	43188407	4487	28	23661727	1	64909
180	21647007	1867	28	38723175	5	79185
181	49010695	5225	28	21927575	0	85848
182	18168447	1630	28	47220999	72	89850
183	46050143	4797	28	27316551	0	54839
184	18143087	1672	28	72726855	97	86282
185	60855143	6009	28	50341439	0	83158
186	78214383	7797	28	15787127	0	59234
187	61040831	6402	28	58766647	100	69768
188	23951703	2285	28	75253455	97	84902
189	46653647	4774	28	64140887	100	70051
190	23822447	2279	28	27405159	0	84459
191	73210551	7196	28	49062703	100	89193
192	60456399	6294	28	27114735	5	89821
193	18455135	1847	28	47400855	100	62403
194	44354319	4434	28	26243687	0	81647
195	23254247	2181	28	33447407	100	76446
196	75206831	7350	28	12141719	5	88656
197	60724231	6423	28	26241903	96	78235
198	23253735	2236	28	27084807	0	68841
199	66735087	6415	28	73878639	100	60651
200	82740471	8545	28	56187951	97	69761
