1	79241191	7998	28	8555199	33	70814
2	1704351	167	28	85797007	0	87609
3	69898351	6983	28	87267887	100	84573
4	1515567	145	28	8574391	64	64156
5	73885223	7401	28	78392255	5	74114
6	1596815	157	28	12693151	100	92032
7	75943071	7608	28	86480543	0	86589
8	80130775	8047	28	10031951	0	74005
9	1516847	148	28	85028535	5	65585
10	64633159	6451	28	89917239	0	82136
11	74749847	7505	28	25805535	0	84249
12	76933975	7699	28	76467095	100	49626
13	77415135	7771	28	96007063	5	65877
14	1668191	164	28	76957647	8	89399
15	76690655	7694	28	78221151	0	75174
16	80773959	8117	28	15328383	0	68694
17	1519023	151	28	90869119	5	86316
18	71135215	7140	28	96921479	100	85546
19	1529975	151	28	17908351	0	63594
20	66050807	6632	28	98875143	28	74997
21	78414191	7867	28	29272183	5	69901
22	80956839	8123	28	94856143	0	80176
23	77940767	7826	28	87796663	0	85745
24	1551055	150	28	82894991	0	50028
25	65576167	6544	28	83505159	5	87302
26	79704463	8005	28	8198855	0	85213
27	79725503	7984	28	77009727	0	85955
28	1354031	151	28	93137663	1	80264
29	75621815	7589	28	88214847	5	70317
30	715687	71	28	15787327	20	75834
31	75293727	7554	28	95953007	0	75951
32	79786999	7994	28	21441015	0	64924
33	1329735	129	28	101172127	65	90207
34	71040223	7097	28	79811015	16	88266
35	1591663	158	28	2247463	48	93519
36	69101591	6904	28	77908559	0	83390
37	78634159	7875	28	17281991	97	92415
38	1685655	165	28	78693879	0	70775
39	67443455	6748	28	85275759	0	66490
40	76844711	7711	28	36177583	0	87665
41	79261775	7922	28	90361599	97	71952
42	79245647	7944	28	79617767	0	85051
43	77996455	7836	28	83384463	56	89048
44	82730679	8310	28	87043375	100	60505
45	734527	71	28	85175247	97	86054
46	71083103	7122	28	90789215	56	76687
47	78193119	7851	28	12845687	100	75858
48	1620735	159	28	86155519	4	67726
49	48098367	4802	28	95186559	33	70194
50	78389079	7870	28	7514415	48	75798
51	77873903	7778	28	67922615	0	81625
52	1681375	165	28	78403047	56	65518
53	73146367	7292	28	77893255	45	79028
54	81926751	8228	28	1706799	0	89226
55	80960983	8123	28	73170383	0	87372
56	77482055	7773	28	81950767	0	87450
57	1440303	144	28	81778423	5	73693
58	39642055	3969	28	82687087	0	82592
59	76098743	7632	28	17864959	100	85941
60	81308087	8140	28	79040183	100	69999
61	78900487	7932	28	90569719	100	82424
62	76962359	7725	28	81332775	0	89015
63	1657599	163	28	86621031	100	87343
64	70950095	7093	28	84378175	20	87813
65	76365055	7654	28	6932975	97	50916
66	78745495	7902	28	80168727	100	87585
67	1426095	142	28	88147951	48	88199
68	67690727	6777	28	90358079	28	88206
69	78126719	7837	28	15495015	65	44391
70	77754175	7802	28	84778495	0	89108
71	80967039	8121	28	94535103	8	82066
72	81437743	8154	28	77778199	0	89807
73	1707655	167	28	80990479	5	64853
74	66889087	6677	28	81461255	0	78953
75	1230447	122	28	1725263	0	61750
76	78156359	7832	28	72876887	0	81040
77	79375575	7970	28	9701799	5	83787
78	1636111	160	28	89743343	0	87889
79	71586799	7115	28	94339591	100	79844
80	75832055	7657	28	29677791	100	76540
81	77269495	7757	28	87141015	5	78515
82	80982223	8122	28	84871319	100	74686
83	77085855	7712	28	77296367	100	80133
84	1526991	149	28	82932007	56	82270
85	70427599	7034	28	81214719	5	86458
86	79573567	7985	28	4132751	0	72438
87	80973111	8123	28	78208463	0	90401
88	1638599	160	28	90252375	56	86607
89	43641983	4346	28	89961015	5	84897
90	1345375	151	28	12163999	64	65850
91	75536487	7527	28	87384631	0	69759
92	80213999	8045	28	13345015	97	93446
93	880935	87	28	75561911	5	56391
94	70064743	7004	28	80239751	56	71039
95	1479087	145	28	905687	28	65616
96	70815071	7075	28	74734991	0	84178
97	1582415	157	28	8548447	5	90464
98	63395623	6328	28	79592903	0	51523
99	1492895	148	28	9081719	100	82546
100	64569959	6435	28	76199271	88	78792
101	76743991	7713	28	29438143	97	83737
102	81121895	8140	28	84907063	36	71363
103	76596135	7683	28	88559367	100	79694
104	79204383	7951	28	81145047	0	88396
105	1508159	148	28	76622687	69	80389
106	68437639	6833	28	81616783	0	76558
107	79214879	7931	28	8173559	0	74990
108	1523903	151	28	77749071	0	78966
109	67364927	6734	28	91343703	41	50946
110	77946575	7825	28	25578279	24	76693
111	1659871	164	28	86837095	100	74425
112	73700431	7359	28	93150879	100	75489
113	1567055	156	28	1686423	61	87499
114	70607959	7040	28	76260327	0	81166
115	80934959	8098	28	10435695	2	72164
116	1566959	155	28	76759975	0	53279
117	62237295	6217	28	86519751	5	86031
118	77563471	7786	28	9575359	100	62751
119	1266311	129	28	76332903	100	77469
120	74300255	7451	28	93742135	36	78816
121	80859599	8135	28	28269655	97	71082
122	79358135	7940	28	98205791	56	81268
123	78750975	7888	28	82118639	100	63230
124	76241751	7635	28	83616863	89	82344
125	1284039	139	28	82587703	5	82200
126	65395511	6542	28	80477327	0	70269
127	786823	77	28	10070591	100	74395
128	73190431	7299	28	87978703	0	87747
129	1309295	131	28	18885775	53	60868
130	57900327	5786	28	77584551	0	73317
131	78690999	7897	28	11193119	100	76436
132	867407	86	28	79070719	0	63454
133	78355663	7871	28	81464799	5	92116
134	76233063	7654	28	7023999	48	87929
135	1680071	166	28	97946823	0	87573
136	69522663	6944	28	91821615	72	73657
137	1334191	131	28	10995047	5	68406
138	39454671	3939	28	76913599	0	92635
139	74984231	7520	28	29030791	84	92790
140	76706439	7695	28	80421703	0	76052
141	77263455	7731	28	95457455	81	89667
142	76523799	7694	28	76740815	0	74830
143	80898815	8112	28	77289727	0	53683
144	78337303	7866	28	77513767	32	87638
145	79364543	7960	28	85098927	61	86101
146	78061303	7833	28	84141943	100	61802
147	80988503	8131	28	87216287	0	90050
148	81629695	8187	28	88246663	0	67390
149	76951399	7728	28	92290055	93	76249
150	1523335	151	28	88763727	0	77992
151	70057215	6988	28	93656639	100	66956
152	82856727	8314	28	46730487	100	47896
153	1193143	117	28	80557775	97	68328
154	66348495	6616	28	82884407	28	81752
155	76400719	7670	28	13517535	8	88197
156	78332239	7837	28	78201239	1	85709
157	1548191	151	28	87804039	5	62039
158	63690903	6359	28	85981687	72	90375
159	77103479	7743	28	9180735	0	64816
160	1489967	147	28	73828423	0	82432
161	73328623	7321	28	96814671	5	84347
162	78685543	7871	28	15065327	0	88663
163	75312695	7520	28	87135463	0	88167
164	1624783	156	28	78710687	0	89299
165	75881799	7599	28	79024671	97	90701
166	77545183	7778	28	11612503	8	61868
167	80365055	8076	28	92547383	0	82048
168	1527183	151	28	86456751	0	61767
169	43129799	4296	28	90322663	5	89057
170	78413975	7879	28	25460343	0	91396
171	76559167	7681	28	94325575	0	81451
172	79916879	7986	28	89364911	100	72258
173	78851695	7913	28	76583183	5	80683
174	81116087	8141	28	79940895	48	83693
175	79191719	7954	28	87369487	72	80715
176	78578791	7881	28	93228927	60	80916
177	81615599	8185	28	90716343	29	59254
178	82573815	8299	28	92180543	28	89976
179	1557423	152	28	90981703	0	93080
180	45703167	4574	28	91521703	100	92038
181	79546167	7976	28	12670711	5	60781
182	76803647	7704	28	90012903	0	84855
183	77389927	7764	28	92057655	100	46565
184	1540927	150	28	76827663	56	80924
185	73718807	7384	28	77415351	93	90318
186	81108111	8137	28	8989335	0	87204
187	1760831	174	28	89987607	0	53918
188	63342167	6347	28	87100063	1	72804
189	81241103	8169	28	14930167	97	48974
190	76681111	7674	28	102761295	0	85416
191	1415711	147	28	82078031	100	61413
192	67413903	6718	28	76706535	0	69840
193	78953599	7927	28	1919719	97	58045
194	1616223	158	28	78166847	0	72338
195	70219087	7005	28	91909303	0	78450
196	79911671	8022	28	11433591	64	88401
197	77929295	7825	28	80847911	5	86419
198	1061511	103	28	90217415	100	88289
199	72659839	7271	28	84308063	100	84962
200	80092111	8017	28	30110431	100	86637
