1	44368111	4534	28	28207927	0	84096
2	18650551	1665	28	70993815	100	71989
3	45394919	4750	28	49548743	64	60965
4	17939127	1621	28	13136039	5	42353
5	45921847	4778	28	27292679	0	89540
6	18047079	1680	28	25944687	0	47573
7	43243991	4453	28	46429271	100	80131
8	19372919	1795	28	16158503	5	79701
9	48532455	5012	27	36916415	0	66286
10	17709847	1570	28	21933191	0	82458
11	43981039	4610	28	47495103	60	90298
12	18013071	1620	28	27199455	5	88078
13	46032839	4789	28	48029271	100	78328
14	19042055	1654	28	23782263	0	82729
15	48317247	5100	28	36876527	1	54118
16	20144951	1665	28	22831919	5	60768
17	49444895	5316	27	34597087	100	43518
18	17674679	1680	28	27220047	0	73693
19	36937367	3771	28	48408303	100	78393
20	19449111	1690	28	28211719	5	83321
21	49016567	5171	28	70746807	100	79658
22	18349111	1665	28	57411623	100	76546
23	43053439	4476	28	17802207	0	56545
24	18644983	1727	28	46420727	97	68891
25	43870999	4534	28	19342759	0	76646
26	18017783	1690	27	40014143	100	73722
27	41849367	4297	28	21199759	0	75869
28	21116511	1682	27	68026207	97	86301
29	48866295	5339	27	58734207	100	86501
30	18219055	1673	28	21493583	0	75154
31	43303159	4483	27	47932095	100	71468
32	18252863	1640	28	17458839	5	66791
33	44748519	4668	28	35630135	0	90052
34	17445679	1541	27	11984951	0	71223
35	45379591	4750	28	24907183	16	84466
36	19010511	1660	28	26949471	5	88746
37	48310647	5087	28	69922671	100	90223
38	18181471	1738	28	80288455	100	60200
39	44078399	4498	27	57835503	100	78677
40	17893367	1678	27	22984615	5	73223
41	39190135	4027	28	62245967	100	65360
42	13224655	1287	28	81910167	100	72017
43	37827063	3816	28	55379303	100	76707
44	12308479	1225	28	12652031	5	52123
45	33169663	3305	28	27247079	0	74379
46	18073623	1637	28	11800751	0	60751
47	44253263	4601	28	25816839	1	78268
48	19166871	1652	28	19069911	5	76503
49	49003503	5183	27	70515743	28	64938
50	17315503	1620	28	53530943	100	77921
51	38464183	3952	28	23069791	0	78235
52	17648231	1706	28	37360495	97	88513
53	55972039	5399	27	15876223	0	65154
54	80660503	8172	28	35206063	84	65930
55	55583951	5740	28	27001287	0	89070
56	24306039	2277	28	68097207	5	81793
57	70229439	6828	28	56380655	100	51723
58	80370127	8036	28	27927671	0	74145
59	62270015	6633	28	61145967	76	84898
60	12518751	1240	28	84930199	97	55354
61	50808527	4815	28	56516175	100	58112
62	58206527	6085	27	25188335	0	92695
63	16863199	1682	28	37763143	100	77501
64	56790887	5544	28	22587175	5	87253
65	58381743	5993	28	35149191	64	68731
66	22245863	2171	28	26254487	0	74498
67	63987415	6017	28	50260863	100	59862
68	62985287	6753	28	23268663	5	54445
69	22883631	2173	28	38164487	0	60944
70	61579263	5992	28	26131503	0	85691
71	78118735	7841	28	63075391	100	91705
72	61038383	6391	28	84279983	97	74920
73	18919647	1852	28	53200551	100	62173
74	51758783	5228	28	25705575	0	74997
75	17930239	1795	28	38027863	100	59957
76	47296151	4721	28	27685087	5	84736
77	23848559	2289	28	48101135	100	63442
78	73741967	7309	28	13456351	0	77555
79	59969503	6184	28	28497343	9	61087
80	22361751	2158	28	26833335	5	65440
81	43513423	4418	28	45320775	100	61345
82	17010815	1701	28	26812687	0	72045
83	62739175	6062	28	45811903	100	74627
84	62177935	6449	28	14781839	5	72329
85	16551727	1618	28	32448831	100	69823
86	44667095	4497	28	17288263	0	70420
87	18074871	1772	28	38653895	100	57035
88	65741727	6444	28	25923607	5	88762
89	55688783	5737	28	59663567	8	94904
90	22222919	2224	28	57817775	100	88334
91	48921431	4881	28	23818247	0	76395
92	19849607	1964	28	53773335	53	85442
93	70886247	6855	28	84804271	100	74634
94	78474911	7854	28	57336551	100	83776
95	61475671	6455	28	24060263	0	86526
96	17755927	1763	28	61445935	97	60000
97	65623263	6280	28	51352951	100	43155
98	57948095	6098	28	24270359	0	66832
99	23103447	2261	28	40403719	100	76908
100	65603959	6374	28	26165575	5	55760
101	59075735	6164	28	47240447	100	75469
102	23914311	2300	28	12613039	2	73254
103	46335399	4723	28	27841007	0	71019
104	16429847	1633	28	27788623	5	73581
105	42567791	4254	28	65570447	100	63593
106	10714855	1061	28	83381575	100	54728
107	44216175	4065	28	78996719	100	69867
108	80772095	8236	28	73865639	97	87496
109	79117479	7782	28	60382239	100	89881
110	61166951	6488	28	24793663	0	58611
111	23579119	2364	28	37948719	97	85048
112	52867967	5290	28	27527391	5	57659
113	16440055	1608	28	65872871	100	59363
114	42593263	4313	28	81382575	100	52019
115	18940831	1769	28	58307511	100	85717
116	37611087	3893	28	23760551	5	71644
117	19121991	1739	28	35106711	24	61917
118	40365799	4230	28	20021471	0	80430
119	17650503	1606	28	46378655	100	78619
120	42117383	4391	28	19402311	5	66216
121	19540471	1822	27	74556223	84	75020
122	39526623	4103	28	82326351	100	76010
123	15070711	1493	28	50412823	16	59835
124	36522991	3668	28	27536767	5	53782
125	20269679	1882	27	46696967	100	72021
126	38271391	3980	27	26608863	0	78659
127	14285703	1419	28	48332231	100	61018
128	30754551	3059	27	21092783	5	70494
129	13310807	1214	28	49906247	100	86282
130	34438743	3550	27	20588071	0	55897
131	19154887	1754	28	68503455	100	62047
132	37862719	3956	27	55221815	97	78081
133	14366575	1401	28	17385999	0	72142
134	34607783	3475	28	37711863	100	40351
135	19555031	1731	27	27500663	0	75542
136	38347527	4078	27	50333431	93	62990
137	18562807	1687	27	26465807	0	61973
138	36661351	3847	27	41958279	100	85877
139	16687167	1576	28	27033119	0	75618
140	42740511	4386	27	47643479	97	55337
141	14378991	1263	28	21665311	0	73525
142	35253055	3689	28	46373839	100	78400
143	14217359	1280	27	25905327	1	75119
144	34177895	3556	28	49083719	97	59823
145	18943639	1693	27	25341895	0	57731
146	40248863	4245	28	39481591	100	38643
147	14900343	1347	28	17145823	0	45150
148	34792327	3613	28	64454815	97	80976
149	17718839	1590	28	48805543	100	85305
150	36430511	3837	28	20416447	0	94120
151	13664775	1359	28	45757591	100	84506
152	30872127	3071	28	19493551	5	68937
153	16528247	1374	27	47023071	8	69425
154	43976599	4702	28	13747255	0	58675
155	16352487	1460	27	28765975	100	84960
156	36324983	3809	28	25554127	5	80117
157	19861415	1749	27	36497791	100	89064
158	39483343	4207	28	16001583	0	75918
159	18777847	1706	28	36754063	100	75058
160	40010671	4191	27	24535671	5	60343
161	13829823	1273	28	63601079	100	72544
162	33930343	3499	27	52174887	100	44317
163	13969319	1388	27	21600023	0	58046
164	32728359	3254	28	35771039	5	85895
165	20270503	1864	28	26898823	0	86520
166	36980455	3874	27	38687335	100	84568
167	18722039	1713	27	27631383	0	77200
168	40734095	4249	28	49507759	97	68651
169	19496279	1767	28	27079551	0	66756
170	37083695	3900	28	48559135	100	57023
171	14740311	1350	28	12833055	0	77528
172	35723047	3685	27	26539975	97	79110
173	14827655	1401	28	23485167	0	73297
174	34583591	3532	27	36365575	100	62061
175	14056663	1344	27	20452519	1	63674
176	33489991	3403	27	70501567	97	60672
177	14229855	1268	28	75562927	100	66896
178	33431319	3497	28	82341423	100	58334
179	18306287	1696	28	80487631	100	79366
180	37753943	3922	28	75506207	97	55024
181	18830239	1706	28	82255303	100	81013
182	38068039	3993	28	82248167	100	76545
183	15152439	1235	28	74120095	100	55980
184	43992855	4706	27	59727735	97	84807
185	12932855	1179	28	12683007	0	58373
186	33543639	3462	27	33748663	0	80977
187	14661983	1418	28	13413255	0	54835
188	35025111	3545	27	28217223	53	54268
189	13056559	1190	27	21185207	0	73030
190	34023631	3514	27	66292199	0	71683
191	17941591	1617	27	60448319	100	76605
192	37451007	3930	28	22252767	5	76682
193	15276679	1458	28	47770839	72	57131
194	34886631	3548	27	23873311	0	78418
195	15514231	1472	28	57931871	100	74984
196	34797455	3556	27	83945103	97	63243
197	17947087	1673	28	57855127	100	65468
198	35837943	3716	27	22290567	0	76452
199	14845055	1379	28	38441943	100	76534
200	33683143	3469	27	26806591	5	63209
