1	32128303	3161	26	33636127	5	17674
2	13339055	1338	27	20392319	100	5332
3	28221543	2681	23	34155999	0	22119
4	11314439	1231	24	17732047	97	16843
5	49405503	4894	26	52179703	9	14847
6	19104927	1969	27	25602559	100	6124
7	39904135	4001	27	55430695	0	17362
8	11670903	1151	26	27531495	56	14378
9	57446399	5762	28	62057223	13	18988
10	12716647	1254	25	17838455	100	12977
11	47140591	4717	26	65683511	100	22036
12	9525335	936	27	18052751	28	19004
13	58316559	5845	28	64997559	5	35020
14	11295519	1124	27	21300295	100	7656
15	34295415	3419	27	60865887	0	12700
16	69809343	6980	27	73618503	84	18256
17	17845303	1801	27	17907143	97	15184
18	61830695	6207	27	61883135	0	11679
19	14277247	1409	27	14915087	16	32747
20	60668847	5993	26	68173751	0	12912
21	16068487	1697	27	27771231	97	20920
22	47097071	4646	27	68862567	0	9471
23	15541415	1645	26	23664039	100	8545
24	42356711	4218	28	42368719	0	16149
25	13174711	1312	25	14244663	97	15734
26	43847983	4365	27	47841279	0	11080
27	69212279	6887	24	72292855	38	13623
28	17265839	1766	25	21938583	100	4972
29	35293375	3504	26	41515527	5	6514
30	7826063	777	27	15878799	40	19956
31	47435655	4739	26	54728423	8	16238
32	68315935	6761	26	75922927	100	11085
33	18125367	1890	28	50353567	97	16332
34	34700655	3427	27	61147943	100	26471
35	14358599	1471	27	14369135	100	9447
36	33163135	3228	27	42131463	1	13566
37	15528263	1618	27	29447991	97	19254
38	34568223	3435	27	41038719	0	40955
39	68049287	6780	25	71667479	28	14281
40	20967807	2122	27	24241567	100	13476
41	48619015	4867	27	60178415	5	3390
42	8870223	868	26	23031991	88	26675
43	46278703	4632	25	56846735	0	5694
44	10590311	1031	27	10601871	0	10736
45	44638703	4446	27	44651839	5	17021
46	13653919	1355	27	14706215	24	4609
47	36112383	3575	27	41354471	0	8029
48	12547175	1271	27	20009831	100	16884
49	31063207	3069	26	38125415	5	10179
50	9169903	900	26	18634671	28	15422
51	36569703	3656	26	44853335	0	6728
52	10213487	1005	25	23065911	0	16737
53	56211519	5624	27	63290023	5	15243
54	18695575	1885	25	21933471	100	26843
55	56353831	5576	26	61467743	0	28222
56	13471799	1409	27	26834295	100	15370
57	45551735	4575	26	76697303	5	15982
58	14068055	1392	27	17040591	100	17866
59	56555855	5659	27	56566775	0	10001
60	9646903	941	27	9658439	0	12009
61	30268847	2999	26	30278615	5	17859
62	10275647	1016	25	10285895	0	15228
63	30973687	3078	28	38463855	0	30227
64	10467015	1026	27	16979703	40	8005
65	37320143	3677	26	44030863	5	19908
66	11165599	1161	26	28670519	100	27966
67	46846367	4698	27	61256151	0	35489
68	10244527	1008	25	10257663	49	8811
69	55954263	5600	25	55963287	5	34666
70	10354599	1013	27	12096199	64	26222
71	49449055	4953	27	58770799	0	18831
72	10832783	1063	26	24106935	100	15237
73	27064919	2666	25	33512431	5	21302
74	5698207	561	25	10347575	100	50002
75	27963319	2738	27	32308295	0	32310
76	10932167	1080	26	23889215	48	15547
77	45253495	4532	27	63987423	5	5011
78	10504271	1034	25	11562615	100	12823
79	62200999	6246	26	69489007	0	42656
80	15500039	1550	25	24031415	8	14375
81	45888927	4549	26	55371159	5	10283
82	8037759	810	24	12216791	100	15190
83	38032087	3788	26	60240287	0	32188
84	9058319	919	24	16181847	100	33314
85	48248695	4820	26	57259847	5	18723
86	11058047	1097	26	72875423	100	13307
87	39862855	3989	24	71214063	100	24760
88	8729319	858	24	69945935	0	26758
89	49535839	4917	24	74611999	5	3794
90	11130583	1160	25	13669031	100	11773
91	43167223	4264	26	43179231	0	14110
92	19019711	1953	27	19033127	100	15455
93	44255167	4412	27	44267175	5	14095
94	15344807	1520	25	15362183	100	20857
95	34621471	3445	25	34633031	0	19069
96	10668591	1039	26	10680599	24	21813
97	45164607	4506	23	45179151	5	42176
98	8761279	852	24	8774415	24	24326
99	53386783	5331	25	53398791	0	45879
100	10776751	1045	27	10788311	57	37281
101	50681943	5069	27	55009519	5	21249
102	9929231	966	27	9945631	48	20085
103	39363999	3913	26	39376007	0	43027
104	8672687	850	27	8684695	0	49650
105	47785639	4748	28	47798327	5	32555
106	19059935	1925	27	19071943	100	31925
107	31798351	3155	27	44227919	0	15213
108	10455895	1017	27	20664383	24	27506
109	42772511	4284	27	52408767	5	20602
110	72299791	7166	26	76769255	12	10491
111	18045679	1887	26	18057303	100	27042
112	53094911	5322	27	53105511	0	16673
113	20258367	2028	25	20268911	97	33149
114	50485575	4985	27	50495215	0	28630
115	83305871	8384	25	83326655	100	32897
116	17551303	1802	25	22204071	100	7342
117	28463767	2802	25	33130455	5	26316
118	7833503	770	26	13072975	48	25916
119	35352543	3414	27	48518527	0	22723
120	13545999	1474	24	29630951	100	25372
121	51909191	5146	24	52499431	21	34474
122	19845559	2031	25	19855423	100	24282
123	42485671	4254	27	42499255	0	50704
124	11330847	1113	26	11341871	100	23181
125	55032263	5359	25	56196983	5	14902
126	79769815	8178	24	84819055	100	39861
127	18056031	1799	26	23314927	36	17427
128	41540519	4134	25	50658479	0	31853
129	9552903	948	26	22860767	97	23136
130	48160599	4778	25	56110983	0	27761
131	21062239	2168	24	21074127	100	20516
132	31050951	3069	25	31062959	1	15148
133	9471599	920	25	9484343	5	19965
134	60864935	6098	26	60918175	0	16145
135	13537991	1343	25	17646551	48	39947
136	60822295	6070	25	65178751	0	6859
137	14075791	1429	25	17103895	97	15682
138	60312703	6049	25	63969359	0	29943
139	12173807	1197	25	17213583	48	11027
140	45331479	4555	26	68183303	0	6269
141	13104983	1305	25	17385927	69	13992
142	28743551	2828	24	28755087	0	23097
143	68198743	6735	26	68208607	20	10109
144	18053695	1901	24	18063687	100	15105
145	17186967	1681	24	33838471	5	17162
146	3531679	348	24	34663935	100	29067
147	47826455	4773	26	58389263	0	18162
148	13550151	1344	28	13560879	28	15734
149	57680783	5780	27	57691895	5	7535
150	74547495	7433	26	77982175	100	16933
151	17669919	1801	26	21118023	100	18665
152	43693007	4387	26	66130807	0	14146
153	14153831	1406	26	22345207	53	18051
154	48670183	4863	25	48682191	0	10425
155	10274967	1006	27	10285855	2	5525
156	57112239	5520	25	57123799	0	19436
157	77222943	7911	25	80763799	97	21345
158	19935279	2051	27	22314527	100	21542
159	36601735	3628	27	43024959	0	14280
160	9790063	976	27	14205631	0	18934
161	21645663	2112	28	25473175	5	16034
162	6415279	627	28	13573111	16	24921
163	34467535	3365	27	43559623	0	7277
164	13623287	1418	26	28152791	97	4557
165	32925711	3286	27	55354823	5	6054
166	9990743	992	27	27670975	16	17147
167	51356895	5160	26	74763895	28	12669
168	13023527	1295	25	16685039	16	21803
169	56710351	5670	27	56723767	5	4542
170	10299519	1007	26	10311527	48	6167
171	60884591	6106	27	60896599	0	5480
172	12904303	1266	27	12916991	0	6073
173	58298855	5831	27	63882831	5	17430
174	11766159	1168	25	17862815	100	38616
175	63894607	6409	27	69254167	0	20127
176	77690679	7797	24	82246239	48	59609
177	16614559	1665	26	22550831	97	27689
178	21444815	2068	28	25893271	0	7262
179	3520047	343	24	22413279	0	9473
180	23345263	2280	24	31752415	0	8750
181	8006431	782	26	8018439	69	29226
182	37803055	3752	27	37814615	0	18197
183	76252295	7649	26	76265431	100	16390
184	19922535	1992	27	19965327	100	20523
185	53769447	5377	27	57578407	5	20149
186	9571767	938	26	13212759	56	15892
187	59315279	5922	25	63293847	0	9102
188	11350519	1143	25	27457743	100	6293
189	45394495	4550	26	57157631	97	16370
190	14434271	1435	27	14446279	0	19967
191	45711991	4565	27	45725127	0	5911
192	9076879	888	26	9088439	0	35033
193	55516943	5554	27	55528951	5	29059
194	11340935	1112	27	11355479	100	26889
195	50529071	5058	26	51952215	0	25666
196	9832191	961	26	13408615	1	34449
197	61615471	6180	27	65591327	5	10035
198	15015711	1479	26	32304815	64	33828
199	29148431	2878	27	42427831	0	32022
200	14882071	1493	27	14891095	100	24524
