1	20995423	2099	28	36657335	100	47592
2	71843183	7037	28	14540919	0	54219
3	54732023	5647	28	28419223	5	47396
4	23977543	2332	28	18424655	0	45013
5	73252639	6998	28	36164111	36	56588
6	61522007	6582	28	29239823	1	58301
7	23220463	2227	28	46443927	97	57225
8	69087999	6751	28	28273871	0	46451
9	81310175	8323	28	48589935	100	47221
10	54297743	5531	28	25230735	0	48415
11	23986311	2264	28	38907167	97	59762
12	51295343	5271	28	27763623	0	55438
13	24388439	2386	28	48566839	100	51741
14	69326311	6710	28	18146567	0	44157
15	80540959	8001	28	34780271	61	57752
16	82890055	8252	28	17996967	0	58385
17	61135111	6560	28	37903183	88	55733
18	14949879	1490	27	20216015	0	56461
19	58464631	5677	27	46295479	97	80766
20	75320263	7464	27	28824895	0	84159
21	58345247	6103	28	46876871	100	77143
22	19899983	1912	28	28103927	0	54333
23	54037319	5489	28	47580135	97	82067
24	24389207	2273	28	16860863	0	67763
25	73598391	7345	28	32910639	0	79143
26	79991919	8105	28	26491119	0	68926
27	53801695	5497	28	37976527	97	68227
28	20577815	1977	28	25360487	0	69010
29	70520391	6973	27	53738287	98	25033
30	73030991	7310	28	59365671	100	83759
31	58010303	5990	28	26539815	5	81132
32	23434967	2238	28	62371671	72	57491
33	66673887	6606	27	73863231	100	83511
34	54331391	5616	28	57934815	100	80675
35	24880391	2313	28	26249327	5	79561
36	72840039	7180	28	38684895	100	67636
37	62162631	6529	28	16162823	0	66305
38	21213911	2090	28	56110255	97	79978
39	51117279	5153	27	57719335	97	38340
40	20962847	2063	28	27652039	0	73776
41	50156935	5055	28	46380575	100	68425
42	24422591	2379	28	16857167	0	67477
43	70611551	6964	28	57348319	61	82471
44	56342335	5824	28	77044071	100	67826
45	17686127	1709	28	82112687	100	78475
46	44532127	4510	28	56548127	100	83712
47	23036575	2245	28	27327759	5	81464
48	41880351	4243	28	47239383	100	83120
49	24125615	2219	28	17202559	0	76926
50	73069415	7246	28	36020551	0	84559
51	78085799	7866	28	25069399	5	83415
52	58722679	6120	28	35949687	100	77028
53	25977111	2481	28	28677751	0	77584
54	70984631	7114	28	47480799	100	78279
55	53709631	5495	28	28575167	5	76637
56	19950135	1882	27	68017631	100	56303
57	39001399	4025	28	57066151	100	53020
58	21200615	1996	28	24436175	0	60860
59	38232807	3956	28	37771551	97	55685
60	14720919	1328	27	27246303	0	59528
61	33974999	3532	28	63729263	100	59743
62	20918575	1943	28	59039943	100	54822
63	37730887	3934	28	17093831	5	51752
64	20948559	1963	28	36680775	100	45269
65	38548255	3993	28	27810615	0	51019
66	20976839	1915	28	48037143	100	43050
67	37748479	3972	28	28296511	5	54606
68	14566903	1419	28	46633263	100	62760
69	35094983	3530	28	26500391	0	55557
70	16338687	1479	28	71814703	1	56856
71	42486703	4426	28	77901807	97	60809
72	17662047	1419	28	58130239	100	60126
73	43080599	4683	28	27872479	0	59063
74	14716655	1464	28	46969311	60	43727
75	32200887	3203	28	25431095	5	60661
76	17891599	1624	28	60190807	100	58361
77	41512999	4333	28	59301487	100	62226
78	15965191	1465	28	26908695	0	59525
79	35406183	3667	28	39528087	97	54920
80	13146975	1310	28	12990551	0	59653
81	30488903	3028	28	27356671	36	63029
82	18205111	1514	28	21557479	0	62685
83	42881775	4623	28	65180839	53	63556
84	17739871	1607	28	59609167	100	50948
85	42163791	4404	28	27448007	0	54783
86	19045959	1730	28	44513655	100	51935
87	40498343	4247	28	28558743	5	57094
88	17149079	1408	28	47082151	100	50883
89	44292279	4761	28	24525943	0	50231
90	16282719	1334	28	34400199	100	51898
91	44376399	4758	27	27163103	5	47672
92	20892103	1915	28	39300767	100	52995
93	37747159	3959	28	22464431	0	51205
94	16321239	1511	28	43628583	84	52523
95	35062695	3621	28	25933087	5	53459
96	18103615	1654	28	36818951	100	49780
97	41140727	4293	28	22945927	0	53884
98	18920143	1714	28	63720871	100	53869
99	40038351	4204	28	51459975	97	42785
100	15762511	1430	28	28261567	0	54404
101	35135495	3653	28	46893087	100	45601
102	21294047	1939	28	20900863	1	48375
103	37252615	3921	28	47555095	21	52877
104	16678047	1338	28	28826783	0	53919
105	44183935	4775	28	47929103	100	58030
106	20648455	1964	28	28115951	0	54034
107	36886999	3795	28	39209535	29	54608
108	15435191	1426	28	28610383	0	49301
109	35495839	3658	28	47429735	76	55182
110	16595399	1506	28	21532495	0	51889
111	35575567	3709	28	72328071	97	54669
112	20854671	1933	28	50449743	100	54923
113	37400255	3901	28	28039903	0	48503
114	15797799	1413	28	47712655	100	53715
115	35588863	3724	28	26141071	5	53278
116	14870135	1379	27	36463063	100	48636
117	34541687	3556	28	17818399	0	48432
118	17618383	1683	28	53743407	0	57373
119	36511391	3739	27	75015975	97	45617
120	16427495	1573	28	58163887	100	56891
121	35967991	3666	28	22592799	0	40766
122	15429535	1528	28	47979463	32	55808
123	36649399	3673	28	17761759	5	56970
124	18523967	1668	28	39472223	72	44935
125	38166015	4008	28	29657319	0	56695
126	19032911	1687	28	46473855	100	49829
127	38083415	4044	28	25696071	5	57521
128	19603511	1777	28	38146487	100	59484
129	36259303	3815	28	19563207	0	41080
130	18400575	1697	28	24672231	0	49402
131	38622015	4017	28	26627327	5	47644
132	16783759	1490	28	36686119	72	56573
133	40381591	4246	28	27468479	0	57714
134	18368559	1518	28	73144759	97	53788
135	38870639	4223	28	79805887	97	58400
136	13823543	1375	28	58699439	100	61348
137	32023975	3189	28	25751247	0	56753
138	17175783	1523	28	40361031	100	59881
139	40600783	4272	28	28623479	5	55770
140	18888199	1734	28	68395799	100	53240
141	37526751	3906	28	58772431	100	57804
142	13035543	1288	28	17349935	0	45879
143	29099655	2880	28	37554239	5	52100
144	19471799	1792	28	26761487	0	57945
145	36722071	3830	28	35834391	0	65231
146	16099855	1461	28	27265551	0	63086
147	41383511	4305	27	62456767	53	68162
148	14877919	1455	28	76206551	100	84346
149	34135335	3425	28	87934799	100	77619
150	13010775	1290	28	78996855	100	82464
151	28523919	2833	28	57552391	97	74149
152	19387231	1808	28	30319071	0	61433
153	36585543	3798	28	66045471	100	83127
154	18211463	1681	28	61844823	100	71585
155	38302391	3978	28	18881359	5	71558
156	18496863	1651	28	39789439	0	80430
157	38343519	4043	28	27560695	2	77003
158	15798703	1417	28	37215703	100	75498
159	41060679	4284	28	27876455	5	83178
160	16494647	1505	28	45468071	100	55047
161	40256567	4184	28	29914999	0	68901
162	18450663	1723	28	47199103	100	74023
163	37252575	3849	28	25105039	5	67678
164	16343487	1500	28	38681407	100	82795
165	40197543	4171	28	25602167	0	84750
166	18932511	1708	28	36809087	97	61678
167	36930335	3886	28	24801471	5	80520
168	15904727	1451	28	36421623	100	80727
169	40918007	4247	28	12909271	0	57199
170	17080863	1468	28	23734127	0	64676
171	39422631	4199	28	28168959	5	70934
172	17887863	1614	28	46950743	100	62059
173	37775143	3959	28	28302575	0	77004
174	18124167	1552	28	46998343	100	77872
175	39145271	4190	28	25623943	5	84998
176	17497767	1548	28	37262543	64	77389
177	46540343	4877	28	28809199	0	80398
178	19910559	1743	28	47976807	100	71698
179	47807559	5044	28	26621463	5	77536
180	19205759	1731	28	37330567	100	63452
181	46500367	4845	28	25315703	0	59880
182	14146879	1408	28	35726583	8	54154
183	34542567	3439	28	21592831	5	61471
184	19911207	1719	28	69553215	100	60198
185	47175607	5009	28	57753103	100	63049
186	16924751	1586	28	18648255	0	52880
187	44146991	4531	28	39259479	53	61875
188	18853463	1716	28	12756215	0	55394
189	45507711	4717	28	50968511	0	54438
190	19550831	1762	28	57549615	100	61296
191	48193367	5031	27	25467503	5	57418
192	18650751	1683	28	36698431	100	53511
193	45474303	4739	28	12151471	0	60453
194	24490383	1789	28	25415047	88	42725
195	48410479	5526	28	26358767	5	58451
196	21074983	1671	28	39055767	8	58431
197	48612487	5319	28	24956255	0	59517
198	16314679	1605	28	38909983	97	61047
199	41079431	4137	28	27802743	5	62643
200	19703703	1749	28	48191871	100	49860
