1	963591	93	28	86042679	5	92072
2	54034695	5421	28	94350951	0	82548
3	963087	95	28	17553535	100	69251
4	60407415	5993	28	91070791	0	72509
5	79856999	8065	28	9646735	97	84939
6	826943	81	28	84598727	0	92091
7	72607879	7242	28	85567087	100	92872
8	912535	89	28	1615447	20	92073
9	67063199	6684	28	76546615	5	55298
10	78826463	7925	28	9893903	24	54158
11	988415	96	28	77225079	0	79387
12	52943967	5311	28	87799903	100	82767
13	1088799	105	28	13768471	13	82131
14	56585607	5655	28	79246999	100	86708
15	81536303	8185	28	9902519	16	90611
16	79193031	7927	28	79985199	0	92162
17	1431855	144	28	84959503	5	76074
18	68967303	6882	28	83424551	84	44523
19	1284783	134	28	8668431	100	82435
20	68329847	6852	28	78222975	97	78281
21	1189087	125	28	11873439	97	65216
22	42002399	4146	28	85961863	100	86356
23	76642631	7746	28	21624591	20	72358
24	1432767	140	28	70999551	100	87384
25	65667495	6546	28	86239535	97	51386
26	1454751	143	28	3079855	84	85778
27	65701839	6592	28	76955095	100	81481
28	1329623	133	28	14803607	0	67506
29	75938351	7621	28	93890623	97	89513
30	1534719	153	28	8801703	100	85550
31	64778919	6461	28	95270383	0	93518
32	1185959	116	28	3624215	0	81492
33	57154167	5706	28	73341871	97	63632
34	78747671	7890	28	20524807	24	72572
35	1503479	167	28	75435399	0	69500
36	61704255	6152	28	89408303	64	85213
37	77768503	7809	28	10784031	97	73737
38	1389647	137	28	73780687	28	86779
39	63264727	6337	28	89360663	0	51445
40	78014199	7827	28	13743191	60	79742
41	80170791	8031	28	83213663	5	59930
42	1502439	148	28	81972359	48	70692
43	41658407	4161	28	85576135	88	89372
44	79305207	7948	28	8096471	88	79994
45	78549047	7876	28	84979239	97	63980
46	78520215	7878	27	92247135	76	73944
47	79093591	7936	28	85090359	100	83888
48	82385295	8278	28	83191295	64	46636
49	1899799	181	28	85465463	5	80060
50	72683791	7300	28	94181287	0	86264
51	79953567	8035	28	21535615	96	79794
52	1245063	124	28	95718343	1	85457
53	62434247	6219	28	96786199	33	85296
54	81314127	8177	28	31602127	100	67560
55	79169887	7948	28	79883151	100	89154
56	961871	95	28	83154135	100	93199
57	56221071	5618	28	91988287	53	66143
58	80274871	8049	28	23329655	100	87651
59	1430911	152	28	73577847	0	80453
60	69903567	6999	28	89983015	60	88460
61	926991	95	28	21736527	97	81836
62	42050159	4174	28	89885063	0	68583
63	75679039	7597	28	7112719	100	87421
64	77003487	7735	28	59335015	69	69462
65	1076575	105	28	81121415	97	78326
66	68266303	6819	28	77021455	28	84796
67	78562287	7875	28	2510103	100	91931
68	76491183	7679	28	75797471	0	86992
69	1250151	128	28	88676927	5	96078
70	72332255	7258	28	87641783	36	73157
71	1430623	142	28	10008567	0	83374
72	61412055	6134	28	94483287	0	75959
73	1339695	131	28	37780671	97	75161
74	72128735	7232	28	89576831	100	79012
75	78460375	7878	28	1673799	98	86765
76	1294095	125	28	82462471	0	90476
77	72883727	7308	28	90540167	5	93078
78	77369903	7752	28	18991151	12	75988
79	1003559	106	28	87851927	0	75069
80	66052471	6606	28	84783495	0	71030
81	76101391	7623	28	15239735	97	83874
82	3215719	180	28	83013327	0	87033
83	68861935	7067	28	93346527	28	82518
84	76053111	7606	27	9366735	97	69122
85	81037047	8141	28	92056511	97	72971
86	1373383	134	28	77679703	56	87678
87	74449015	7435	28	81192919	100	67787
88	1445495	142	28	5028199	88	82713
89	44249655	4407	28	78031879	5	92529
90	76203511	7630	28	5504911	88	73737
91	80686719	8093	28	70395215	0	63303
92	77532063	7782	28	78675879	0	58166
93	79868967	8007	28	83546631	97	85736
94	1332015	130	28	78854215	76	75501
95	75414535	7569	28	81150103	48	67662
96	81362143	8167	28	8324415	8	92855
97	81921087	8214	28	94097095	5	84081
98	80198511	8028	28	83712831	8	92893
99	1457199	151	28	83303231	36	75762
100	50314519	5045	28	84899015	0	71731
101	1240695	123	28	14072271	97	72565
102	71390735	7129	28	79456687	100	81881
103	1506655	148	28	21779151	100	82230
104	73011327	7288	28	87139751	0	86462
105	80367527	8070	28	21357623	53	85886
106	78430687	7852	28	74804511	20	93088
107	77473527	7772	28	88893463	100	92757
108	1106199	104	28	85792511	0	59789
109	79498775	7979	28	83746071	53	83222
110	78477359	7871	28	8949607	0	83608
111	82787719	8337	28	93212543	0	82497
112	1453951	144	28	98279887	0	82489
113	67694783	6753	28	94316239	97	82162
114	78131655	7853	28	13682879	0	93680
115	80443583	8064	28	81153607	0	92919
116	76225191	7642	28	89791463	49	88507
117	78169087	7853	28	84031023	53	79450
118	79144735	7941	28	78778695	48	53320
119	931743	91	28	82579151	8	86658
120	75855839	7608	28	84785887	48	85431
121	964927	93	28	19174711	21	68070
122	71414111	7159	28	96405815	100	90867
123	80369255	8073	28	6459663	0	92688
124	78443263	7874	28	93398831	100	92377
125	1304055	128	28	84548983	97	79108
126	73882511	7376	28	81248559	16	78849
127	77253783	7724	28	5545783	48	74728
128	78717391	7898	28	78289967	0	89314
129	1569559	149	28	80305199	53	87245
130	68405711	6865	28	83766087	100	94993
131	880999	89	28	6520679	56	92027
132	60820167	6080	28	86482127	0	89003
133	1482239	151	28	17398511	97	64717
134	62676871	6260	28	75323423	100	78092
135	77605335	7812	28	11388079	100	81177
136	79191543	7951	28	86839735	100	83005
137	81321383	8173	28	93304863	97	85221
138	81372623	8175	28	85393727	0	86722
139	78654647	7882	28	90827959	28	82423
140	80582799	8075	28	83635319	48	93670
141	1275119	151	28	85064343	41	92874
142	72611279	7246	28	88807535	100	73637
143	77322343	7739	28	20438863	100	63843
144	917207	89	28	77104063	0	68758
145	77394367	7760	28	82826215	97	72173
146	77016631	7733	28	14685879	100	92978
147	80107703	8034	28	92026815	100	93692
148	79506783	7983	28	77951023	97	49429
149	977887	94	28	83416919	69	70967
150	52841303	5266	28	82609263	100	81849
151	1353551	134	28	15182527	36	83713
152	71556551	7140	28	70326223	100	79336
153	815679	79	28	5564623	53	72342
154	73495423	7376	28	77613343	0	66594
155	81651703	8190	28	12867567	28	55761
156	81236631	8147	28	93256799	0	81798
157	80253991	8050	28	85164751	97	81704
158	78959247	7909	28	83995423	28	95191
159	1543095	159	28	82496359	72	94896
160	71781983	7164	28	83380135	0	92968
161	812399	79	28	7727455	65	91539
162	54698463	5482	28	82228431	0	61161
163	76671775	7691	28	20651911	56	70856
164	80460743	8065	28	90405991	0	66204
165	1489815	158	28	76695439	37	86746
166	73195655	7345	28	80485535	48	90952
167	1152895	111	28	17482127	100	93078
168	67659183	6764	28	95413695	0	92498
169	78770039	7910	28	14650919	93	68063
170	1242295	116	28	82220719	0	80989
171	58818959	5878	28	84325727	100	75072
172	77194199	7745	28	4735271	16	67622
173	80252575	8048	28	75864623	5	74584
174	1442575	141	28	90163111	8	88216
175	71705479	7163	28	85015167	8	73264
176	77555719	7782	28	8342951	72	78313
177	1643879	165	28	79149759	5	85086
178	72394559	7249	28	88986687	52	81449
179	1571375	163	28	13882959	100	85554
180	69695727	6995	28	89584207	1	67633
181	1192151	113	28	16376959	97	70642
182	75733455	7584	28	87381191	28	70806
183	76307199	7597	28	8464543	72	65307
184	77513727	7817	28	86390623	0	88401
185	77383863	7775	28	90849719	21	84143
186	77299239	7756	28	91796975	100	85405
187	79270799	7963	28	79474367	100	85951
188	81401543	8175	28	80434359	76	93051
189	1625175	156	28	83630415	57	95749
190	62826799	6284	28	89539247	0	94592
191	1602039	163	28	12993095	56	67002
192	42042263	4166	28	85416135	60	79514
193	80992983	8168	28	27256687	97	76700
194	732063	71	28	68071639	0	87380
195	57626735	5754	28	87137535	100	92308
196	79621711	7970	28	11502871	0	95484
197	1500327	145	28	83090951	5	86195
198	74514575	7436	28	89159647	0	61607
199	1315967	128	28	7415159	100	63104
200	68417423	6806	28	77608879	0	83092
