1	2385815	15	23	13008431	8	17292
2	24202551	2654	24	39443287	97	19589
3	2982087	9	23	13030903	8	18659
4	23982703	2699	23	41662983	100	17171
5	1529679	136	24	10429783	8	17382
6	21188447	2139	25	10682119	13	17107
7	2718903	144	24	13236447	8	18091
8	23212991	2457	23	33764095	100	17966
9	1933847	55	23	12943151	8	18417
10	23794127	2525	24	33138327	97	18238
11	919511	27	23	13193607	8	19820
12	15156007	1572	24	36780279	100	18874
13	1841335	107	24	13479503	8	16442
14	22810591	2363	24	38876743	97	19986
15	2536511	125	24	12117783	8	14123
16	22430911	2378	24	33613239	8	2197
17	1788231	94	24	10957431	8	18452
18	21037175	2192	23	21098415	5	5033
19	1980719	125	24	13487295	8	20687
20	21120039	2191	23	40204919	100	16282
21	2199495	27	25	12057031	8	16247
22	22980927	2501	23	36254223	97	15766
23	2394887	147	24	14331063	8	9495
24	21489999	2244	23	44151847	100	18605
25	2418767	38	23	13103903	8	19429
26	23488487	2562	24	39353503	97	17354
27	2381775	109	24	12870119	8	16723
28	18815463	2014	24	41724735	100	15860
29	1926583	69	24	13040743	1	14324
30	20562727	2188	23	37439727	97	14766
31	441031	42	24	13054911	8	16138
32	4654367	454	23	38389423	100	17714
33	1895143	189	23	13030127	8	14276
34	19619191	1972	24	34839719	97	14940
35	2010295	78	25	36806127	8	13646
36	18820623	2012	23	76064127	100	14057
37	18301207	1838	24	75443679	97	6074
38	1458479	76	23	101139503	100	15006
39	11200071	1193	23	78554663	100	17624
40	2395615	103	24	99514039	100	12127
41	19548519	2096	23	72162335	97	14727
42	880511	77	24	100270799	72	13945
43	14928167	1506	24	80048223	100	14251
44	413479	40	24	100634711	100	12899
45	6341295	630	23	74337039	96	13732
46	2160255	133	24	101632327	100	15300
47	16471671	1734	23	71044543	100	18264
48	2031943	57	24	100842615	100	1808
49	23664199	2522	24	76915367	97	16739
50	949351	23	23	100465447	100	15653
51	22581655	2330	24	75379847	100	28232
52	1289799	107	25	100331767	100	25239
53	17132663	1731	24	72640751	97	25879
54	2466239	22	23	101032415	100	22712
55	23174303	2550	24	74090967	100	29194
56	2093927	87	24	96959215	56	30242
57	22639751	2390	24	74299663	97	21441
58	2416207	81	23	100508223	100	24567
59	21920327	2360	23	74589927	100	29678
60	2411311	42	23	100876887	97	25927
61	21893975	2396	23	73286071	97	25727
62	729935	50	24	100664263	100	24323
63	16290143	1639	23	72430143	100	27293
64	2109567	56	24	97971855	96	19563
65	21286775	2291	25	77844831	97	27111
66	225855	21	23	100390471	100	26812
67	5132871	500	24	77509135	100	18834
68	1953039	44	24	101087223	100	22677
69	20652783	2228	25	73228207	97	12147
70	712911	62	24	97126439	76	7411
71	15434119	1557	24	80146679	100	17511
72	1371591	28	24	100280823	100	16912
73	19081463	2027	24	75558783	97	17837
74	721391	65	23	100145615	100	11158
75	14533647	1465	22	73165135	100	16748
76	2149127	29	23	98873527	56	11912
77	19474247	2144	24	72159975	97	10543
78	1338215	119	24	96182335	56	9402
79	17706119	1794	23	71500359	100	12769
80	1869031	34	23	96636295	72	10556
81	18097231	1972	23	70328367	97	10344
82	1154119	10	23	96656823	48	9265
83	17825103	1897	24	70957279	100	9476
84	2465743	73	24	96588783	56	10495
85	19946007	2179	23	72169431	97	11306
86	855223	33	24	94984607	88	12142
87	17837199	1845	23	71012543	100	10941
88	1758463	35	23	93447583	88	9387
89	17362911	1882	23	71331415	97	10004
90	1045359	33	23	81412783	96	10653
91	18331991	1914	24	84861743	60	10603
92	1871415	92	24	88820487	97	10872
93	18029047	1907	24	72368199	100	9903
94	1735455	53	22	87754663	76	9286
95	17679935	1897	24	67664303	100	11468
96	549175	46	24	62917695	48	10012
97	13549623	1366	24	70295047	97	11307
98	2340463	139	23	64762159	48	12486
99	22684951	2376	24	62457655	100	9630
100	1463551	81	24	65182015	48	10105
101	20296575	2105	23	71301063	97	9735
102	1724135	141	24	61135559	48	10973
103	21814495	2223	23	68863711	100	10857
104	524815	24	24	59642607	48	10683
105	18555855	1893	24	64395983	53	9269
106	2524527	155	24	67721535	0	1312
107	22102703	2312	24	65422519	99	10041
108	2258375	116	24	67498551	16	10663
109	21754519	2295	23	72615751	97	10276
110	2223871	109	23	65374695	48	9930
111	21113279	2235	22	72665623	100	10391
112	1481127	82	23	61658743	48	11128
113	20935575	2171	24	71650135	97	11660
114	823863	71	23	67743071	48	11353
115	12789879	1291	24	72168543	98	11609
116	3509151	119	23	68189095	48	9641
117	23888407	2627	23	70915783	97	12209
118	1809655	51	24	69093071	48	9780
119	23394735	2471	24	69314199	100	1924
120	2352567	122	24	67591415	48	12844
121	25015543	2615	24	70998951	97	8944
122	599207	58	24	62441551	48	10030
123	6826847	666	24	69610767	100	13001
124	2294583	123	24	66859279	49	1592
125	21731079	2290	24	71190647	97	2052
126	1391303	113	24	59402231	48	8628
127	18369719	1871	24	63538983	100	10218
128	1076807	91	24	67275551	48	7944
129	17631783	1787	24	69629263	100	7118
130	1545087	52	24	60423479	48	8715
131	21700871	2283	24	70758903	100	9731
132	782639	55	25	66522967	48	6080
133	15494015	1577	24	68427207	99	14052
134	1684439	91	24	59964559	48	12771
135	20368679	2124	24	70487615	96	16029
136	1221727	102	24	66152279	48	15237
137	19821975	2011	24	69771839	99	20143
138	2469383	151	24	64300935	48	16881
139	19828447	2085	24	68809223	100	14035
140	2820271	154	23	64887439	48	11590
141	23805487	2509	24	66639119	97	9685
142	2860519	143	24	63347319	48	22052
143	25163471	2663	24	65399855	100	19671
144	1997759	118	24	61870999	48	12324
145	20689799	2152	23	69443719	98	13205
146	2743327	98	24	62827767	60	681
147	23833399	2562	24	64249183	100	1573
148	2130543	109	23	62626223	48	12031
149	23210487	2429	24	68601935	97	12943
150	2261871	111	23	61877215	60	20398
151	23982607	2517	24	65290967	100	20028
152	2483407	119	24	62104215	36	22025
153	22970471	2432	24	67269655	97	19929
154	1825159	82	24	60618383	48	20433
155	22308727	2334	22	59920175	100	18681
156	2857087	192	23	34931359	29	20046
157	28692607	2965	23	46959479	99	17852
158	2648191	163	24	36540431	24	12747
159	28468039	2955	24	56023095	98	12283
160	2920535	148	24	35696311	24	12420
161	29492271	3097	24	53645383	100	11123
162	991911	98	24	35998599	24	14950
163	17442791	1735	22	55248863	99	14015
164	2581255	167	23	34681759	28	12304
165	28226895	2917	27	51854215	95	13739
166	3342103	156	24	36807591	28	15287
167	29915895	3175	23	55423039	100	18812
168	4420127	155	24	36523807	24	16794
169	33060551	3602	23	55123887	99	18056
170	2697047	144	23	36478159	16	17967
171	28104999	2939	24	54428415	99	16204
172	4144639	187	24	35619671	28	16645
173	32411599	3476	24	54131183	99	16665
174	2842735	195	24	35073607	24	18003
175	27145983	2809	23	46308959	98	16960
176	2566335	155	24	37797455	28	15955
177	29281143	3033	24	57117239	97	6000
178	2896287	171	24	36089751	24	17491
179	29654455	3086	24	56575823	100	16882
180	3258743	204	25	36553487	28	17612
181	31103983	3239	24	58194319	97	16718
182	3655863	189	24	34871983	28	14163
183	34678879	3653	24	40556111	84	18720
184	1034047	101	24	36706911	28	16578
185	15458135	1527	24	55117527	99	16210
186	3454471	165	25	35726471	28	16784
187	34578119	3650	24	51797991	98	17039
188	4204543	176	24	35309647	25	15374
189	37068639	3967	25	50949295	100	16679
190	3648975	249	25	35841919	24	15295
191	32378359	3362	24	55301775	99	19101
192	4364439	201	24	34519447	0	15469
193	36563575	3904	24	49040583	99	18438
194	2818575	152	24	35858719	24	16763
195	29409031	3077	24	53707399	100	18399
196	2231687	160	24	35239031	0	16119
197	31119007	3176	23	52956303	100	15497
198	4180967	244	25	36692087	24	15881
199	34730959	3655	23	53088679	99	13019
200	2773695	191	23	37038439	28	12301
