1	23490007	2281	27	83254695	100	47995
2	13735039	1455	27	63907159	100	58465
3	27468071	2696	26	80723559	57	59138
4	14056663	1472	27	65019439	100	57211
5	19335079	1923	27	62655047	100	48407
6	6457079	641	25	68833535	100	66162
7	34640391	3475	23	83269135	97	64316
8	11875711	1187	23	71192375	100	70692
9	29300263	2932	25	80049287	100	57123
10	8372207	824	27	68054535	100	69657
11	30503751	3054	24	85192727	97	65933
12	7367471	734	24	64553143	100	69546
13	31850127	3189	28	89817975	100	65615
14	9196519	916	27	69023695	100	45822
15	30072031	3015	27	83350535	97	55272
16	9887447	981	28	77850007	100	67706
17	26468215	2649	28	71602263	100	44020
18	15181191	1532	27	70557415	100	55643
19	24286927	2437	28	80451783	97	65725
20	14603967	1460	28	63757007	100	50100
21	26661247	2673	28	83803543	48	58155
22	8307871	827	28	64539311	97	71633
23	23874639	2379	28	81133063	65	53358
24	7743727	771	28	64938839	100	76977
25	26140743	2532	28	83972975	48	46547
26	15360159	1635	28	65221007	100	64325
27	23427919	2354	28	66822103	57	67054
28	8931303	888	28	66387479	100	31029
29	29950719	2917	28	87090423	44	68386
30	15219247	1608	28	69630519	100	44610
31	31414375	3151	27	87451863	33	64938
32	10200359	1015	28	68068943	100	63686
33	30835007	3092	28	87947183	48	54262
34	11194287	1112	28	69091887	100	73076
35	26175159	2625	28	80400583	53	73005
36	10107135	1002	28	66490623	100	31620
37	31088095	3114	28	85578839	48	41204
38	12958719	1301	27	68146631	100	55319
39	31391231	2753	27	87908727	61	56198
40	18043071	2207	28	63959759	100	67461
41	24625735	2434	28	60669143	100	56156
42	9213727	954	28	41346615	100	71175
43	27866223	2782	28	61333463	29	29864
44	6726527	677	26	40546311	100	13694
45	23257335	2326	26	56581663	36	54281
46	8241359	821	28	42341015	36	32000
47	29214127	2930	27	62778327	53	72734
48	9255807	917	28	42697599	40	70856
49	24992903	2470	27	59038247	37	65310
50	7529383	780	28	38397591	100	68785
51	17668863	1687	28	50308799	78	65160
52	12292615	1308	28	43593383	100	56555
53	15975159	1552	28	44116575	98	59811
54	8456151	883	28	40245983	97	56526
55	17659687	1748	26	42752191	100	41910
56	4819591	499	27	32565271	100	54165
57	20706343	2061	27	49984263	97	55975
58	8097927	809	27	35915839	100	66541
59	22834543	2259	25	55407055	61	74173
60	5525079	578	27	36233967	100	71476
61	22171007	2181	27	53923751	100	48798
62	7453199	782	27	38368615	98	62582
63	24017103	2405	26	53288239	12	72266
64	6692559	665	27	39631423	100	42753
65	17877519	1751	28	46398695	100	51986
66	7043727	742	28	37052407	100	75541
67	17203159	1713	28	49269911	99	56973
68	3952943	393	28	35704423	100	36498
69	19691303	1883	27	50783911	58	57007
70	3165639	403	28	31215047	100	60314
71	13008399	1298	28	39927039	98	72388
72	2400575	240	28	31318991	100	60171
73	14405503	1436	27	36642911	100	34588
74	340831	35	27	31102399	98	69993
75	22511751	2251	28	50116999	95	40260
76	7214791	717	28	39543023	99	68882
77	16359487	1596	26	42190591	98	69999
78	5539623	598	28	32639879	100	63809
79	20394999	2044	26	49850807	97	66646
80	7527439	748	27	40118359	84	27173
81	15319903	1537	27	40718247	100	61120
82	8852063	886	27	38310151	100	71913
83	20214703	2021	27	47206639	97	49798
84	5694743	569	27	36461391	100	13500
85	25412255	2416	25	54671607	36	32564
86	6469967	784	27	37038543	97	55417
87	25393399	2531	26	58006503	53	17381
88	7039391	712	28	40809119	100	60905
89	31228359	2786	28	63130367	12	39531
90	15793095	1933	28	49192775	100	60264
91	27872903	2758	26	61546775	97	67378
92	10615375	1101	28	44567447	100	59349
93	23120367	2316	27	55017415	48	64377
94	4475823	446	27	36994431	32	55589
95	26162351	2605	27	59645119	41	42249
96	10305695	1050	28	43669935	100	36354
97	27209247	2725	28	60978559	68	78419
98	8833087	881	27	42449655	100	79364
99	26541415	2357	28	60044615	57	55654
100	12588951	1570	28	43762079	100	63955
101	21499879	2148	28	32597991	100	28559
102	7606943	759	28	17149279	56	72797
103	20056263	1985	28	29671135	17	55153
104	5971663	589	28	15662311	28	74445
105	34349375	3402	27	43419671	16	60172
106	6525807	696	28	16024791	100	34915
107	37787927	3700	27	46881487	17	80711
108	13782471	1476	28	22494327	100	52489
109	41025647	3977	28	49569871	16	57677
110	15514303	1698	28	24711199	100	65783
111	34286447	3157	27	43194015	21	50814
112	11624615	1453	28	21054951	100	70610
113	43086255	4305	28	51696191	16	52771
114	12116751	1230	28	20679695	98	67931
115	17462359	1734	28	26418887	17	55388
116	5431127	536	28	14638919	0	66891
117	32609575	3196	26	41603543	0	62004
118	11845847	1262	28	21416135	97	55472
119	32653551	3087	27	42072567	5	60305
120	11832055	1378	28	21270207	100	57872
121	37043615	3514	28	45871983	12	56218
122	13180815	1527	28	22293631	100	60943
123	41353279	4065	27	50295799	17	59161
124	9564615	1042	28	18532663	100	54878
125	28791463	2885	27	38014063	16	51672
126	12429567	1238	28	21877295	16	62448
127	32913711	3299	27	42109727	17	58834
128	9387287	932	28	18749279	100	57645
129	32616519	3230	26	41779351	0	64282
130	11132375	1155	28	20275247	100	68493
131	25637231	2512	28	34992671	17	49405
132	10546255	1100	28	20077895	100	57250
133	20631279	2019	28	29950671	12	57245
134	13648095	1410	28	23404375	100	60048
135	36190071	3630	28	46021119	17	59458
136	12389079	1239	28	21926927	20	50852
137	22609703	2253	27	31524279	72	66766
138	7449559	739	26	17183407	12	69768
139	48134823	4817	26	58327247	17	63010
140	13902415	1411	28	23751255	100	64392
141	33997943	3388	27	43793575	16	59714
142	9501991	964	28	19287311	100	70826
143	28696639	2870	26	37642351	13	66459
144	8709127	869	28	17874439	20	66105
145	34027871	3411	28	43257159	12	74360
146	9114327	905	28	19438007	12	72618
147	29761679	2979	28	39588367	17	60643
148	6201567	615	28	16264671	60	54221
149	29045783	2912	26	38090711	12	72207
150	6990143	696	28	17021103	9	48739
151	21431927	2094	27	31445615	17	77772
152	11083135	1153	28	20925727	100	62809
153	21459511	2142	26	30495127	8	33620
154	6105383	609	26	15391951	12	76584
155	19924191	1991	27	28723015	13	80595
156	3723975	370	27	13616679	12	85168
157	34781959	3429	27	43682879	8	59087
158	10823199	1152	27	20457399	88	67219
159	39005895	3913	26	47891415	25	39536
160	5134903	516	27	22151431	92	56518
161	15739143	1572	27	64064047	100	60267
162	4133367	412	27	62588647	100	57713
163	21251351	2059	28	67279111	97	45842
164	10387743	1116	28	72101239	100	70309
165	17905935	1764	27	63293167	100	38449
166	8690639	897	27	66526495	100	74708
167	21039583	2105	27	65114711	97	51364
168	6846807	680	27	68422447	100	40703
169	26373431	2641	27	78297911	40	36207
170	7021839	700	27	62201087	100	69164
171	26475871	2652	27	74951015	41	63250
172	6173815	616	28	55928719	100	53370
173	21195823	2125	28	62775823	100	37403
174	6992095	696	26	70478903	100	55622
175	17311311	1712	27	62336671	97	65618
176	4210647	441	28	66993383	100	55420
177	19689327	1961	28	74302319	100	71188
178	7722431	785	28	70390663	100	44984
179	19324631	1935	28	74334679	97	71419
180	6629095	659	27	78041175	100	64627
181	23067439	2314	26	83531135	100	72708
182	6711319	671	28	64208095	97	80810
183	23004503	2296	28	73114815	97	65406
184	5845359	583	27	67789479	100	56778
185	18467727	1849	27	60462991	100	72756
186	7669191	766	26	71272487	100	62993
187	20643047	1950	26	58357991	97	69726
188	10753151	1199	28	47604879	100	61849
189	20953167	1997	27	56286863	100	71474
190	7403735	845	26	52142959	100	64132
191	14475351	1432	26	65392663	97	56374
192	4931959	503	27	64481527	100	75004
193	21179839	2108	26	68191455	100	45098
194	9989047	1009	27	71797687	100	51647
195	18200799	1819	27	71271287	97	55463
196	4629791	461	27	61603271	100	72280
197	19105215	1769	27	54407415	100	78508
198	9859591	1135	27	67668527	100	84541
199	28894847	2876	27	68858335	97	83803
200	9111999	937	28	35419871	100	60618
