1	17936063	1611	28	44933167	100	76889
2	41693463	4374	28	13941143	0	51020
3	20495927	1856	28	48240191	0	79100
4	36681543	3866	28	77604423	97	88401
5	16473479	1317	28	61064823	100	83863
6	44503519	4805	28	26707511	0	76803
7	18747079	1707	28	62907351	100	32659
8	40411991	4229	27	59383479	97	86019
9	19928935	1848	28	26346719	0	78765
10	38671151	4021	28	40949727	100	84744
11	17506647	1589	28	20940511	0	72762
12	41841887	4362	28	49647775	97	87598
13	15390831	1387	28	21347447	0	69067
14	34041135	3551	28	49096719	0	77279
15	14882295	1419	27	14297943	0	59526
16	35670327	3626	28	30331903	97	74124
17	16371319	1482	28	24007783	0	77380
18	41318639	4306	28	35885679	100	57843
19	18817447	1672	28	19995511	0	88240
20	37990479	4026	28	43827511	5	87389
21	18221455	1690	28	24070183	0	55394
22	37982591	3937	28	63429559	100	77340
23	16670791	1457	28	69544975	100	77949
24	40439639	4274	28	60257727	97	64497
25	16007383	1445	28	25587831	0	73914
26	41350743	4306	28	40261319	100	58826
27	17207831	1594	28	25005367	0	87603
28	37053351	3828	28	41697119	97	76545
29	17035951	1569	28	22096287	0	76132
30	35556103	3682	28	52413047	100	50976
31	13378079	1258	27	23963767	1	58505
32	33817159	3447	27	39376391	97	39601
33	18823199	1755	27	21139199	0	85862
34	37517711	3885	28	71321823	88	87849
35	17640991	1617	28	58696335	100	81791
36	36689231	3809	28	18567895	5	81924
37	17344423	1577	28	40543847	28	55342
38	35412679	3695	28	24023919	0	72667
39	15734623	1450	28	38586519	88	59816
40	35421119	3660	28	23501727	5	57538
41	17728503	1562	28	38776079	100	81425
42	40001439	4232	28	16380527	0	42126
43	16321623	1439	28	36805703	76	58286
44	41796871	4391	28	13068599	5	92956
45	15232711	1379	28	54307887	0	68715
46	36021135	3738	28	70064063	100	67559
47	15227647	1398	28	60199119	100	57260
48	35464671	3665	28	25903239	5	85390
49	14551663	1249	28	41364063	100	72115
50	38013839	4010	28	23007159	0	62142
51	15602583	1406	28	73043223	100	56135
52	42293607	4403	28	58582911	97	76250
53	18412863	1637	28	27516375	0	88274
54	37240215	3936	28	72711743	100	86580
55	19033871	1759	28	83970063	100	64768
56	36783055	3833	28	68191063	97	58609
57	18383215	1673	28	63837799	100	74319
58	36929399	3862	28	17168159	0	88153
59	16055167	1527	28	37563751	0	86382
60	38857431	3979	28	25699687	5	79922
61	17476415	1530	28	46309943	100	84240
62	36977191	3918	28	20581671	0	94203
63	16996287	1540	28	48858183	1	88252
64	38502559	4019	27	27023327	5	85162
65	16388671	1439	28	48253495	100	74354
66	41582967	4379	27	22618647	0	72295
67	17739335	1511	27	47015735	0	75524
68	38872543	4166	27	23538039	5	74619
69	17037871	1460	28	48245655	100	54725
70	43402607	4599	28	29565383	0	92200
71	16816295	1483	28	71918599	100	52104
72	38897023	4083	28	50981135	97	69867
73	13984623	1382	28	27445527	0	39098
74	34838751	3483	28	46274231	100	80972
75	17969095	1686	28	16890783	0	57876
76	41347863	4242	28	48635919	5	85182
77	18156471	1649	28	65396239	100	43874
78	43913599	4565	28	20412055	0	59734
79	18131831	1629	28	42775695	100	57941
80	44339815	4620	28	25379303	5	55744
81	16720647	1598	28	40071047	100	46106
82	44134431	4498	28	27427583	0	72198
83	15215415	1483	28	72057807	100	62500
84	38720231	3911	28	59349983	97	83919
85	20637423	1662	28	24495095	0	92314
86	48798351	5302	28	53980727	98	78797
87	17666135	1569	28	59956887	100	57758
88	45781735	4785	28	26792415	5	88130
89	18561399	1657	28	40045863	100	85470
90	43251311	4532	28	27262687	0	74212
91	17681975	1695	28	45961903	0	64124
92	37634263	3835	28	26760127	5	84099
93	18262215	1647	28	48939431	100	73176
94	45412271	4740	28	28050887	0	44931
95	17857175	1627	27	71889335	97	87145
96	42763775	4444	27	57943311	97	76977
97	18635343	1590	28	20556487	0	47810
98	47402575	5022	28	66648079	0	55344
99	18815615	1673	28	61212319	100	72016
100	47593151	4983	28	26257743	5	75935
101	16175135	1557	28	60524071	0	73550
102	44379935	4509	28	59608391	100	86585
103	18398783	1732	28	26956887	0	85948
104	44420423	4553	28	68539247	97	86023
105	20598479	1696	27	56751327	100	87204
106	48140327	5203	27	26419127	0	90702
107	19277887	1675	28	42767983	100	77267
108	48982327	5164	28	16405703	5	67333
109	12785855	1266	28	37445703	88	76145
110	32387527	3227	28	17656727	0	73836
111	11774335	1169	28	37955567	100	64496
112	33634895	3350	28	17051063	5	73094
113	16866159	1606	28	37834599	96	75816
114	38121231	3890	27	27135407	0	60248
115	15651335	1474	28	49163823	28	61675
116	45022543	4599	28	13385063	5	82601
117	18107031	1734	28	29347623	100	70226
118	37321631	3806	28	24250639	0	92131
119	17281095	1573	28	39747551	0	91045
120	43794975	4542	28	13471487	5	85734
121	19485671	1720	28	28584559	48	85668
122	47364439	4980	28	26922103	0	88039
123	20972247	1773	28	50200119	100	68599
124	48330791	5180	28	14400567	5	74748
125	17807431	1675	28	47468311	40	61650
126	40308319	4129	28	77882583	100	70763
127	17235687	1606	28	87521383	97	71744
128	38516863	3968	28	49418503	53	58453
129	17215415	1608	28	27825351	0	58457
130	42064975	4316	28	47064415	100	85339
131	18553335	1588	27	25337367	0	73519
132	48532279	5135	28	63491055	97	69769
133	19073623	1878	28	54306159	100	64275
134	71460559	6924	28	16950607	0	87398
135	77831511	7676	28	40581831	100	70709
136	61102199	6524	27	15796911	5	54251
137	21956743	2108	28	34664143	88	83008
138	49161119	5016	28	16953791	0	78878
139	23425807	2209	28	39021447	100	71125
140	73002903	7312	28	15878055	5	86301
141	70231087	6712	28	35599159	0	77501
142	62580351	6726	28	12182655	0	75952
143	14267103	1390	28	49738287	100	70089
144	54635167	5062	28	55134383	97	55219
145	62375479	6666	28	13477359	0	82143
146	23382655	2263	28	29151575	8	85953
147	46246711	4690	28	14108823	0	60064
148	14762951	1457	28	25636663	97	73684
149	56139111	5577	28	13789135	0	61545
150	73680231	7152	28	27162919	0	86855
151	79674055	7962	28	17915439	0	82240
152	78419935	7865	28	35794351	5	54209
153	60860967	6379	28	25196919	0	65442
154	23461255	2198	28	36176687	100	61461
155	72311679	7018	28	29208783	0	73858
156	62532215	6650	28	50312903	97	75666
157	17671975	1768	28	18973535	0	70436
158	46240103	4614	28	44507287	36	77729
159	18973863	1893	28	26431383	1	84483
160	45051903	4501	28	40749759	97	75608
161	14527751	1437	28	28054695	0	87323
162	50349087	4910	28	41339711	100	57125
163	60103079	6136	28	27030191	0	86430
164	15680239	1559	28	43488991	97	60129
165	58163231	5427	28	26402239	0	61518
166	62245623	6622	28	40042447	100	63452
167	15664095	1556	28	25243287	0	72401
168	36203391	3598	28	64703471	97	62047
169	24874327	2331	28	72955647	100	84644
170	74776351	7557	28	83070175	100	88483
171	55251607	5625	28	58895303	100	85778
172	17781623	1743	28	15687767	5	82438
173	44658311	4491	28	37762127	52	54119
174	25768463	2440	28	26509903	0	50420
175	75622159	7526	28	46855231	100	52119
176	74678823	7400	28	13266847	5	60674
177	78238087	7893	28	27824119	0	73588
178	58890343	6126	28	24245159	0	73432
179	23400567	2183	28	37715783	100	56209
180	52786375	5441	28	25687431	5	58493
181	18727487	1873	28	57868911	100	80239
182	64327495	6136	28	81193063	100	59287
183	75017575	7351	28	56740951	100	87435
184	62676759	6762	28	22982575	5	61990
185	24550639	2441	28	38564087	100	56794
186	66137135	6436	28	22565111	0	61322
187	77873591	7831	28	48471583	0	75437
188	58009567	5987	28	13180119	5	87834
189	24636975	2397	28	40158871	0	56600
190	73527495	7223	28	63091231	100	79254
191	80578455	8165	28	23391855	1	62012
192	54122239	5541	28	35309847	97	38987
193	10646415	1047	28	14180111	0	37519
194	33226223	3308	28	28823439	0	59027
195	20726439	1843	28	22435439	0	77642
196	37781215	4017	28	60328751	97	64724
197	15813191	1439	27	51918511	100	80505
198	35984295	3732	28	24212415	0	72046
199	18524911	1715	28	40961359	100	58334
200	41122519	4267	28	27620495	5	74814
