1	1670815	61	25	59733583	36	18777
2	15681655	1676	23	62654351	100	23008
3	354471	34	24	70470623	48	21436
4	7380567	735	22	62827239	97	3991
5	1475319	147	24	59420559	48	22982
6	18975887	1908	22	61889295	97	17478
7	2820495	65	26	69265095	37	18585
8	14974719	1721	21	62358183	98	9201
9	555039	48	23	69543719	48	20517
10	4998079	489	21	65379471	100	21773
11	14273319	1472	22	61456071	97	19988
12	2083207	13	24	68259223	24	16419
13	19464535	2146	22	63233271	99	18238
14	1841375	32	22	59877151	48	19705
15	20584239	2214	24	65840783	53	20643
16	2604047	119	24	69684279	48	14293
17	22541479	2399	25	63082775	100	22628
18	2322671	131	23	69241975	48	21312
19	20501863	2155	22	62036399	97	24758
20	1982591	111	22	60506479	48	21427
21	18582095	1948	23	64730511	97	3765
22	2961887	80	21	64133335	36	22282
23	19883495	2210	23	64263631	97	18102
24	1577239	77	24	65495991	48	20999
25	17204559	1792	24	60501551	100	22318
26	1504607	57	24	63164119	48	20040
27	15507055	1647	24	60323943	98	20665
28	1669839	43	23	63259071	48	20972
29	16686247	1795	24	58453143	100	23263
30	762775	31	24	61933871	36	18384
31	7278791	776	23	60603991	97	27621
32	1325991	81	25	61004399	48	18052
33	13361543	1394	23	61353319	98	20905
34	1857575	81	23	62629711	48	2950
35	14924727	1605	24	60986679	98	16291
36	617135	51	24	61793551	48	20454
37	12778927	1294	24	52687871	100	17235
38	709975	70	23	34416375	25	23688
39	10777527	1082	23	44689423	96	24476
40	2252383	42	23	35335791	28	14841
41	24173767	2615	22	47199751	97	21512
42	2728951	65	23	35289319	24	24416
43	16477863	1862	22	45503439	96	23271
44	719855	59	24	35187191	28	21330
45	10368967	1045	23	47630895	65	23390
46	642791	63	23	34548615	24	23757
47	15415327	1549	23	45628303	99	16560
48	813327	49	23	35965903	28	22724
49	10054071	1042	24	47312487	100	26758
50	740383	39	23	35636719	28	21134
51	7765519	815	24	45973599	97	34585
52	392367	38	24	35709847	28	9402
53	7125839	713	23	49330671	100	32054
54	1256927	51	24	36078103	8	16300
55	17233279	1807	24	49107479	97	35479
56	1298031	99	24	36003423	0	33613
57	16582543	1698	23	47957279	100	34710
58	1970527	107	24	35798215	28	30731
59	21531967	2255	23	49030719	97	30735
60	2498583	57	24	35589895	28	32032
61	13160191	1512	21	48205727	52	33625
62	71695	6	23	34526055	24	30322
63	2793495	271	23	40293143	97	32556
64	900407	43	22	35391143	28	34588
65	16310607	1686	21	52000575	97	22280
66	1247615	89	24	36830535	28	31107
67	13545623	1396	21	47871263	97	37500
68	20698223	2153	23	38704287	100	32389
69	1365679	39	22	34565527	29	35551
70	11691959	1270	24	47378655	100	29424
71	472711	45	24	36198055	28	31581
72	7487383	739	23	52080175	100	30219
73	949567	94	24	35976255	28	33082
74	13885423	1394	24	53089135	97	30794
75	2192071	89	24	36779967	28	34512
76	20418111	2183	23	55174111	100	27894
77	312119	30	21	36337807	0	20806
78	11366727	1140	24	53310287	97	25130
79	639911	63	23	36047935	24	25818
80	10982199	1102	24	51267823	100	26134
81	21288903	2152	21	52694263	97	23934
82	2637847	104	23	35808687	28	25621
83	20053679	2171	22	49957487	100	26223
84	2472911	173	23	35409991	24	24695
85	18005239	1881	19	48094359	97	25556
86	127583	11	26	35577255	28	24654
87	1464655	143	23	49201567	100	24860
88	1633655	92	20	34773975	28	25128
89	16046631	1684	20	39935239	98	24015
90	1384647	49	20	35297271	28	25936
91	19648295	2059	25	46130671	97	23886
92	3220439	117	25	35815543	24	21602
93	19934207	2205	23	47470103	96	26132
94	8929543	894	18	30081583	99	26439
95	1070631	44	20	10893383	8	25249
96	5437183	609	19	20126223	61	25174
97	1334343	92	18	12276615	8	24503
98	9010359	945	19	33596607	100	25080
99	1505695	55	20	12909983	1	25647
100	11754215	1269	19	25471503	99	24769
101	7730999	773	20	19741527	100	25996
102	1593239	47	22	10977063	8	24580
103	9497295	1065	21	24953247	31	22006
104	1120319	61	24	10941863	8	21229
105	8829647	937	19	18932599	99	20620
106	1405807	78	19	10820511	8	18952
107	11076255	1174	20	16739567	100	20364
108	101807	8	19	10600975	0	19455
109	1612631	156	23	16435799	71	21628
110	993695	65	19	11407719	8	23239
111	6823431	719	20	26396887	100	22506
112	1314135	63	20	11328919	8	23803
113	9299831	1001	19	25613327	100	27966
114	911463	47	26	12018503	0	24382
115	7344567	781	21	30741879	100	25085
116	1138791	61	24	12667711	8	24363
117	8473695	903	19	22231975	99	20010
118	823479	19	23	10294975	8	22662
119	6336119	700	23	12502799	5	23171
120	1127367	61	20	11101207	8	25242
121	8238407	880	20	25315663	97	24280
122	1202023	79	22	11329863	0	22353
123	5987535	643	20	22682015	13	24070
124	625695	25	21	10838279	8	23321
125	5010663	541	24	30022423	99	20506
126	676087	19	22	11594159	8	18459
127	4301655	481	24	20756719	99	6472
128	602639	15	21	10652903	8	21673
129	4667855	514	21	16939711	8	22699
130	1134063	60	20	11108847	9	21652
131	6878919	745	22	23142319	5	23591
132	526815	16	26	12249647	0	24234
133	5350375	574	22	29396351	100	24529
134	2252695	72	23	10520855	8	23010
135	7956823	952	23	20550647	13	23960
136	3294807	321	22	20241903	67	23542
137	71471	5	23	10410367	8	23185
138	1849903	180	21	30779327	98	25577
139	268383	24	21	12727455	8	25573
140	2200335	216	23	29015271	92	25362
141	172591	16	19	12551071	8	23954
142	5430175	539	24	26937015	93	28229
143	1304911	73	19	10357999	8	24822
144	10315655	1093	24	11231511	8	25529
145	1535631	55	21	11799415	0	25285
146	14200847	1522	23	25063239	99	23474
147	963663	89	22	11533479	8	25393
148	14723567	1484	22	28577823	100	27910
149	152735	14	22	13249447	8	22589
150	3662815	363	18	28916255	97	24293
151	2167871	24	20	16843431	0	26405
152	19119583	2115	22	60706327	100	24830
153	2743695	19	22	89239175	100	22619
154	19389375	2203	25	60972463	98	27313
155	19170407	1926	23	50244807	100	24183
156	1720919	4	22	89218751	100	26389
157	13289455	1503	22	52566391	97	24929
158	214039	20	20	93319831	56	24744
159	3954191	385	24	57616439	100	22709
160	1984895	50	24	80940167	73	22491
161	19382695	2097	21	50916511	97	12104
162	886247	48	20	83459167	100	728
163	17814359	1830	20	47112703	100	32214
164	1052831	19	23	90241103	100	30410
165	17999415	1895	21	53006727	97	28028
166	574327	56	23	80518615	100	22654
167	9840591	985	23	82404215	48	25872
168	768503	30	22	90814447	100	27246
169	18443831	1900	21	42409063	97	7034
170	1312823	30	22	86586807	100	32908
171	17805151	1891	23	51603815	100	29474
172	592887	58	20	86204951	72	31664
173	9572575	958	22	43729927	97	35200
174	1136103	25	21	85890663	64	32940
175	20317551	2130	23	50077879	100	32210
176	1108103	110	23	81305919	100	28916
177	18655983	1875	24	44316199	97	34365
178	660703	65	22	83771671	100	17272
179	17470623	1756	21	43318535	98	33379
180	1710319	29	20	84341543	100	27701
181	19754351	2123	21	39717919	97	1933
182	365911	32	22	82891135	64	35826
183	17654143	1775	24	38784487	97	27881
184	334463	32	23	80629791	60	33958
185	6605119	657	21	31026231	97	35291
186	17815431	1790	22	41519727	97	29439
187	1548055	17	20	77113983	48	31362
188	15426367	1685	19	42485207	97	28120
189	1868087	75	19	76663743	100	1202
190	16492135	1765	20	40589303	97	7224
191	1194783	107	24	80053031	97	23330
192	10584135	1068	25	50853943	97	23367
193	1139903	79	22	86565951	100	23284
194	14999007	1541	24	76182983	100	22571
195	1689359	149	23	80437543	100	25384
196	16037295	1631	22	81536431	97	23301
197	2031983	45	26	80759599	56	23332
198	14511591	1615	22	81714815	100	22967
199	180455	16	20	90369791	72	23567
200	12300087	1232	22	72903055	97	23758
