1	21253791	2296	24	79441015	97	21280
2	2100463	92	24	98419095	100	24802
3	22690455	2392	23	77278959	100	30055
4	2710447	238	24	100665711	100	32517
5	20764791	2116	23	75907799	97	16917
6	510559	49	24	100654095	88	31830
7	10278167	1016	23	74725967	100	21813
8	2367343	37	24	100289023	97	29082
9	25448999	2754	25	77498343	97	16049
10	1819335	48	24	98630919	100	30560
11	21724647	2311	24	73472047	100	34097
12	2264839	157	24	99672823	100	26634
13	21600199	2232	23	73623687	97	31995
14	1806983	68	24	100307543	100	11972
15	21912503	2309	24	76514023	100	32608
16	3259903	79	23	101403799	100	24597
17	21460647	2402	23	73576191	97	29216
18	2003327	42	23	98550695	64	32765
19	22615919	2427	23	70038655	100	23573
20	2875087	76	24	101151743	100	35052
21	21005623	2321	25	73851383	97	12737
22	2586759	155	23	101097551	100	30424
23	21280207	2239	23	73671375	100	18264
24	705311	69	24	94747975	64	22892
25	10599983	1061	23	78780671	97	24614
26	1994567	93	23	95104319	64	22820
27	16757591	1786	21	75491399	100	21087
28	1755775	22	24	90696791	64	15438
29	20082943	2168	24	78677783	97	24092
30	2428623	50	23	91059775	56	15581
31	20926239	2294	22	76539303	100	21973
32	1766239	23	24	90343887	100	22888
33	20072327	2166	24	71527895	97	23636
34	2120671	31	24	89874167	16	20999
35	19558007	2143	25	71524639	100	21834
36	3055279	51	23	88339375	72	23587
37	19990847	2261	22	70752047	97	19047
38	1840663	133	24	88913527	64	23689
39	19142135	1969	23	72168479	100	17400
40	2956471	37	23	89223503	65	24341
41	20430655	2307	23	73950543	97	16083
42	2519095	137	23	82258263	56	21976
43	22144863	2333	23	71355503	100	24035
44	2398655	75	23	70377775	0	23547
45	26047807	2774	24	71511895	97	2940
46	2420591	119	24	60059839	48	22212
47	24864143	2611	24	63603383	20	22681
48	2154511	116	23	66659407	48	25365
49	20735063	2174	23	70187399	97	24353
50	2659495	94	24	68151975	48	25027
51	25721423	2748	24	68454455	100	25014
52	2167791	71	24	60137119	48	24877
53	22666071	2412	23	62946823	97	21858
54	2162247	104	24	68884639	8	21116
55	23290191	2442	24	70110599	100	20188
56	3359055	140	24	71357639	64	18580
57	24221095	2624	24	70059935	97	17806
58	2683911	96	23	70364799	48	13443
59	25343335	2711	24	68077959	100	15468
60	2062391	100	23	67567823	48	15020
61	25130559	2621	25	70272591	97	19908
62	2538207	134	24	68463583	48	18064
63	23754751	2498	24	70564919	100	6210
64	3404151	108	23	64785463	48	16282
65	25287735	2768	25	73301927	97	20931
66	2500183	128	25	60401087	0	21206
67	25762319	2699	23	67712711	100	21209
68	2154679	83	23	67554231	36	2913
69	23537959	2489	23	74811351	97	22949
70	2094759	124	23	66525415	48	23518
71	24268359	2517	24	71324743	100	20040
72	1492367	114	24	67579951	49	21663
73	21486615	2185	23	70708567	97	17777
74	2635999	143	23	69120103	48	20061
75	23300239	2456	24	69099983	100	21424
76	2151751	99	25	71782479	48	24118
77	22521999	2372	23	67008279	97	22643
78	2697751	83	24	69193919	48	22250
79	23957311	2588	24	69919807	100	19768
80	2101695	118	24	70482847	48	20072
81	21920895	2286	24	66885367	97	19652
82	2493751	115	23	67895703	48	20675
83	23504231	2488	24	70587759	100	20241
84	2386815	78	24	60123743	36	29385
85	24407735	2605	23	67403055	53	24165
86	1021895	56	24	67592263	48	27124
87	18176887	1872	24	65896343	99	18757
88	2188527	91	24	66314599	48	22192
89	24360983	2568	24	67485535	97	24292
90	1699543	70	24	64380207	48	19381
91	20486743	2147	23	69195871	100	22698
92	1695751	51	23	64180223	48	19319
93	23683255	2489	24	69928271	97	26903
94	2091127	101	24	61851655	48	19619
95	23652615	2474	24	68181287	98	21049
96	480135	46	23	62796023	48	22342
97	5318287	522	23	69366463	97	17144
98	2514183	105	24	62392375	48	21925
99	23190591	2471	23	69545287	100	18625
100	2396119	85	24	62300871	48	21820
101	23763087	2534	24	66439711	97	18400
102	1926743	62	23	62409399	48	25646
103	22213423	2350	24	63857559	100	23324
104	3322775	152	24	36572839	25	22587
105	31539447	3339	23	59164575	97	23649
106	3271343	125	24	36785447	28	17418
107	30435991	3254	24	58157863	100	26299
108	2719303	91	23	36227519	28	4673
109	30268511	3215	24	53620495	97	21236
110	2731519	126	23	36620255	8	24278
111	30723143	3226	23	58392279	100	21625
112	1788271	178	25	36265151	8	22910
113	23609735	2360	23	55627103	97	25018
114	2327775	127	24	36128895	0	29738
115	23208471	2425	23	55979871	100	20807
116	1859015	128	25	37237479	28	30274
117	28209927	2892	23	56986455	97	28972
118	739319	73	24	36594623	24	30499
119	16197167	1624	24	58367871	100	21832
120	629911	62	25	36454647	24	10700
121	15820959	1587	24	57934383	97	26015
122	1262351	116	25	36750111	28	18785
123	21809639	2201	24	56931951	100	8687
124	2907983	134	24	37581567	28	24952
125	30848447	3252	24	58456431	97	16508
126	1102551	109	24	36774071	24	26874
127	20820687	2077	24	58945007	100	7696
128	3564903	98	24	36369255	28	26844
129	32756247	3542	24	56846615	97	34703
130	2254431	133	24	36363335	28	28242
131	25483359	2643	24	57413479	100	31415
132	24007911	2413	24	54650463	97	17197
133	1079359	107	24	36859239	28	34687
134	16625455	1670	24	56579295	100	16308
135	1842663	115	24	36321663	25	5759
136	28192823	2903	24	55808775	97	20055
137	958679	95	24	36809543	0	31776
138	19398447	1947	24	56947183	100	19114
139	2112175	211	24	36325967	28	28612
140	30529815	3069	24	55206191	97	34949
141	974383	66	24	36671047	24	1453
142	21505351	2192	24	56688831	100	19333
143	799359	79	24	36541535	24	22370
144	20748231	2084	24	57723703	97	21868
145	1568599	96	25	35252223	24	22616
146	27640079	2840	24	51554983	100	21971
147	1256327	125	24	36381495	28	24164
148	17953743	1804	24	57704775	97	17667
149	1005023	95	24	35961007	28	25226
150	19856991	1999	25	53615079	100	18867
151	672695	66	24	35910807	28	6721
152	5192071	517	24	56783823	97	14230
153	1757079	99	25	36377703	24	19188
154	28711607	2963	24	56838607	100	20537
155	22687	1	24	34782135	28	21124
156	19545023	1962	24	39225399	29	23593
157	1206631	103	24	36682735	28	24025
158	21054879	2133	24	56122015	92	20490
159	2088151	156	24	36584583	8	21850
160	27466127	2814	24	56859855	97	23356
161	885415	77	24	36095359	24	21268
162	18557151	1876	24	43176663	100	18410
163	1292367	16	24	13518383	8	21540
164	20081551	2132	26	40685535	97	22657
165	313359	30	24	13499783	0	23623
166	9124479	910	24	39540847	100	22876
167	1820279	8	24	12961887	9	23602
168	20436511	2229	24	39385951	97	21518
169	929071	92	23	12933519	8	22283
170	17982327	1805	23	39768927	100	18212
171	1774223	20	25	12009191	8	15678
172	20506759	2217	24	32888575	13	21406
173	1883599	18	23	12583271	8	13661
174	20092423	2191	24	32315599	100	16294
175	424215	41	24	12101439	8	19877
176	5910583	588	23	37947199	98	17047
177	1500975	27	23	11073959	8	16140
178	20002543	2134	23	25836575	8	20937
179	277671	3	24	10976919	8	21938
180	18201007	1853	24	25535647	13	20891
181	1926239	62	24	11632215	8	18740
182	21553055	2296	24	31566415	100	22987
183	639047	63	24	13128311	8	22997
184	17419575	1749	23	40021127	97	11722
185	1698351	20	24	11431687	8	21072
186	21717831	2333	25	30168535	100	22246
187	224567	21	24	13742559	8	22393
188	2180951	218	24	41866431	97	21762
189	1832903	101	25	12510063	8	22543
190	15179223	1601	22	34734471	100	19614
191	2799255	7	23	10380503	8	18437
192	21096487	2392	25	33762799	13	21715
193	2002119	7	24	11346671	8	7972
194	19052519	2105	25	26445951	8	22298
195	1790287	9	24	12165575	8	22087
196	20471383	2228	24	37836343	100	20625
197	999311	99	23	11322007	8	19632
198	19182087	1927	24	29099911	49	17353
199	524143	51	24	12472015	9	19725
200	5551039	552	24	40207695	61	24444
