1	84242159	8720	28	66341495	41	50086
2	68487047	6615	28	52772391	100	55666
3	86138503	8757	28	24125887	0	48854
4	59596007	6124	28	34893127	0	59390
5	19961711	1988	28	23647263	5	58824
6	63003639	5998	28	36185263	100	49237
7	86583159	8787	28	27012351	0	45011
8	79060519	7922	28	72770135	100	38982
9	58204359	6003	28	54082159	97	43666
10	26605583	2651	28	17335767	0	44262
11	71772671	7006	28	35150623	0	47647
12	78795927	7869	28	25883527	0	44427
13	59152183	6104	28	41243367	97	45071
14	26503655	2570	28	19540239	0	44575
15	47130423	4766	28	69147495	28	50210
16	25630367	2532	28	49624495	100	47309
17	59526895	5734	28	26288263	5	48798
18	73092303	7355	28	45697335	100	39328
19	77197479	7747	28	14177183	0	46979
20	87017007	8791	28	28986111	100	36322
21	83141903	8249	28	27519231	5	31139
22	71975903	7276	28	51054215	100	45339
23	64603007	6676	28	30214319	0	49228
24	26697775	2637	28	71967783	100	50742
25	49027791	4915	28	53335103	97	49052
26	26887167	2623	28	26283031	0	50530
27	65140511	6295	28	38579943	100	54096
28	80673207	7956	28	23107087	0	53386
29	84581783	8715	28	35325111	97	42824
30	76576815	7583	28	28512911	0	52903
31	81541415	8237	28	48543575	100	43023
32	66154303	6894	28	23543839	1	46505
33	27110335	2699	28	36420903	97	52513
34	70208055	6786	28	28952943	0	39947
35	85779071	8748	28	48603751	100	40342
36	64722759	6411	28	22954487	0	41000
37	87854527	8879	28	43346095	97	44965
38	57162703	5813	28	13467415	0	53124
39	25906039	2454	28	27600255	36	41252
40	69479591	6907	28	16171423	0	48734
41	75749023	7496	28	33383503	41	40952
42	82539135	8376	28	14207215	0	42999
43	78902855	7888	28	68185095	100	41964
44	65012527	6745	28	78803263	100	42154
45	26809863	2645	28	59010415	97	43006
46	42837399	4298	28	26281103	0	42533
47	20371095	2028	28	39016679	100	36040
48	68888831	6731	28	26690671	0	49403
49	62556039	6424	28	71367431	97	50518
50	26638087	2590	28	53744591	100	43907
51	59847023	5749	28	27916879	0	43640
52	82930351	8577	28	43740327	100	38324
53	73398463	7274	28	27859055	5	60630
54	76275287	7478	27	45369983	72	38306
55	77694727	7780	28	24769919	2	35125
56	78252559	7840	28	64655167	100	34250
57	83910407	8666	28	54939055	97	35175
58	80076207	7949	28	26343735	4	38694
59	73878447	7511	28	45810759	100	40364
60	69100231	6665	28	26707671	0	39115
61	89671543	9181	28	76705015	97	36159
62	54009495	5470	28	53770199	100	40275
63	16157679	1593	28	28176439	0	42875
64	34951639	3441	28	45836335	97	45455
65	26260743	2597	28	19688015	5	47405
66	67858263	6803	28	69840103	28	42351
67	68681159	6744	28	55154383	100	65663
68	73242215	7196	28	21029663	0	45511
69	82971215	8348	28	45260991	97	69421
70	66174231	6893	28	20967671	0	70708
71	16180311	1601	28	46137543	0	78922
72	60075911	5922	28	24226111	0	53587
73	73226095	7363	28	37285463	97	62332
74	79514511	7885	28	27314927	0	58569
75	58795911	5981	28	42227863	100	57900
76	18999263	1889	28	26912943	0	59911
77	58938087	5612	28	41180079	97	42951
78	83179199	8605	28	23764215	0	57826
79	80001159	7846	28	39700527	100	63474
80	76961111	7880	28	26439487	0	68015
81	71045423	6843	28	45450103	97	65998
82	64820775	6771	28	27282711	0	66215
83	26485591	2600	28	48696639	100	52368
84	62888991	6027	28	24515519	0	46361
85	79984959	8048	28	35843551	97	54486
86	79844647	8166	28	22151623	0	57583
87	77015599	7562	28	36244463	100	67824
88	82266039	8247	28	20389095	0	62863
89	75525271	7623	28	42917519	5	56986
90	88627511	8967	28	27136759	0	41575
91	80061767	8098	28	45599279	100	78219
92	78311055	7895	28	21682735	0	54476
93	75464775	7526	28	46179599	97	67358
94	57048431	5745	28	13801071	0	81489
95	27165655	2657	28	25759567	0	77723
96	69398495	6942	28	18950231	1	80188
97	74176167	7387	28	66462095	97	48550
98	62348951	6353	28	82396967	100	65024
99	20059143	1995	28	50879223	100	49183
100	59357495	5628	28	28350623	0	58162
101	65813311	6893	28	65738895	97	51349
102	19704135	1951	28	55047711	100	55647
103	62713791	6250	28	12923639	0	56168
104	57529103	5772	28	28429471	100	41137
105	18515311	1834	28	28607143	5	50596
106	47718735	4736	28	46929831	100	57364
107	26378935	2544	28	25325511	0	53394
108	69833303	7013	28	38268375	100	49349
109	68388255	6625	28	16089751	5	58575
110	65967839	6895	28	56230559	76	59782
111	27768159	2769	28	56358263	100	55328
112	48130367	4802	27	28924679	0	57058
113	28126879	2784	28	48715863	97	58966
114	77103927	7737	28	22446655	0	56578
115	51300879	5126	28	41943287	100	57031
116	20907831	2081	28	26482727	0	57126
117	72584879	7200	28	41724391	97	53303
118	68661847	6664	28	22992911	0	48739
119	85781383	8685	28	37389783	100	49723
120	67086879	6653	28	28030631	0	42399
121	77049575	7738	28	43365015	97	49583
122	88197719	9002	28	24904479	0	51062
123	72219375	7061	28	38259551	100	51619
124	77256759	7749	28	27707023	0	44979
125	86308695	8878	28	45042791	97	40814
126	57200199	5728	28	28110087	0	56738
127	26529639	2579	28	47787543	100	45450
128	62525943	6028	28	25585679	1	48371
129	85965143	8763	28	46202575	97	44524
130	59889439	6128	28	26148671	0	40145
131	27304599	2637	28	36983967	100	41408
132	61306831	5957	27	22528239	0	39247
133	81096479	8378	26	72488527	97	41325
134	62477663	6297	28	55182967	100	41876
135	15212895	1494	28	24448775	0	44334
136	46508615	4307	28	61517103	100	42931
137	77624999	7821	28	56353167	97	38161
138	78032695	7746	28	22018807	0	49693
139	80711839	8228	28	45211215	100	53395
140	83985543	8380	28	26568087	0	44714
141	75748647	7659	28	40073927	97	45260
142	77297135	7702	28	27636095	0	43907
143	82586759	8381	28	70208863	100	42491
144	62270463	6417	28	81138151	100	49483
145	22668551	2222	28	78772823	97	52338
146	58515047	5679	28	51778775	100	50205
147	74867559	7259	28	25776319	0	48285
148	83565343	8582	28	44621671	100	42133
149	77205759	7784	28	23847863	5	47529
150	87379319	8807	28	37015279	100	52084
151	79736895	8041	28	26549199	0	41676
152	59467831	6056	28	45280383	100	45901
153	26707167	2615	28	25213231	5	47352
154	47743823	4805	28	66950567	0	49463
155	19237727	1917	28	80179055	100	47422
156	61738183	6102	28	58274279	100	44584
157	58341263	5900	28	24691839	5	48846
158	26264431	2637	28	42670887	100	49318
159	70666599	6954	28	21928783	0	46026
160	73628167	7264	28	44706431	97	45923
161	76352639	7654	28	24475559	5	46311
162	71967383	7133	28	40121775	100	51917
163	76854903	7681	28	28356575	0	50776
164	85512591	8597	28	48312959	100	43631
165	88651951	9078	28	21791343	5	44014
166	66603895	6475	28	45374031	100	45654
167	62428679	6501	28	29012783	0	39993
168	27372263	2608	27	64448479	100	42102
169	63477551	6276	28	60282527	97	47772
170	84208911	8467	28	12208295	0	43084
171	84272375	8599	28	26561855	100	44524
172	68865983	6691	28	21770231	0	47819
173	83688871	8533	28	71315895	97	36154
174	71348775	6970	28	54166647	100	41818
175	79438607	7977	28	25773159	0	44885
176	76794879	7737	28	35810703	100	48197
177	77406079	7765	28	15879479	5	51418
178	80222943	8162	28	58306047	56	37346
179	61745623	6298	28	51865967	100	37265
180	27282823	2639	28	16967063	0	37904
181	73029143	7226	28	34676095	37	47305
182	82687655	8261	28	29069127	0	35666
183	75780863	7496	28	45008527	98	37976
184	75909263	7606	28	26552391	0	46708
185	75174199	7656	28	47285047	97	35574
186	82787159	8220	28	28017767	4	45013
187	72898727	7281	28	44970431	100	35940
188	77719663	7817	28	27659759	0	43467
189	82755527	8416	28	65581551	97	61256
190	77126967	7611	28	82359647	100	74244
191	73122431	7332	28	81957463	100	65034
192	77709639	7780	28	77696791	97	64135
193	84168831	8685	28	55086535	97	72088
194	74895911	7497	28	27218751	0	80056
195	69012647	6644	28	37374199	100	80008
196	83622463	8425	28	19513591	0	64919
197	65217607	6788	28	45465143	97	79079
198	21951607	2139	28	26785823	0	64778
199	68694279	6653	28	35908463	100	83181
200	86082991	8786	28	22114391	0	82277
