1	39603991	3973	27	66468967	100	53225
2	16867391	1504	28	25168959	0	58119
3	40775431	4278	28	61712287	97	53667
4	14472391	1405	28	83020863	100	52674
5	34640143	3505	28	56324415	100	47780
6	17355559	1586	28	24585199	0	53157
7	35215351	3680	28	52898751	97	53998
8	16103975	1298	28	56523607	100	53263
9	42864887	4623	28	23376751	0	53725
10	18288935	1617	28	33416319	24	54949
11	36219543	3842	28	24663039	5	47181
12	18913303	1761	28	36124079	100	52037
13	37602655	3903	28	23000327	0	52831
14	16678079	1464	28	34444167	97	45513
15	40656775	4291	28	24197007	5	44635
16	17859183	1583	28	40672807	100	52472
17	39515527	4173	28	27853263	0	47621
18	14324607	1306	28	77805855	100	58027
19	34515175	3571	28	81762135	97	56608
20	16656951	1523	28	53351999	100	56832
21	40770063	4236	27	29051607	0	57101
22	14216167	1319	27	49016679	100	57671
23	31203527	3212	27	29137519	5	57303
24	19666711	1829	27	49469495	100	57220
25	36071455	3753	26	28356031	0	57042
26	17586127	1572	27	44773071	100	57803
27	39954951	4202	28	27297943	5	56192
28	18973263	1751	28	40846279	100	46751
29	37995543	3967	28	21364519	0	51942
30	16870527	1574	28	47489127	100	57625
31	40323239	4168	28	22491447	5	53802
32	19244135	1787	28	71976455	100	61434
33	36856559	3834	28	54834391	100	58617
34	12442591	1241	28	20009175	0	59748
35	29770527	2964	28	48965855	21	60976
36	15636575	1402	28	27999439	0	58521
37	41664279	4347	28	48286679	100	57856
38	15268247	1377	28	28192535	0	47295
39	33860071	3534	28	48593119	97	56132
40	18378079	1694	28	27886159	0	60652
41	37681935	3920	28	47894871	100	59668
42	14843943	1490	28	25215855	0	46081
43	41557247	4170	27	60504167	5	59031
44	17969519	1497	28	56255199	100	58586
45	39678311	4280	28	29120247	0	59186
46	12989327	1155	28	43526687	97	47903
47	34220687	3559	28	14532263	5	45829
48	13241087	1322	28	29002471	48	77199
49	31783935	3161	28	25283383	0	62500
50	17904743	1513	27	58291703	100	85258
51	39089495	4200	27	58040575	97	69239
52	13215447	1194	28	28390271	0	80148
53	33876759	3513	28	51128663	100	76246
54	15888895	1467	28	27891607	0	83669
55	37974535	3927	28	72299167	97	83073
56	18560103	1642	28	49697127	100	80709
57	46372895	4868	28	25372367	0	69542
58	17245031	1638	28	39670767	100	63571
59	43052191	4405	28	13672271	5	77886
60	19257303	1775	28	25950943	48	76765
61	46367743	4802	26	20849703	0	78898
62	11711831	1145	28	46979343	64	81409
63	28744607	2877	28	25238455	5	82668
64	18842039	1627	28	39344375	100	84858
65	46372295	4908	28	26775399	0	83382
66	18792903	1728	28	57003767	100	83035
67	43240583	4484	28	60524775	97	83925
68	14285455	1416	28	21908271	0	78810
69	36574023	3668	27	47935671	2	70301
70	16674319	1615	28	27553119	0	54690
71	42548983	4322	27	49346855	97	71447
72	18660215	1728	28	26491743	4	78159
73	43600863	4506	27	37776767	100	83270
74	18565703	1687	28	21547911	0	84166
75	41707007	4346	28	44976911	97	65588
76	18332631	1690	28	27304439	0	71816
77	44045087	4551	28	45530783	100	70776
78	18029799	1652	28	29945343	1	78312
79	45854511	4757	27	75161591	97	84794
80	17754719	1618	28	70523631	100	84455
81	41770575	4336	27	56277055	100	80892
82	18043775	1679	28	27398455	0	83881
83	37585727	3884	28	68948759	97	85218
84	17133535	1656	28	76455351	100	67761
85	41678503	4236	28	59775407	100	75417
86	18698767	1763	28	11948071	0	68907
87	45276919	4638	28	47724535	97	68366
88	18425103	1771	27	76470727	100	63109
89	37682063	3840	28	60081311	100	60849
90	16275991	1550	28	23437631	0	57409
91	42077591	4294	28	34943383	5	60993
92	16082935	1523	28	23394095	0	60883
93	42535903	4346	28	50738911	100	56508
94	17880711	1673	28	18874575	0	63510
95	44796887	4611	28	40087391	33	41820
96	17563063	1602	28	20377223	0	59217
97	45083383	4683	28	47401975	16	58098
98	19254279	1666	28	16091663	0	63158
99	45361895	4813	28	59880055	37	56350
100	18718887	1750	28	49797191	72	63837
101	42663095	4391	28	28815015	0	57141
102	17683079	1694	27	44598447	0	63088
103	42349863	4325	28	26794271	5	61589
104	17459903	1689	28	40321487	100	64276
105	41600311	4234	28	27785847	0	49842
106	18347175	1706	27	69413919	100	56155
107	42740183	4407	28	54882799	97	59263
108	20833479	1736	28	24976575	0	52678
109	47527607	5119	28	37932783	100	60295
110	14675623	1453	28	19346511	1	63306
111	37826255	3800	28	43687975	97	46367
112	15357623	1535	28	20890431	0	54820
113	34274639	3433	27	42917999	0	57657
114	20947319	1779	28	23024143	0	60338
115	47410863	5079	28	40535343	5	59318
116	15160239	1471	28	27702799	0	62760
117	40904855	4127	28	46391983	100	62162
118	24002967	2278	28	17372847	0	44667
119	44201263	4544	28	56662687	69	52026
120	15362687	1503	28	83585231	100	52248
121	35820263	3599	28	78264583	100	45303
122	16875351	1652	28	80736215	100	52097
123	39532951	3975	28	57439991	97	51019
124	19615423	1964	28	16059607	0	52517
125	70903327	6967	28	36975175	100	53697
126	75220687	7586	28	28013615	0	56780
127	59454111	6057	27	45514455	97	45351
128	19413567	1938	28	13140791	0	53590
129	67981159	6650	28	25952311	96	52889
130	56136231	5804	28	13790943	0	53395
131	14111519	1405	28	26987519	41	47381
132	36104183	3576	28	23454143	0	52587
133	21196911	2123	28	57408007	36	50765
134	51670487	5180	28	79920287	100	49936
135	24198663	2394	28	58685055	97	47664
136	51991103	5235	28	23062543	0	53235
137	19691527	1956	28	53866415	0	51418
138	43769351	4382	28	59683839	100	51488
139	24702903	2357	28	28887559	5	51362
140	68259199	6928	28	43757783	48	55224
141	57222191	5765	28	25254127	0	46325
142	15978263	1593	28	38703279	97	45206
143	38253327	3818	27	27819767	5	54080
144	23554407	2223	28	66765039	100	54189
145	50217911	5154	28	59048239	100	48096
146	24015991	2325	28	16374911	0	53511
147	48383151	4922	27	59738951	97	49884
148	24481751	2403	28	78242311	100	57506
149	66319239	6512	28	49156599	100	57043
150	54847183	5663	27	27179335	0	51944
151	21835591	2139	28	48029879	97	56716
152	39022071	3942	28	25738391	0	45560
153	19036767	1902	28	38953863	100	56608
154	46053423	4614	27	24857759	0	57000
155	22316055	2150	28	40332503	97	57545
156	43877655	4470	28	27569871	0	57484
157	15329199	1529	27	50212175	100	49050
158	37655087	3753	28	28559599	0	43387
159	20140711	1977	28	47137199	97	48752
160	47275103	4773	27	29497679	0	57498
161	24613367	2247	28	67480999	0	58314
162	52998407	5533	27	58650751	100	62383
163	19330127	1891	28	24509015	5	45562
164	50274455	5080	28	34292223	100	49810
165	21660559	2122	28	27996023	0	58074
166	45755631	4611	28	48646063	100	46101
167	24499631	2330	28	27465407	5	44688
168	71501943	7231	28	74493935	100	56773
169	56651791	5735	27	50662967	100	53561
170	16211983	1616	28	26231767	0	59280
171	39471879	3944	28	45145199	97	45095
172	23892847	2148	28	28973647	0	55935
173	54888975	5747	27	47457215	100	59346
174	13354191	1323	28	25922271	1	59795
175	27487023	2728	28	38354439	5	62712
176	20243511	1834	27	12483671	0	40614
177	40049975	4218	27	21720495	100	60371
178	17554183	1444	28	27277615	0	81568
179	43407711	4677	27	67404079	97	43549
180	15062423	1342	27	79768831	100	84825
181	35155407	3669	28	56812735	100	72394
182	11670911	1159	28	24827079	0	54390
183	26973263	2671	28	60263591	37	71073
184	13842407	1254	27	50779303	100	84310
185	34639615	3584	28	22801759	0	66631
186	18837735	1608	27	33539487	100	67889
187	40369623	4332	27	28959983	5	81293
188	13165175	1305	28	47671975	100	76837
189	28262495	2804	27	16329223	0	64878
190	18609767	1721	28	36401711	100	71244
191	40365743	4198	27	25054351	5	69312
192	14864103	1446	28	61310943	48	84077
193	33345751	3369	28	58310983	100	81831
194	18574287	1727	28	26477599	0	76328
195	37255231	3865	28	36681807	5	64780
196	13877039	1196	28	29611079	0	83057
197	34437655	3626	28	48404935	98	81451
198	13844119	1255	27	26942295	0	66000
199	34426231	3567	28	44347535	97	45023
200	16572391	1568	28	28778279	4	53434
